debug: Tue, 06 Jun 2023 10:10:54 GMT
debug: Project: E:\cocos\cocos-awesome-tech-solutions\demo\Creator3.6.0_Raphael
debug: Targets: editor,preview
debug: Packer deriver version file lost or format incorrect: Error: ENOENT: no such file or directory, open 'E:\cocos\cocos-awesome-tech-solutions\demo\Creator3.6.0_Raphael\temp\programming\packer-driver\VERSION'
debug: Clearing out the targets...
debug: Engine path: D:\cocos-dashboard-editors\Creator\3.7.3\resources\resources\3d\engine
debug: Initializing target [Editor]
debug: Loading cache
debug: Record file loaded failed with error: Error: ENOENT: no such file or directory, open 'E:\cocos\cocos-awesome-tech-solutions\demo\Creator3.6.0_Raphael\temp\programming\packer-driver\targets\editor\main-record.json'
debug: Loading cache costs 0.31599999964237213ms.
debug: Engine features shipped in editor: base,gfx-webgl,gfx-webgl2,gfx-empty,3d,animation,skeletal-animation,2d,ui,particle,particle-2d,physics-framework,physics-2d-framework,intersection-2d,primitive,profiler,occlusion-query,geometry-renderer,debug-renderer,audio,video,xr,light-probe,terrain,webview,tween,tiled-map,spine,dragon-bones,marionette,custom-pipeline,websocket,websocket-server
debug: Our import map(foo:/bar): {
  "imports": {
    "cc": "cce:/internal/x/cc"
  }
}
debug: Initializing target [Preview]
debug: Loading cache
debug: Record file loaded failed with error: Error: ENOENT: no such file or directory, open 'E:\cocos\cocos-awesome-tech-solutions\demo\Creator3.6.0_Raphael\temp\programming\packer-driver\targets\preview\main-record.json'
debug: Loading cache costs 0.47410000022500753ms.
debug: Our import map(foo:/bar): {
  "imports": {
    "cc": "cce:/internal/x/cc"
  }
}
debug: Sync engine features: 2d,3d,animation,audio,base,dragon-bones,gfx-webgl,gfx-webgl2,intersection-2d,marionette,particle,particle-2d,physics-2d-box2d,physics-ammo,primitive,profiler,skeletal-animation,spine,terrain,tiled-map,tween,ui,video,webview
debug: Reset databases. Enumerated domains: [
  {
    "root": "db://internal/",
    "physical": "D:\\cocos-dashboard-editors\\Creator\\3.7.3\\resources\\resources\\3d\\engine\\editor\\assets"
  },
  {
    "root": "db://assets/",
    "physical": "E:\\cocos\\cocos-awesome-tech-solutions\\demo\\Creator3.6.0_Raphael\\assets"
  }
]
debug: Our import map(foo:/bar): {
  "imports": {
    "cc": "cce:/internal/x/cc",
    "db://internal/": "file:///D:/cocos-dashboard-editors/Creator/3.7.3/resources/resources/3d/engine/editor/assets/",
    "db://assets/": "file:///E:/cocos/cocos-awesome-tech-solutions/demo/Creator3.6.0_Raphael/assets/"
  }
}
debug: Our import map(foo:/bar): {
  "imports": {
    "cc": "cce:/internal/x/cc",
    "db://internal/": "file:///D:/cocos-dashboard-editors/Creator/3.7.3/resources/resources/3d/engine/editor/assets/",
    "db://assets/": "file:///E:/cocos/cocos-awesome-tech-solutions/demo/Creator3.6.0_Raphael/assets/"
  }
}
debug: Pulling asset-db.
debug: Fetch asset-db cost: 13.933999999426305ms.
debug: Build iteration starts.
Number of accumulated asset changes: 29
Feature changed: false
debug: Target(editor) build started.
debug: Inspect cce:/internal/x/cc
debug: Resolve cce:/internal/x/cc-fu/base from cce:/internal/x/cc as external dependency cce:/internal/x/cc-fu/base.
debug: Resolve cce:/internal/x/cc-fu/gfx-webgl from cce:/internal/x/cc as external dependency cce:/internal/x/cc-fu/gfx-webgl.
debug: Resolve cce:/internal/x/cc-fu/gfx-webgl2 from cce:/internal/x/cc as external dependency cce:/internal/x/cc-fu/gfx-webgl2.
debug: Resolve cce:/internal/x/cc-fu/gfx-empty from cce:/internal/x/cc as external dependency cce:/internal/x/cc-fu/gfx-empty.
debug: Resolve cce:/internal/x/cc-fu/3d from cce:/internal/x/cc as external dependency cce:/internal/x/cc-fu/3d.
debug: Resolve cce:/internal/x/cc-fu/animation from cce:/internal/x/cc as external dependency cce:/internal/x/cc-fu/animation.
debug: Resolve cce:/internal/x/cc-fu/skeletal-animation from cce:/internal/x/cc as external dependency cce:/internal/x/cc-fu/skeletal-animation.
debug: Resolve cce:/internal/x/cc-fu/2d from cce:/internal/x/cc as external dependency cce:/internal/x/cc-fu/2d.
debug: Resolve cce:/internal/x/cc-fu/sorting from cce:/internal/x/cc as external dependency cce:/internal/x/cc-fu/sorting.
debug: Resolve cce:/internal/x/cc-fu/ui from cce:/internal/x/cc as external dependency cce:/internal/x/cc-fu/ui.
debug: Resolve cce:/internal/x/cc-fu/particle from cce:/internal/x/cc as external dependency cce:/internal/x/cc-fu/particle.
debug: Resolve cce:/internal/x/cc-fu/particle-2d from cce:/internal/x/cc as external dependency cce:/internal/x/cc-fu/particle-2d.
debug: Resolve cce:/internal/x/cc-fu/physics-framework from cce:/internal/x/cc as external dependency cce:/internal/x/cc-fu/physics-framework.
debug: Resolve cce:/internal/x/cc-fu/physics-2d-framework from cce:/internal/x/cc as external dependency cce:/internal/x/cc-fu/physics-2d-framework.
debug: Resolve cce:/internal/x/cc-fu/intersection-2d from cce:/internal/x/cc as external dependency cce:/internal/x/cc-fu/intersection-2d.
debug: Resolve cce:/internal/x/cc-fu/primitive from cce:/internal/x/cc as external dependency cce:/internal/x/cc-fu/primitive.
debug: Resolve cce:/internal/x/cc-fu/profiler from cce:/internal/x/cc as external dependency cce:/internal/x/cc-fu/profiler.
debug: Resolve cce:/internal/x/cc-fu/geometry-renderer from cce:/internal/x/cc as external dependency cce:/internal/x/cc-fu/geometry-renderer.
debug: Resolve cce:/internal/x/cc-fu/audio from cce:/internal/x/cc as external dependency cce:/internal/x/cc-fu/audio.
debug: Resolve cce:/internal/x/cc-fu/video from cce:/internal/x/cc as external dependency cce:/internal/x/cc-fu/video.
debug: Resolve cce:/internal/x/cc-fu/xr from cce:/internal/x/cc as external dependency cce:/internal/x/cc-fu/xr.
debug: Resolve cce:/internal/x/cc-fu/light-probe from cce:/internal/x/cc as external dependency cce:/internal/x/cc-fu/light-probe.
debug: Resolve cce:/internal/x/cc-fu/terrain from cce:/internal/x/cc as external dependency cce:/internal/x/cc-fu/terrain.
debug: Resolve cce:/internal/x/cc-fu/webview from cce:/internal/x/cc as external dependency cce:/internal/x/cc-fu/webview.
debug: Resolve cce:/internal/x/cc-fu/tween from cce:/internal/x/cc as external dependency cce:/internal/x/cc-fu/tween.
debug: Resolve cce:/internal/x/cc-fu/tiled-map from cce:/internal/x/cc as external dependency cce:/internal/x/cc-fu/tiled-map.
debug: Resolve cce:/internal/x/cc-fu/spine from cce:/internal/x/cc as external dependency cce:/internal/x/cc-fu/spine.
debug: Resolve cce:/internal/x/cc-fu/dragon-bones from cce:/internal/x/cc as external dependency cce:/internal/x/cc-fu/dragon-bones.
debug: Resolve cce:/internal/x/cc-fu/custom-pipeline from cce:/internal/x/cc as external dependency cce:/internal/x/cc-fu/custom-pipeline.
debug: Inspect cce:/internal/x/prerequisite-imports
debug: Resolve file:///D:/cocos-dashboard-editors/Creator/3.7.3/resources/resources/3d/engine/editor/assets/tools/debug-view-runtime-control.ts from cce:/internal/x/prerequisite-imports as file:///D:/cocos-dashboard-editors/Creator/3.7.3/resources/resources/3d/engine/editor/assets/tools/debug-view-runtime-control.ts.
debug: Inspect file:///D:/cocos-dashboard-editors/Creator/3.7.3/resources/resources/3d/engine/editor/assets/tools/debug-view-runtime-control.ts
debug: Resolve cc from file:///D:/cocos-dashboard-editors/Creator/3.7.3/resources/resources/3d/engine/editor/assets/tools/debug-view-runtime-control.ts as cce:/internal/x/cc.
debug: Resolve cc from file:///D:/cocos-dashboard-editors/Creator/3.7.3/resources/resources/3d/engine/editor/assets/tools/debug-view-runtime-control.ts as cce:/internal/x/cc.
debug: Resolve cc from file:///D:/cocos-dashboard-editors/Creator/3.7.3/resources/resources/3d/engine/editor/assets/tools/debug-view-runtime-control.ts as cce:/internal/x/cc.
debug: Resolve file:///E:/cocos/cocos-awesome-tech-solutions/demo/Creator3.6.0_Raphael/assets/demo/animate-dash-line.ts from cce:/internal/x/prerequisite-imports as file:///E:/cocos/cocos-awesome-tech-solutions/demo/Creator3.6.0_Raphael/assets/demo/animate-dash-line.ts.
debug: Inspect file:///E:/cocos/cocos-awesome-tech-solutions/demo/Creator3.6.0_Raphael/assets/demo/animate-dash-line.ts
debug: Resolve cce:/internal/code-quality/cr.mjs from file:///E:/cocos/cocos-awesome-tech-solutions/demo/Creator3.6.0_Raphael/assets/demo/animate-dash-line.ts as cce:/internal/code-quality/cr.mjs.
debug: Inspect cce:/internal/code-quality/cr.mjs
debug: Resolve cc from file:///E:/cocos/cocos-awesome-tech-solutions/demo/Creator3.6.0_Raphael/assets/demo/animate-dash-line.ts as cce:/internal/x/cc.
debug: Resolve cc from file:///E:/cocos/cocos-awesome-tech-solutions/demo/Creator3.6.0_Raphael/assets/demo/animate-dash-line.ts as cce:/internal/x/cc.
debug: Resolve cc from file:///E:/cocos/cocos-awesome-tech-solutions/demo/Creator3.6.0_Raphael/assets/demo/animate-dash-line.ts as cce:/internal/x/cc.
debug: Resolve ../raphael/RPath from file:///E:/cocos/cocos-awesome-tech-solutions/demo/Creator3.6.0_Raphael/assets/demo/animate-dash-line.ts as file:///E:/cocos/cocos-awesome-tech-solutions/demo/Creator3.6.0_Raphael/assets/raphael/RPath.ts.
debug: Inspect file:///E:/cocos/cocos-awesome-tech-solutions/demo/Creator3.6.0_Raphael/assets/raphael/RPath.ts
debug: Resolve cce:/internal/code-quality/cr.mjs from file:///E:/cocos/cocos-awesome-tech-solutions/demo/Creator3.6.0_Raphael/assets/raphael/RPath.ts as cce:/internal/code-quality/cr.mjs.
debug: Resolve cc from file:///E:/cocos/cocos-awesome-tech-solutions/demo/Creator3.6.0_Raphael/assets/raphael/RPath.ts as cce:/internal/x/cc.
debug: Resolve cc from file:///E:/cocos/cocos-awesome-tech-solutions/demo/Creator3.6.0_Raphael/assets/raphael/RPath.ts as cce:/internal/x/cc.
debug: Resolve cc from file:///E:/cocos/cocos-awesome-tech-solutions/demo/Creator3.6.0_Raphael/assets/raphael/RPath.ts as cce:/internal/x/cc.
debug: Resolve ./utils/R.tesselateBezier from file:///E:/cocos/cocos-awesome-tech-solutions/demo/Creator3.6.0_Raphael/assets/raphael/RPath.ts as file:///E:/cocos/cocos-awesome-tech-solutions/demo/Creator3.6.0_Raphael/assets/raphael/utils/R.tesselateBezier.ts.
debug: Inspect file:///E:/cocos/cocos-awesome-tech-solutions/demo/Creator3.6.0_Raphael/assets/raphael/utils/R.tesselateBezier.ts
debug: Resolve cc from file:///E:/cocos/cocos-awesome-tech-solutions/demo/Creator3.6.0_Raphael/assets/raphael/utils/R.tesselateBezier.ts as cce:/internal/x/cc.
debug: Resolve ./utils/R.curve from file:///E:/cocos/cocos-awesome-tech-solutions/demo/Creator3.6.0_Raphael/assets/raphael/RPath.ts as file:///E:/cocos/cocos-awesome-tech-solutions/demo/Creator3.6.0_Raphael/assets/raphael/utils/R.curve.ts.
debug: Inspect file:///E:/cocos/cocos-awesome-tech-solutions/demo/Creator3.6.0_Raphael/assets/raphael/utils/R.curve.ts
debug: Resolve cc from file:///E:/cocos/cocos-awesome-tech-solutions/demo/Creator3.6.0_Raphael/assets/raphael/utils/R.curve.ts as cce:/internal/x/cc.
debug: Resolve ./utils/R.dash from file:///E:/cocos/cocos-awesome-tech-solutions/demo/Creator3.6.0_Raphael/assets/raphael/RPath.ts as file:///E:/cocos/cocos-awesome-tech-solutions/demo/Creator3.6.0_Raphael/assets/raphael/utils/R.dash.ts.
debug: Inspect file:///E:/cocos/cocos-awesome-tech-solutions/demo/Creator3.6.0_Raphael/assets/raphael/utils/R.dash.ts
debug: Resolve cc from file:///E:/cocos/cocos-awesome-tech-solutions/demo/Creator3.6.0_Raphael/assets/raphael/utils/R.dash.ts as cce:/internal/x/cc.
debug: Resolve cc from file:///E:/cocos/cocos-awesome-tech-solutions/demo/Creator3.6.0_Raphael/assets/raphael/utils/R.dash.ts as cce:/internal/x/cc.
debug: Resolve cc from file:///E:/cocos/cocos-awesome-tech-solutions/demo/Creator3.6.0_Raphael/assets/raphael/utils/R.dash.ts as cce:/internal/x/cc.
debug: Resolve ./GlobalUtils from file:///E:/cocos/cocos-awesome-tech-solutions/demo/Creator3.6.0_Raphael/assets/raphael/RPath.ts as file:///E:/cocos/cocos-awesome-tech-solutions/demo/Creator3.6.0_Raphael/assets/raphael/GlobalUtils.ts.
debug: Inspect file:///E:/cocos/cocos-awesome-tech-solutions/demo/Creator3.6.0_Raphael/assets/raphael/GlobalUtils.ts
debug: Resolve cc from file:///E:/cocos/cocos-awesome-tech-solutions/demo/Creator3.6.0_Raphael/assets/raphael/GlobalUtils.ts as cce:/internal/x/cc.
debug: Resolve file:///E:/cocos/cocos-awesome-tech-solutions/demo/Creator3.6.0_Raphael/assets/demo/animate.ts from cce:/internal/x/prerequisite-imports as file:///E:/cocos/cocos-awesome-tech-solutions/demo/Creator3.6.0_Raphael/assets/demo/animate.ts.
debug: Inspect file:///E:/cocos/cocos-awesome-tech-solutions/demo/Creator3.6.0_Raphael/assets/demo/animate.ts
debug: Resolve cce:/internal/code-quality/cr.mjs from file:///E:/cocos/cocos-awesome-tech-solutions/demo/Creator3.6.0_Raphael/assets/demo/animate.ts as cce:/internal/code-quality/cr.mjs.
debug: Resolve cc from file:///E:/cocos/cocos-awesome-tech-solutions/demo/Creator3.6.0_Raphael/assets/demo/animate.ts as cce:/internal/x/cc.
debug: Resolve cc from file:///E:/cocos/cocos-awesome-tech-solutions/demo/Creator3.6.0_Raphael/assets/demo/animate.ts as cce:/internal/x/cc.
debug: Resolve cc from file:///E:/cocos/cocos-awesome-tech-solutions/demo/Creator3.6.0_Raphael/assets/demo/animate.ts as cce:/internal/x/cc.
debug: Resolve ../raphael/RPath from file:///E:/cocos/cocos-awesome-tech-solutions/demo/Creator3.6.0_Raphael/assets/demo/animate.ts as file:///E:/cocos/cocos-awesome-tech-solutions/demo/Creator3.6.0_Raphael/assets/raphael/RPath.ts.
debug: Resolve file:///E:/cocos/cocos-awesome-tech-solutions/demo/Creator3.6.0_Raphael/assets/demo/nardove/jelly.ts from cce:/internal/x/prerequisite-imports as file:///E:/cocos/cocos-awesome-tech-solutions/demo/Creator3.6.0_Raphael/assets/demo/nardove/jelly.ts.
debug: Inspect file:///E:/cocos/cocos-awesome-tech-solutions/demo/Creator3.6.0_Raphael/assets/demo/nardove/jelly.ts
debug: Resolve cce:/internal/code-quality/cr.mjs from file:///E:/cocos/cocos-awesome-tech-solutions/demo/Creator3.6.0_Raphael/assets/demo/nardove/jelly.ts as cce:/internal/code-quality/cr.mjs.
debug: Resolve cc from file:///E:/cocos/cocos-awesome-tech-solutions/demo/Creator3.6.0_Raphael/assets/demo/nardove/jelly.ts as cce:/internal/x/cc.
debug: Resolve cc from file:///E:/cocos/cocos-awesome-tech-solutions/demo/Creator3.6.0_Raphael/assets/demo/nardove/jelly.ts as cce:/internal/x/cc.
debug: Resolve cc from file:///E:/cocos/cocos-awesome-tech-solutions/demo/Creator3.6.0_Raphael/assets/demo/nardove/jelly.ts as cce:/internal/x/cc.
debug: Resolve ./tentacle from file:///E:/cocos/cocos-awesome-tech-solutions/demo/Creator3.6.0_Raphael/assets/demo/nardove/jelly.ts as file:///E:/cocos/cocos-awesome-tech-solutions/demo/Creator3.6.0_Raphael/assets/demo/nardove/tentacle.ts.
debug: Inspect file:///E:/cocos/cocos-awesome-tech-solutions/demo/Creator3.6.0_Raphael/assets/demo/nardove/tentacle.ts
debug: Resolve cc from file:///E:/cocos/cocos-awesome-tech-solutions/demo/Creator3.6.0_Raphael/assets/demo/nardove/tentacle.ts as cce:/internal/x/cc.
debug: Resolve cc from file:///E:/cocos/cocos-awesome-tech-solutions/demo/Creator3.6.0_Raphael/assets/demo/nardove/tentacle.ts as cce:/internal/x/cc.
debug: Resolve cc from file:///E:/cocos/cocos-awesome-tech-solutions/demo/Creator3.6.0_Raphael/assets/demo/nardove/tentacle.ts as cce:/internal/x/cc.
debug: Resolve file:///E:/cocos/cocos-awesome-tech-solutions/demo/Creator3.6.0_Raphael/assets/demo/nardove/nardove.ts from cce:/internal/x/prerequisite-imports as file:///E:/cocos/cocos-awesome-tech-solutions/demo/Creator3.6.0_Raphael/assets/demo/nardove/nardove.ts.
debug: Inspect file:///E:/cocos/cocos-awesome-tech-solutions/demo/Creator3.6.0_Raphael/assets/demo/nardove/nardove.ts
debug: Resolve cce:/internal/code-quality/cr.mjs from file:///E:/cocos/cocos-awesome-tech-solutions/demo/Creator3.6.0_Raphael/assets/demo/nardove/nardove.ts as cce:/internal/code-quality/cr.mjs.
debug: Resolve cc from file:///E:/cocos/cocos-awesome-tech-solutions/demo/Creator3.6.0_Raphael/assets/demo/nardove/nardove.ts as cce:/internal/x/cc.
debug: Resolve cc from file:///E:/cocos/cocos-awesome-tech-solutions/demo/Creator3.6.0_Raphael/assets/demo/nardove/nardove.ts as cce:/internal/x/cc.
debug: Resolve cc from file:///E:/cocos/cocos-awesome-tech-solutions/demo/Creator3.6.0_Raphael/assets/demo/nardove/nardove.ts as cce:/internal/x/cc.
debug: Resolve ../../raphael/RGroup from file:///E:/cocos/cocos-awesome-tech-solutions/demo/Creator3.6.0_Raphael/assets/demo/nardove/nardove.ts as file:///E:/cocos/cocos-awesome-tech-solutions/demo/Creator3.6.0_Raphael/assets/raphael/RGroup.ts.
debug: Inspect file:///E:/cocos/cocos-awesome-tech-solutions/demo/Creator3.6.0_Raphael/assets/raphael/RGroup.ts
debug: Resolve cce:/internal/code-quality/cr.mjs from file:///E:/cocos/cocos-awesome-tech-solutions/demo/Creator3.6.0_Raphael/assets/raphael/RGroup.ts as cce:/internal/code-quality/cr.mjs.
debug: Resolve cc from file:///E:/cocos/cocos-awesome-tech-solutions/demo/Creator3.6.0_Raphael/assets/raphael/RGroup.ts as cce:/internal/x/cc.
debug: Resolve cc from file:///E:/cocos/cocos-awesome-tech-solutions/demo/Creator3.6.0_Raphael/assets/raphael/RGroup.ts as cce:/internal/x/cc.
debug: Resolve cc from file:///E:/cocos/cocos-awesome-tech-solutions/demo/Creator3.6.0_Raphael/assets/raphael/RGroup.ts as cce:/internal/x/cc.
debug: Resolve ./RPath from file:///E:/cocos/cocos-awesome-tech-solutions/demo/Creator3.6.0_Raphael/assets/raphael/RGroup.ts as file:///E:/cocos/cocos-awesome-tech-solutions/demo/Creator3.6.0_Raphael/assets/raphael/RPath.ts.
debug: Resolve ./jelly from file:///E:/cocos/cocos-awesome-tech-solutions/demo/Creator3.6.0_Raphael/assets/demo/nardove/nardove.ts as file:///E:/cocos/cocos-awesome-tech-solutions/demo/Creator3.6.0_Raphael/assets/demo/nardove/jelly.ts.
debug: Resolve file:///E:/cocos/cocos-awesome-tech-solutions/demo/Creator3.6.0_Raphael/assets/demo/nardove/tentacle.ts from cce:/internal/x/prerequisite-imports as file:///E:/cocos/cocos-awesome-tech-solutions/demo/Creator3.6.0_Raphael/assets/demo/nardove/tentacle.ts.
debug: Resolve file:///E:/cocos/cocos-awesome-tech-solutions/demo/Creator3.6.0_Raphael/assets/example/dash-line.ts from cce:/internal/x/prerequisite-imports as file:///E:/cocos/cocos-awesome-tech-solutions/demo/Creator3.6.0_Raphael/assets/example/dash-line.ts.
debug: Inspect file:///E:/cocos/cocos-awesome-tech-solutions/demo/Creator3.6.0_Raphael/assets/example/dash-line.ts
debug: Resolve cce:/internal/code-quality/cr.mjs from file:///E:/cocos/cocos-awesome-tech-solutions/demo/Creator3.6.0_Raphael/assets/example/dash-line.ts as cce:/internal/code-quality/cr.mjs.
debug: Resolve cc from file:///E:/cocos/cocos-awesome-tech-solutions/demo/Creator3.6.0_Raphael/assets/example/dash-line.ts as cce:/internal/x/cc.
debug: Resolve cc from file:///E:/cocos/cocos-awesome-tech-solutions/demo/Creator3.6.0_Raphael/assets/example/dash-line.ts as cce:/internal/x/cc.
debug: Resolve cc from file:///E:/cocos/cocos-awesome-tech-solutions/demo/Creator3.6.0_Raphael/assets/example/dash-line.ts as cce:/internal/x/cc.
debug: Resolve ../raphael/RPath from file:///E:/cocos/cocos-awesome-tech-solutions/demo/Creator3.6.0_Raphael/assets/example/dash-line.ts as file:///E:/cocos/cocos-awesome-tech-solutions/demo/Creator3.6.0_Raphael/assets/raphael/RPath.ts.
debug: Resolve file:///E:/cocos/cocos-awesome-tech-solutions/demo/Creator3.6.0_Raphael/assets/example/group.ts from cce:/internal/x/prerequisite-imports as file:///E:/cocos/cocos-awesome-tech-solutions/demo/Creator3.6.0_Raphael/assets/example/group.ts.
debug: Inspect file:///E:/cocos/cocos-awesome-tech-solutions/demo/Creator3.6.0_Raphael/assets/example/group.ts
debug: Resolve cce:/internal/code-quality/cr.mjs from file:///E:/cocos/cocos-awesome-tech-solutions/demo/Creator3.6.0_Raphael/assets/example/group.ts as cce:/internal/code-quality/cr.mjs.
debug: Resolve cc from file:///E:/cocos/cocos-awesome-tech-solutions/demo/Creator3.6.0_Raphael/assets/example/group.ts as cce:/internal/x/cc.
debug: Resolve cc from file:///E:/cocos/cocos-awesome-tech-solutions/demo/Creator3.6.0_Raphael/assets/example/group.ts as cce:/internal/x/cc.
debug: Resolve cc from file:///E:/cocos/cocos-awesome-tech-solutions/demo/Creator3.6.0_Raphael/assets/example/group.ts as cce:/internal/x/cc.
debug: Resolve ../raphael/RGroup from file:///E:/cocos/cocos-awesome-tech-solutions/demo/Creator3.6.0_Raphael/assets/example/group.ts as file:///E:/cocos/cocos-awesome-tech-solutions/demo/Creator3.6.0_Raphael/assets/raphael/RGroup.ts.
debug: Resolve file:///E:/cocos/cocos-awesome-tech-solutions/demo/Creator3.6.0_Raphael/assets/example/make-path/c.ts from cce:/internal/x/prerequisite-imports as file:///E:/cocos/cocos-awesome-tech-solutions/demo/Creator3.6.0_Raphael/assets/example/make-path/c.ts.
debug: Inspect file:///E:/cocos/cocos-awesome-tech-solutions/demo/Creator3.6.0_Raphael/assets/example/make-path/c.ts
debug: Resolve cce:/internal/code-quality/cr.mjs from file:///E:/cocos/cocos-awesome-tech-solutions/demo/Creator3.6.0_Raphael/assets/example/make-path/c.ts as cce:/internal/code-quality/cr.mjs.
debug: Resolve cc from file:///E:/cocos/cocos-awesome-tech-solutions/demo/Creator3.6.0_Raphael/assets/example/make-path/c.ts as cce:/internal/x/cc.
debug: Resolve cc from file:///E:/cocos/cocos-awesome-tech-solutions/demo/Creator3.6.0_Raphael/assets/example/make-path/c.ts as cce:/internal/x/cc.
debug: Resolve cc from file:///E:/cocos/cocos-awesome-tech-solutions/demo/Creator3.6.0_Raphael/assets/example/make-path/c.ts as cce:/internal/x/cc.
debug: Resolve ../../raphael/RPath from file:///E:/cocos/cocos-awesome-tech-solutions/demo/Creator3.6.0_Raphael/assets/example/make-path/c.ts as file:///E:/cocos/cocos-awesome-tech-solutions/demo/Creator3.6.0_Raphael/assets/raphael/RPath.ts.
debug: Resolve file:///E:/cocos/cocos-awesome-tech-solutions/demo/Creator3.6.0_Raphael/assets/example/make-path/circle.ts from cce:/internal/x/prerequisite-imports as file:///E:/cocos/cocos-awesome-tech-solutions/demo/Creator3.6.0_Raphael/assets/example/make-path/circle.ts.
debug: Inspect file:///E:/cocos/cocos-awesome-tech-solutions/demo/Creator3.6.0_Raphael/assets/example/make-path/circle.ts
debug: Resolve cce:/internal/code-quality/cr.mjs from file:///E:/cocos/cocos-awesome-tech-solutions/demo/Creator3.6.0_Raphael/assets/example/make-path/circle.ts as cce:/internal/code-quality/cr.mjs.
debug: Resolve cc from file:///E:/cocos/cocos-awesome-tech-solutions/demo/Creator3.6.0_Raphael/assets/example/make-path/circle.ts as cce:/internal/x/cc.
debug: Resolve cc from file:///E:/cocos/cocos-awesome-tech-solutions/demo/Creator3.6.0_Raphael/assets/example/make-path/circle.ts as cce:/internal/x/cc.
debug: Resolve cc from file:///E:/cocos/cocos-awesome-tech-solutions/demo/Creator3.6.0_Raphael/assets/example/make-path/circle.ts as cce:/internal/x/cc.
debug: Resolve ../../raphael/RPath from file:///E:/cocos/cocos-awesome-tech-solutions/demo/Creator3.6.0_Raphael/assets/example/make-path/circle.ts as file:///E:/cocos/cocos-awesome-tech-solutions/demo/Creator3.6.0_Raphael/assets/raphael/RPath.ts.
debug: Resolve file:///E:/cocos/cocos-awesome-tech-solutions/demo/Creator3.6.0_Raphael/assets/example/make-path/ellipse.ts from cce:/internal/x/prerequisite-imports as file:///E:/cocos/cocos-awesome-tech-solutions/demo/Creator3.6.0_Raphael/assets/example/make-path/ellipse.ts.
debug: Inspect file:///E:/cocos/cocos-awesome-tech-solutions/demo/Creator3.6.0_Raphael/assets/example/make-path/ellipse.ts
debug: Resolve cce:/internal/code-quality/cr.mjs from file:///E:/cocos/cocos-awesome-tech-solutions/demo/Creator3.6.0_Raphael/assets/example/make-path/ellipse.ts as cce:/internal/code-quality/cr.mjs.
debug: Resolve cc from file:///E:/cocos/cocos-awesome-tech-solutions/demo/Creator3.6.0_Raphael/assets/example/make-path/ellipse.ts as cce:/internal/x/cc.
debug: Resolve cc from file:///E:/cocos/cocos-awesome-tech-solutions/demo/Creator3.6.0_Raphael/assets/example/make-path/ellipse.ts as cce:/internal/x/cc.
debug: Resolve cc from file:///E:/cocos/cocos-awesome-tech-solutions/demo/Creator3.6.0_Raphael/assets/example/make-path/ellipse.ts as cce:/internal/x/cc.
debug: Resolve ../../raphael/RPath from file:///E:/cocos/cocos-awesome-tech-solutions/demo/Creator3.6.0_Raphael/assets/example/make-path/ellipse.ts as file:///E:/cocos/cocos-awesome-tech-solutions/demo/Creator3.6.0_Raphael/assets/raphael/RPath.ts.
debug: Resolve file:///E:/cocos/cocos-awesome-tech-solutions/demo/Creator3.6.0_Raphael/assets/example/make-path/l.ts from cce:/internal/x/prerequisite-imports as file:///E:/cocos/cocos-awesome-tech-solutions/demo/Creator3.6.0_Raphael/assets/example/make-path/l.ts.
debug: Inspect file:///E:/cocos/cocos-awesome-tech-solutions/demo/Creator3.6.0_Raphael/assets/example/make-path/l.ts
debug: Resolve cce:/internal/code-quality/cr.mjs from file:///E:/cocos/cocos-awesome-tech-solutions/demo/Creator3.6.0_Raphael/assets/example/make-path/l.ts as cce:/internal/code-quality/cr.mjs.
debug: Resolve cc from file:///E:/cocos/cocos-awesome-tech-solutions/demo/Creator3.6.0_Raphael/assets/example/make-path/l.ts as cce:/internal/x/cc.
debug: Resolve cc from file:///E:/cocos/cocos-awesome-tech-solutions/demo/Creator3.6.0_Raphael/assets/example/make-path/l.ts as cce:/internal/x/cc.
debug: Resolve cc from file:///E:/cocos/cocos-awesome-tech-solutions/demo/Creator3.6.0_Raphael/assets/example/make-path/l.ts as cce:/internal/x/cc.
debug: Resolve ../../raphael/RPath from file:///E:/cocos/cocos-awesome-tech-solutions/demo/Creator3.6.0_Raphael/assets/example/make-path/l.ts as file:///E:/cocos/cocos-awesome-tech-solutions/demo/Creator3.6.0_Raphael/assets/raphael/RPath.ts.
debug: Resolve file:///E:/cocos/cocos-awesome-tech-solutions/demo/Creator3.6.0_Raphael/assets/example/make-path/q.ts from cce:/internal/x/prerequisite-imports as file:///E:/cocos/cocos-awesome-tech-solutions/demo/Creator3.6.0_Raphael/assets/example/make-path/q.ts.
debug: Inspect file:///E:/cocos/cocos-awesome-tech-solutions/demo/Creator3.6.0_Raphael/assets/example/make-path/q.ts
debug: Resolve cce:/internal/code-quality/cr.mjs from file:///E:/cocos/cocos-awesome-tech-solutions/demo/Creator3.6.0_Raphael/assets/example/make-path/q.ts as cce:/internal/code-quality/cr.mjs.
debug: Resolve cc from file:///E:/cocos/cocos-awesome-tech-solutions/demo/Creator3.6.0_Raphael/assets/example/make-path/q.ts as cce:/internal/x/cc.
debug: Resolve cc from file:///E:/cocos/cocos-awesome-tech-solutions/demo/Creator3.6.0_Raphael/assets/example/make-path/q.ts as cce:/internal/x/cc.
debug: Resolve cc from file:///E:/cocos/cocos-awesome-tech-solutions/demo/Creator3.6.0_Raphael/assets/example/make-path/q.ts as cce:/internal/x/cc.
debug: Resolve ../../raphael/RPath from file:///E:/cocos/cocos-awesome-tech-solutions/demo/Creator3.6.0_Raphael/assets/example/make-path/q.ts as file:///E:/cocos/cocos-awesome-tech-solutions/demo/Creator3.6.0_Raphael/assets/raphael/RPath.ts.
debug: Resolve file:///E:/cocos/cocos-awesome-tech-solutions/demo/Creator3.6.0_Raphael/assets/example/make-path/rect.ts from cce:/internal/x/prerequisite-imports as file:///E:/cocos/cocos-awesome-tech-solutions/demo/Creator3.6.0_Raphael/assets/example/make-path/rect.ts.
debug: Inspect file:///E:/cocos/cocos-awesome-tech-solutions/demo/Creator3.6.0_Raphael/assets/example/make-path/rect.ts
debug: Resolve cce:/internal/code-quality/cr.mjs from file:///E:/cocos/cocos-awesome-tech-solutions/demo/Creator3.6.0_Raphael/assets/example/make-path/rect.ts as cce:/internal/code-quality/cr.mjs.
debug: Resolve cc from file:///E:/cocos/cocos-awesome-tech-solutions/demo/Creator3.6.0_Raphael/assets/example/make-path/rect.ts as cce:/internal/x/cc.
debug: Resolve cc from file:///E:/cocos/cocos-awesome-tech-solutions/demo/Creator3.6.0_Raphael/assets/example/make-path/rect.ts as cce:/internal/x/cc.
debug: Resolve cc from file:///E:/cocos/cocos-awesome-tech-solutions/demo/Creator3.6.0_Raphael/assets/example/make-path/rect.ts as cce:/internal/x/cc.
debug: Resolve ../../raphael/RPath from file:///E:/cocos/cocos-awesome-tech-solutions/demo/Creator3.6.0_Raphael/assets/example/make-path/rect.ts as file:///E:/cocos/cocos-awesome-tech-solutions/demo/Creator3.6.0_Raphael/assets/raphael/RPath.ts.
debug: Resolve file:///E:/cocos/cocos-awesome-tech-solutions/demo/Creator3.6.0_Raphael/assets/example/simplify.ts from cce:/internal/x/prerequisite-imports as file:///E:/cocos/cocos-awesome-tech-solutions/demo/Creator3.6.0_Raphael/assets/example/simplify.ts.
debug: Inspect file:///E:/cocos/cocos-awesome-tech-solutions/demo/Creator3.6.0_Raphael/assets/example/simplify.ts
debug: Resolve cce:/internal/code-quality/cr.mjs from file:///E:/cocos/cocos-awesome-tech-solutions/demo/Creator3.6.0_Raphael/assets/example/simplify.ts as cce:/internal/code-quality/cr.mjs.
debug: Resolve cc from file:///E:/cocos/cocos-awesome-tech-solutions/demo/Creator3.6.0_Raphael/assets/example/simplify.ts as cce:/internal/x/cc.
debug: Resolve cc from file:///E:/cocos/cocos-awesome-tech-solutions/demo/Creator3.6.0_Raphael/assets/example/simplify.ts as cce:/internal/x/cc.
debug: Resolve cc from file:///E:/cocos/cocos-awesome-tech-solutions/demo/Creator3.6.0_Raphael/assets/example/simplify.ts as cce:/internal/x/cc.
debug: Resolve ../raphael/RPath from file:///E:/cocos/cocos-awesome-tech-solutions/demo/Creator3.6.0_Raphael/assets/example/simplify.ts as file:///E:/cocos/cocos-awesome-tech-solutions/demo/Creator3.6.0_Raphael/assets/raphael/RPath.ts.
debug: Resolve file:///E:/cocos/cocos-awesome-tech-solutions/demo/Creator3.6.0_Raphael/assets/example/smooth.ts from cce:/internal/x/prerequisite-imports as file:///E:/cocos/cocos-awesome-tech-solutions/demo/Creator3.6.0_Raphael/assets/example/smooth.ts.
debug: Inspect file:///E:/cocos/cocos-awesome-tech-solutions/demo/Creator3.6.0_Raphael/assets/example/smooth.ts
debug: Resolve cce:/internal/code-quality/cr.mjs from file:///E:/cocos/cocos-awesome-tech-solutions/demo/Creator3.6.0_Raphael/assets/example/smooth.ts as cce:/internal/code-quality/cr.mjs.
debug: Resolve cc from file:///E:/cocos/cocos-awesome-tech-solutions/demo/Creator3.6.0_Raphael/assets/example/smooth.ts as cce:/internal/x/cc.
debug: Resolve cc from file:///E:/cocos/cocos-awesome-tech-solutions/demo/Creator3.6.0_Raphael/assets/example/smooth.ts as cce:/internal/x/cc.
debug: Resolve cc from file:///E:/cocos/cocos-awesome-tech-solutions/demo/Creator3.6.0_Raphael/assets/example/smooth.ts as cce:/internal/x/cc.
debug: Resolve ../raphael/RPath from file:///E:/cocos/cocos-awesome-tech-solutions/demo/Creator3.6.0_Raphael/assets/example/smooth.ts as file:///E:/cocos/cocos-awesome-tech-solutions/demo/Creator3.6.0_Raphael/assets/raphael/RPath.ts.
debug: Resolve file:///E:/cocos/cocos-awesome-tech-solutions/demo/Creator3.6.0_Raphael/assets/example/svg.ts from cce:/internal/x/prerequisite-imports as file:///E:/cocos/cocos-awesome-tech-solutions/demo/Creator3.6.0_Raphael/assets/example/svg.ts.
debug: Inspect file:///E:/cocos/cocos-awesome-tech-solutions/demo/Creator3.6.0_Raphael/assets/example/svg.ts
debug: Resolve cce:/internal/code-quality/cr.mjs from file:///E:/cocos/cocos-awesome-tech-solutions/demo/Creator3.6.0_Raphael/assets/example/svg.ts as cce:/internal/code-quality/cr.mjs.
debug: Resolve cc from file:///E:/cocos/cocos-awesome-tech-solutions/demo/Creator3.6.0_Raphael/assets/example/svg.ts as cce:/internal/x/cc.
debug: Resolve cc from file:///E:/cocos/cocos-awesome-tech-solutions/demo/Creator3.6.0_Raphael/assets/example/svg.ts as cce:/internal/x/cc.
debug: Resolve cc from file:///E:/cocos/cocos-awesome-tech-solutions/demo/Creator3.6.0_Raphael/assets/example/svg.ts as cce:/internal/x/cc.
debug: Resolve ../raphael/RGroup from file:///E:/cocos/cocos-awesome-tech-solutions/demo/Creator3.6.0_Raphael/assets/example/svg.ts as file:///E:/cocos/cocos-awesome-tech-solutions/demo/Creator3.6.0_Raphael/assets/raphael/RGroup.ts.
debug: Resolve file:///E:/cocos/cocos-awesome-tech-solutions/demo/Creator3.6.0_Raphael/assets/raphael/GlobalUtils.ts from cce:/internal/x/prerequisite-imports as file:///E:/cocos/cocos-awesome-tech-solutions/demo/Creator3.6.0_Raphael/assets/raphael/GlobalUtils.ts.
debug: Resolve file:///E:/cocos/cocos-awesome-tech-solutions/demo/Creator3.6.0_Raphael/assets/raphael/RGroup.ts from cce:/internal/x/prerequisite-imports as file:///E:/cocos/cocos-awesome-tech-solutions/demo/Creator3.6.0_Raphael/assets/raphael/RGroup.ts.
debug: Resolve file:///E:/cocos/cocos-awesome-tech-solutions/demo/Creator3.6.0_Raphael/assets/raphael/RPath.ts from cce:/internal/x/prerequisite-imports as file:///E:/cocos/cocos-awesome-tech-solutions/demo/Creator3.6.0_Raphael/assets/raphael/RPath.ts.
debug: Resolve file:///E:/cocos/cocos-awesome-tech-solutions/demo/Creator3.6.0_Raphael/assets/raphael/utils/R.curve.ts from cce:/internal/x/prerequisite-imports as file:///E:/cocos/cocos-awesome-tech-solutions/demo/Creator3.6.0_Raphael/assets/raphael/utils/R.curve.ts.
debug: Resolve file:///E:/cocos/cocos-awesome-tech-solutions/demo/Creator3.6.0_Raphael/assets/raphael/utils/R.dash.ts from cce:/internal/x/prerequisite-imports as file:///E:/cocos/cocos-awesome-tech-solutions/demo/Creator3.6.0_Raphael/assets/raphael/utils/R.dash.ts.
debug: Resolve file:///E:/cocos/cocos-awesome-tech-solutions/demo/Creator3.6.0_Raphael/assets/raphael/utils/R.find.ts from cce:/internal/x/prerequisite-imports as file:///E:/cocos/cocos-awesome-tech-solutions/demo/Creator3.6.0_Raphael/assets/raphael/utils/R.find.ts.
debug: Inspect file:///E:/cocos/cocos-awesome-tech-solutions/demo/Creator3.6.0_Raphael/assets/raphael/utils/R.find.ts
debug: Resolve cc from file:///E:/cocos/cocos-awesome-tech-solutions/demo/Creator3.6.0_Raphael/assets/raphael/utils/R.find.ts as cce:/internal/x/cc.
debug: Resolve file:///E:/cocos/cocos-awesome-tech-solutions/demo/Creator3.6.0_Raphael/assets/raphael/utils/R.length.ts from cce:/internal/x/prerequisite-imports as file:///E:/cocos/cocos-awesome-tech-solutions/demo/Creator3.6.0_Raphael/assets/raphael/utils/R.length.ts.
debug: Inspect file:///E:/cocos/cocos-awesome-tech-solutions/demo/Creator3.6.0_Raphael/assets/raphael/utils/R.length.ts
debug: Resolve cc from file:///E:/cocos/cocos-awesome-tech-solutions/demo/Creator3.6.0_Raphael/assets/raphael/utils/R.length.ts as cce:/internal/x/cc.
debug: Resolve file:///E:/cocos/cocos-awesome-tech-solutions/demo/Creator3.6.0_Raphael/assets/raphael/utils/R.tesselateBezier.ts from cce:/internal/x/prerequisite-imports as file:///E:/cocos/cocos-awesome-tech-solutions/demo/Creator3.6.0_Raphael/assets/raphael/utils/R.tesselateBezier.ts.
debug: Resolve file:///E:/cocos/cocos-awesome-tech-solutions/demo/Creator3.6.0_Raphael/assets/raphael/utils/R.utils.ts from cce:/internal/x/prerequisite-imports as file:///E:/cocos/cocos-awesome-tech-solutions/demo/Creator3.6.0_Raphael/assets/raphael/utils/R.utils.ts.
debug: Inspect file:///E:/cocos/cocos-awesome-tech-solutions/demo/Creator3.6.0_Raphael/assets/raphael/utils/R.utils.ts
debug: Resolve cce:/internal/code-quality/cr.mjs from file:///E:/cocos/cocos-awesome-tech-solutions/demo/Creator3.6.0_Raphael/assets/raphael/utils/R.utils.ts as cce:/internal/code-quality/cr.mjs.
debug: Resolve cc from file:///E:/cocos/cocos-awesome-tech-solutions/demo/Creator3.6.0_Raphael/assets/raphael/utils/R.utils.ts as cce:/internal/x/cc.
debug: Resolve file:///E:/cocos/cocos-awesome-tech-solutions/demo/Creator3.6.0_Raphael/assets/start-scene/scripts/Global/ListItem.ts from cce:/internal/x/prerequisite-imports as file:///E:/cocos/cocos-awesome-tech-solutions/demo/Creator3.6.0_Raphael/assets/start-scene/scripts/Global/ListItem.ts.
debug: Inspect file:///E:/cocos/cocos-awesome-tech-solutions/demo/Creator3.6.0_Raphael/assets/start-scene/scripts/Global/ListItem.ts
debug: Resolve cc from file:///E:/cocos/cocos-awesome-tech-solutions/demo/Creator3.6.0_Raphael/assets/start-scene/scripts/Global/ListItem.ts as cce:/internal/x/cc.
debug: Resolve cc from file:///E:/cocos/cocos-awesome-tech-solutions/demo/Creator3.6.0_Raphael/assets/start-scene/scripts/Global/ListItem.ts as cce:/internal/x/cc.
debug: Resolve cc from file:///E:/cocos/cocos-awesome-tech-solutions/demo/Creator3.6.0_Raphael/assets/start-scene/scripts/Global/ListItem.ts as cce:/internal/x/cc.
debug: Resolve file:///E:/cocos/cocos-awesome-tech-solutions/demo/Creator3.6.0_Raphael/assets/start-scene/scripts/Global/Menu.ts from cce:/internal/x/prerequisite-imports as file:///E:/cocos/cocos-awesome-tech-solutions/demo/Creator3.6.0_Raphael/assets/start-scene/scripts/Global/Menu.ts.
debug: Inspect file:///E:/cocos/cocos-awesome-tech-solutions/demo/Creator3.6.0_Raphael/assets/start-scene/scripts/Global/Menu.ts
debug: Resolve cce:/internal/code-quality/cr.mjs from file:///E:/cocos/cocos-awesome-tech-solutions/demo/Creator3.6.0_Raphael/assets/start-scene/scripts/Global/Menu.ts as cce:/internal/code-quality/cr.mjs.
debug: Resolve cc from file:///E:/cocos/cocos-awesome-tech-solutions/demo/Creator3.6.0_Raphael/assets/start-scene/scripts/Global/Menu.ts as cce:/internal/x/cc.
debug: Resolve cc from file:///E:/cocos/cocos-awesome-tech-solutions/demo/Creator3.6.0_Raphael/assets/start-scene/scripts/Global/Menu.ts as cce:/internal/x/cc.
debug: Resolve cc from file:///E:/cocos/cocos-awesome-tech-solutions/demo/Creator3.6.0_Raphael/assets/start-scene/scripts/Global/Menu.ts as cce:/internal/x/cc.
debug: Resolve ./SceneList from file:///E:/cocos/cocos-awesome-tech-solutions/demo/Creator3.6.0_Raphael/assets/start-scene/scripts/Global/Menu.ts as file:///E:/cocos/cocos-awesome-tech-solutions/demo/Creator3.6.0_Raphael/assets/start-scene/scripts/Global/SceneList.ts.
debug: Inspect file:///E:/cocos/cocos-awesome-tech-solutions/demo/Creator3.6.0_Raphael/assets/start-scene/scripts/Global/SceneList.ts
debug: Resolve cce:/internal/code-quality/cr.mjs from file:///E:/cocos/cocos-awesome-tech-solutions/demo/Creator3.6.0_Raphael/assets/start-scene/scripts/Global/SceneList.ts as cce:/internal/code-quality/cr.mjs.
debug: Resolve cc from file:///E:/cocos/cocos-awesome-tech-solutions/demo/Creator3.6.0_Raphael/assets/start-scene/scripts/Global/SceneList.ts as cce:/internal/x/cc.
debug: Resolve cc from file:///E:/cocos/cocos-awesome-tech-solutions/demo/Creator3.6.0_Raphael/assets/start-scene/scripts/Global/SceneList.ts as cce:/internal/x/cc.
debug: Resolve cc from file:///E:/cocos/cocos-awesome-tech-solutions/demo/Creator3.6.0_Raphael/assets/start-scene/scripts/Global/SceneList.ts as cce:/internal/x/cc.
debug: Resolve ./ListItem from file:///E:/cocos/cocos-awesome-tech-solutions/demo/Creator3.6.0_Raphael/assets/start-scene/scripts/Global/SceneList.ts as file:///E:/cocos/cocos-awesome-tech-solutions/demo/Creator3.6.0_Raphael/assets/start-scene/scripts/Global/ListItem.ts.
debug: Resolve file:///E:/cocos/cocos-awesome-tech-solutions/demo/Creator3.6.0_Raphael/assets/start-scene/scripts/Global/SceneList.ts from cce:/internal/x/prerequisite-imports as file:///E:/cocos/cocos-awesome-tech-solutions/demo/Creator3.6.0_Raphael/assets/start-scene/scripts/Global/SceneList.ts.
debug: Target(editor) ends with cost 2215.027400000021ms.
debug: Target(preview) build started.
debug: Inspect cce:/internal/x/cc
debug: Resolve cce:/internal/x/cc-fu/2d from cce:/internal/x/cc as external dependency cce:/internal/x/cc-fu/2d.
debug: Resolve cce:/internal/x/cc-fu/sorting from cce:/internal/x/cc as external dependency cce:/internal/x/cc-fu/sorting.
debug: Resolve cce:/internal/x/cc-fu/3d from cce:/internal/x/cc as external dependency cce:/internal/x/cc-fu/3d.
debug: Resolve cce:/internal/x/cc-fu/animation from cce:/internal/x/cc as external dependency cce:/internal/x/cc-fu/animation.
debug: Resolve cce:/internal/x/cc-fu/audio from cce:/internal/x/cc as external dependency cce:/internal/x/cc-fu/audio.
debug: Resolve cce:/internal/x/cc-fu/base from cce:/internal/x/cc as external dependency cce:/internal/x/cc-fu/base.
debug: Resolve cce:/internal/x/cc-fu/dragon-bones from cce:/internal/x/cc as external dependency cce:/internal/x/cc-fu/dragon-bones.
debug: Resolve cce:/internal/x/cc-fu/gfx-webgl from cce:/internal/x/cc as external dependency cce:/internal/x/cc-fu/gfx-webgl.
debug: Resolve cce:/internal/x/cc-fu/gfx-webgl2 from cce:/internal/x/cc as external dependency cce:/internal/x/cc-fu/gfx-webgl2.
debug: Resolve cce:/internal/x/cc-fu/intersection-2d from cce:/internal/x/cc as external dependency cce:/internal/x/cc-fu/intersection-2d.
debug: Resolve cce:/internal/x/cc-fu/particle from cce:/internal/x/cc as external dependency cce:/internal/x/cc-fu/particle.
debug: Resolve cce:/internal/x/cc-fu/particle-2d from cce:/internal/x/cc as external dependency cce:/internal/x/cc-fu/particle-2d.
debug: Resolve cce:/internal/x/cc-fu/physics-2d-box2d from cce:/internal/x/cc as external dependency cce:/internal/x/cc-fu/physics-2d-box2d.
debug: Resolve cce:/internal/x/cc-fu/physics-2d-framework from cce:/internal/x/cc as external dependency cce:/internal/x/cc-fu/physics-2d-framework.
debug: Resolve cce:/internal/x/cc-fu/physics-ammo from cce:/internal/x/cc as external dependency cce:/internal/x/cc-fu/physics-ammo.
debug: Resolve cce:/internal/x/cc-fu/physics-framework from cce:/internal/x/cc as external dependency cce:/internal/x/cc-fu/physics-framework.
debug: Resolve cce:/internal/x/cc-fu/wait-for-ammo-instantiation from cce:/internal/x/cc as external dependency cce:/internal/x/cc-fu/wait-for-ammo-instantiation.
debug: Resolve cce:/internal/x/cc-fu/primitive from cce:/internal/x/cc as external dependency cce:/internal/x/cc-fu/primitive.
debug: Resolve cce:/internal/x/cc-fu/profiler from cce:/internal/x/cc as external dependency cce:/internal/x/cc-fu/profiler.
debug: Resolve cce:/internal/x/cc-fu/skeletal-animation from cce:/internal/x/cc as external dependency cce:/internal/x/cc-fu/skeletal-animation.
debug: Resolve cce:/internal/x/cc-fu/spine from cce:/internal/x/cc as external dependency cce:/internal/x/cc-fu/spine.
debug: Resolve cce:/internal/x/cc-fu/terrain from cce:/internal/x/cc as external dependency cce:/internal/x/cc-fu/terrain.
debug: Resolve cce:/internal/x/cc-fu/tiled-map from cce:/internal/x/cc as external dependency cce:/internal/x/cc-fu/tiled-map.
debug: Resolve cce:/internal/x/cc-fu/tween from cce:/internal/x/cc as external dependency cce:/internal/x/cc-fu/tween.
debug: Resolve cce:/internal/x/cc-fu/ui from cce:/internal/x/cc as external dependency cce:/internal/x/cc-fu/ui.
debug: Resolve cce:/internal/x/cc-fu/video from cce:/internal/x/cc as external dependency cce:/internal/x/cc-fu/video.
debug: Resolve cce:/internal/x/cc-fu/webview from cce:/internal/x/cc as external dependency cce:/internal/x/cc-fu/webview.
debug: Inspect cce:/internal/x/prerequisite-imports
debug: Resolve file:///D:/cocos-dashboard-editors/Creator/3.7.3/resources/resources/3d/engine/editor/assets/tools/debug-view-runtime-control.ts from cce:/internal/x/prerequisite-imports as file:///D:/cocos-dashboard-editors/Creator/3.7.3/resources/resources/3d/engine/editor/assets/tools/debug-view-runtime-control.ts.
debug: Inspect file:///D:/cocos-dashboard-editors/Creator/3.7.3/resources/resources/3d/engine/editor/assets/tools/debug-view-runtime-control.ts
debug: Resolve cc from file:///D:/cocos-dashboard-editors/Creator/3.7.3/resources/resources/3d/engine/editor/assets/tools/debug-view-runtime-control.ts as cce:/internal/x/cc.
debug: Resolve cc from file:///D:/cocos-dashboard-editors/Creator/3.7.3/resources/resources/3d/engine/editor/assets/tools/debug-view-runtime-control.ts as cce:/internal/x/cc.
debug: Resolve cc from file:///D:/cocos-dashboard-editors/Creator/3.7.3/resources/resources/3d/engine/editor/assets/tools/debug-view-runtime-control.ts as cce:/internal/x/cc.
debug: Resolve file:///E:/cocos/cocos-awesome-tech-solutions/demo/Creator3.6.0_Raphael/assets/demo/animate-dash-line.ts from cce:/internal/x/prerequisite-imports as file:///E:/cocos/cocos-awesome-tech-solutions/demo/Creator3.6.0_Raphael/assets/demo/animate-dash-line.ts.
debug: Inspect file:///E:/cocos/cocos-awesome-tech-solutions/demo/Creator3.6.0_Raphael/assets/demo/animate-dash-line.ts
debug: Resolve cce:/internal/code-quality/cr.mjs from file:///E:/cocos/cocos-awesome-tech-solutions/demo/Creator3.6.0_Raphael/assets/demo/animate-dash-line.ts as cce:/internal/code-quality/cr.mjs.
debug: Inspect cce:/internal/code-quality/cr.mjs
debug: Resolve cc from file:///E:/cocos/cocos-awesome-tech-solutions/demo/Creator3.6.0_Raphael/assets/demo/animate-dash-line.ts as cce:/internal/x/cc.
debug: Resolve cc from file:///E:/cocos/cocos-awesome-tech-solutions/demo/Creator3.6.0_Raphael/assets/demo/animate-dash-line.ts as cce:/internal/x/cc.
debug: Resolve cc from file:///E:/cocos/cocos-awesome-tech-solutions/demo/Creator3.6.0_Raphael/assets/demo/animate-dash-line.ts as cce:/internal/x/cc.
debug: Resolve ../raphael/RPath from file:///E:/cocos/cocos-awesome-tech-solutions/demo/Creator3.6.0_Raphael/assets/demo/animate-dash-line.ts as file:///E:/cocos/cocos-awesome-tech-solutions/demo/Creator3.6.0_Raphael/assets/raphael/RPath.ts.
debug: Inspect file:///E:/cocos/cocos-awesome-tech-solutions/demo/Creator3.6.0_Raphael/assets/raphael/RPath.ts
debug: Resolve cce:/internal/code-quality/cr.mjs from file:///E:/cocos/cocos-awesome-tech-solutions/demo/Creator3.6.0_Raphael/assets/raphael/RPath.ts as cce:/internal/code-quality/cr.mjs.
debug: Resolve cc from file:///E:/cocos/cocos-awesome-tech-solutions/demo/Creator3.6.0_Raphael/assets/raphael/RPath.ts as cce:/internal/x/cc.
debug: Resolve cc from file:///E:/cocos/cocos-awesome-tech-solutions/demo/Creator3.6.0_Raphael/assets/raphael/RPath.ts as cce:/internal/x/cc.
debug: Resolve cc from file:///E:/cocos/cocos-awesome-tech-solutions/demo/Creator3.6.0_Raphael/assets/raphael/RPath.ts as cce:/internal/x/cc.
debug: Resolve ./utils/R.tesselateBezier from file:///E:/cocos/cocos-awesome-tech-solutions/demo/Creator3.6.0_Raphael/assets/raphael/RPath.ts as file:///E:/cocos/cocos-awesome-tech-solutions/demo/Creator3.6.0_Raphael/assets/raphael/utils/R.tesselateBezier.ts.
debug: Inspect file:///E:/cocos/cocos-awesome-tech-solutions/demo/Creator3.6.0_Raphael/assets/raphael/utils/R.tesselateBezier.ts
debug: Resolve cc from file:///E:/cocos/cocos-awesome-tech-solutions/demo/Creator3.6.0_Raphael/assets/raphael/utils/R.tesselateBezier.ts as cce:/internal/x/cc.
debug: Resolve ./utils/R.curve from file:///E:/cocos/cocos-awesome-tech-solutions/demo/Creator3.6.0_Raphael/assets/raphael/RPath.ts as file:///E:/cocos/cocos-awesome-tech-solutions/demo/Creator3.6.0_Raphael/assets/raphael/utils/R.curve.ts.
debug: Inspect file:///E:/cocos/cocos-awesome-tech-solutions/demo/Creator3.6.0_Raphael/assets/raphael/utils/R.curve.ts
debug: Resolve cc from file:///E:/cocos/cocos-awesome-tech-solutions/demo/Creator3.6.0_Raphael/assets/raphael/utils/R.curve.ts as cce:/internal/x/cc.
debug: Resolve ./utils/R.dash from file:///E:/cocos/cocos-awesome-tech-solutions/demo/Creator3.6.0_Raphael/assets/raphael/RPath.ts as file:///E:/cocos/cocos-awesome-tech-solutions/demo/Creator3.6.0_Raphael/assets/raphael/utils/R.dash.ts.
debug: Inspect file:///E:/cocos/cocos-awesome-tech-solutions/demo/Creator3.6.0_Raphael/assets/raphael/utils/R.dash.ts
debug: Resolve cc from file:///E:/cocos/cocos-awesome-tech-solutions/demo/Creator3.6.0_Raphael/assets/raphael/utils/R.dash.ts as cce:/internal/x/cc.
debug: Resolve cc from file:///E:/cocos/cocos-awesome-tech-solutions/demo/Creator3.6.0_Raphael/assets/raphael/utils/R.dash.ts as cce:/internal/x/cc.
debug: Resolve cc from file:///E:/cocos/cocos-awesome-tech-solutions/demo/Creator3.6.0_Raphael/assets/raphael/utils/R.dash.ts as cce:/internal/x/cc.
debug: Resolve ./GlobalUtils from file:///E:/cocos/cocos-awesome-tech-solutions/demo/Creator3.6.0_Raphael/assets/raphael/RPath.ts as file:///E:/cocos/cocos-awesome-tech-solutions/demo/Creator3.6.0_Raphael/assets/raphael/GlobalUtils.ts.
debug: Inspect file:///E:/cocos/cocos-awesome-tech-solutions/demo/Creator3.6.0_Raphael/assets/raphael/GlobalUtils.ts
debug: Resolve cc from file:///E:/cocos/cocos-awesome-tech-solutions/demo/Creator3.6.0_Raphael/assets/raphael/GlobalUtils.ts as cce:/internal/x/cc.
debug: Resolve file:///E:/cocos/cocos-awesome-tech-solutions/demo/Creator3.6.0_Raphael/assets/demo/animate.ts from cce:/internal/x/prerequisite-imports as file:///E:/cocos/cocos-awesome-tech-solutions/demo/Creator3.6.0_Raphael/assets/demo/animate.ts.
debug: Inspect file:///E:/cocos/cocos-awesome-tech-solutions/demo/Creator3.6.0_Raphael/assets/demo/animate.ts
debug: Resolve cce:/internal/code-quality/cr.mjs from file:///E:/cocos/cocos-awesome-tech-solutions/demo/Creator3.6.0_Raphael/assets/demo/animate.ts as cce:/internal/code-quality/cr.mjs.
debug: Resolve cc from file:///E:/cocos/cocos-awesome-tech-solutions/demo/Creator3.6.0_Raphael/assets/demo/animate.ts as cce:/internal/x/cc.
debug: Resolve cc from file:///E:/cocos/cocos-awesome-tech-solutions/demo/Creator3.6.0_Raphael/assets/demo/animate.ts as cce:/internal/x/cc.
debug: Resolve cc from file:///E:/cocos/cocos-awesome-tech-solutions/demo/Creator3.6.0_Raphael/assets/demo/animate.ts as cce:/internal/x/cc.
debug: Resolve ../raphael/RPath from file:///E:/cocos/cocos-awesome-tech-solutions/demo/Creator3.6.0_Raphael/assets/demo/animate.ts as file:///E:/cocos/cocos-awesome-tech-solutions/demo/Creator3.6.0_Raphael/assets/raphael/RPath.ts.
debug: Resolve file:///E:/cocos/cocos-awesome-tech-solutions/demo/Creator3.6.0_Raphael/assets/demo/nardove/jelly.ts from cce:/internal/x/prerequisite-imports as file:///E:/cocos/cocos-awesome-tech-solutions/demo/Creator3.6.0_Raphael/assets/demo/nardove/jelly.ts.
debug: Inspect file:///E:/cocos/cocos-awesome-tech-solutions/demo/Creator3.6.0_Raphael/assets/demo/nardove/jelly.ts
debug: Resolve cce:/internal/code-quality/cr.mjs from file:///E:/cocos/cocos-awesome-tech-solutions/demo/Creator3.6.0_Raphael/assets/demo/nardove/jelly.ts as cce:/internal/code-quality/cr.mjs.
debug: Resolve cc from file:///E:/cocos/cocos-awesome-tech-solutions/demo/Creator3.6.0_Raphael/assets/demo/nardove/jelly.ts as cce:/internal/x/cc.
debug: Resolve cc from file:///E:/cocos/cocos-awesome-tech-solutions/demo/Creator3.6.0_Raphael/assets/demo/nardove/jelly.ts as cce:/internal/x/cc.
debug: Resolve cc from file:///E:/cocos/cocos-awesome-tech-solutions/demo/Creator3.6.0_Raphael/assets/demo/nardove/jelly.ts as cce:/internal/x/cc.
debug: Resolve ./tentacle from file:///E:/cocos/cocos-awesome-tech-solutions/demo/Creator3.6.0_Raphael/assets/demo/nardove/jelly.ts as file:///E:/cocos/cocos-awesome-tech-solutions/demo/Creator3.6.0_Raphael/assets/demo/nardove/tentacle.ts.
debug: Inspect file:///E:/cocos/cocos-awesome-tech-solutions/demo/Creator3.6.0_Raphael/assets/demo/nardove/tentacle.ts
debug: Resolve cc from file:///E:/cocos/cocos-awesome-tech-solutions/demo/Creator3.6.0_Raphael/assets/demo/nardove/tentacle.ts as cce:/internal/x/cc.
debug: Resolve cc from file:///E:/cocos/cocos-awesome-tech-solutions/demo/Creator3.6.0_Raphael/assets/demo/nardove/tentacle.ts as cce:/internal/x/cc.
debug: Resolve cc from file:///E:/cocos/cocos-awesome-tech-solutions/demo/Creator3.6.0_Raphael/assets/demo/nardove/tentacle.ts as cce:/internal/x/cc.
debug: Resolve file:///E:/cocos/cocos-awesome-tech-solutions/demo/Creator3.6.0_Raphael/assets/demo/nardove/nardove.ts from cce:/internal/x/prerequisite-imports as file:///E:/cocos/cocos-awesome-tech-solutions/demo/Creator3.6.0_Raphael/assets/demo/nardove/nardove.ts.
debug: Inspect file:///E:/cocos/cocos-awesome-tech-solutions/demo/Creator3.6.0_Raphael/assets/demo/nardove/nardove.ts
debug: Resolve cce:/internal/code-quality/cr.mjs from file:///E:/cocos/cocos-awesome-tech-solutions/demo/Creator3.6.0_Raphael/assets/demo/nardove/nardove.ts as cce:/internal/code-quality/cr.mjs.
debug: Resolve cc from file:///E:/cocos/cocos-awesome-tech-solutions/demo/Creator3.6.0_Raphael/assets/demo/nardove/nardove.ts as cce:/internal/x/cc.
debug: Resolve cc from file:///E:/cocos/cocos-awesome-tech-solutions/demo/Creator3.6.0_Raphael/assets/demo/nardove/nardove.ts as cce:/internal/x/cc.
debug: Resolve cc from file:///E:/cocos/cocos-awesome-tech-solutions/demo/Creator3.6.0_Raphael/assets/demo/nardove/nardove.ts as cce:/internal/x/cc.
debug: Resolve ../../raphael/RGroup from file:///E:/cocos/cocos-awesome-tech-solutions/demo/Creator3.6.0_Raphael/assets/demo/nardove/nardove.ts as file:///E:/cocos/cocos-awesome-tech-solutions/demo/Creator3.6.0_Raphael/assets/raphael/RGroup.ts.
debug: Inspect file:///E:/cocos/cocos-awesome-tech-solutions/demo/Creator3.6.0_Raphael/assets/raphael/RGroup.ts
debug: Resolve cce:/internal/code-quality/cr.mjs from file:///E:/cocos/cocos-awesome-tech-solutions/demo/Creator3.6.0_Raphael/assets/raphael/RGroup.ts as cce:/internal/code-quality/cr.mjs.
debug: Resolve cc from file:///E:/cocos/cocos-awesome-tech-solutions/demo/Creator3.6.0_Raphael/assets/raphael/RGroup.ts as cce:/internal/x/cc.
debug: Resolve cc from file:///E:/cocos/cocos-awesome-tech-solutions/demo/Creator3.6.0_Raphael/assets/raphael/RGroup.ts as cce:/internal/x/cc.
debug: Resolve cc from file:///E:/cocos/cocos-awesome-tech-solutions/demo/Creator3.6.0_Raphael/assets/raphael/RGroup.ts as cce:/internal/x/cc.
debug: Resolve ./RPath from file:///E:/cocos/cocos-awesome-tech-solutions/demo/Creator3.6.0_Raphael/assets/raphael/RGroup.ts as file:///E:/cocos/cocos-awesome-tech-solutions/demo/Creator3.6.0_Raphael/assets/raphael/RPath.ts.
debug: Resolve ./jelly from file:///E:/cocos/cocos-awesome-tech-solutions/demo/Creator3.6.0_Raphael/assets/demo/nardove/nardove.ts as file:///E:/cocos/cocos-awesome-tech-solutions/demo/Creator3.6.0_Raphael/assets/demo/nardove/jelly.ts.
debug: Resolve file:///E:/cocos/cocos-awesome-tech-solutions/demo/Creator3.6.0_Raphael/assets/demo/nardove/tentacle.ts from cce:/internal/x/prerequisite-imports as file:///E:/cocos/cocos-awesome-tech-solutions/demo/Creator3.6.0_Raphael/assets/demo/nardove/tentacle.ts.
debug: Resolve file:///E:/cocos/cocos-awesome-tech-solutions/demo/Creator3.6.0_Raphael/assets/example/dash-line.ts from cce:/internal/x/prerequisite-imports as file:///E:/cocos/cocos-awesome-tech-solutions/demo/Creator3.6.0_Raphael/assets/example/dash-line.ts.
debug: Inspect file:///E:/cocos/cocos-awesome-tech-solutions/demo/Creator3.6.0_Raphael/assets/example/dash-line.ts
debug: Resolve cce:/internal/code-quality/cr.mjs from file:///E:/cocos/cocos-awesome-tech-solutions/demo/Creator3.6.0_Raphael/assets/example/dash-line.ts as cce:/internal/code-quality/cr.mjs.
debug: Resolve cc from file:///E:/cocos/cocos-awesome-tech-solutions/demo/Creator3.6.0_Raphael/assets/example/dash-line.ts as cce:/internal/x/cc.
debug: Resolve cc from file:///E:/cocos/cocos-awesome-tech-solutions/demo/Creator3.6.0_Raphael/assets/example/dash-line.ts as cce:/internal/x/cc.
debug: Resolve cc from file:///E:/cocos/cocos-awesome-tech-solutions/demo/Creator3.6.0_Raphael/assets/example/dash-line.ts as cce:/internal/x/cc.
debug: Resolve ../raphael/RPath from file:///E:/cocos/cocos-awesome-tech-solutions/demo/Creator3.6.0_Raphael/assets/example/dash-line.ts as file:///E:/cocos/cocos-awesome-tech-solutions/demo/Creator3.6.0_Raphael/assets/raphael/RPath.ts.
debug: Resolve file:///E:/cocos/cocos-awesome-tech-solutions/demo/Creator3.6.0_Raphael/assets/example/group.ts from cce:/internal/x/prerequisite-imports as file:///E:/cocos/cocos-awesome-tech-solutions/demo/Creator3.6.0_Raphael/assets/example/group.ts.
debug: Inspect file:///E:/cocos/cocos-awesome-tech-solutions/demo/Creator3.6.0_Raphael/assets/example/group.ts
debug: Resolve cce:/internal/code-quality/cr.mjs from file:///E:/cocos/cocos-awesome-tech-solutions/demo/Creator3.6.0_Raphael/assets/example/group.ts as cce:/internal/code-quality/cr.mjs.
debug: Resolve cc from file:///E:/cocos/cocos-awesome-tech-solutions/demo/Creator3.6.0_Raphael/assets/example/group.ts as cce:/internal/x/cc.
debug: Resolve cc from file:///E:/cocos/cocos-awesome-tech-solutions/demo/Creator3.6.0_Raphael/assets/example/group.ts as cce:/internal/x/cc.
debug: Resolve cc from file:///E:/cocos/cocos-awesome-tech-solutions/demo/Creator3.6.0_Raphael/assets/example/group.ts as cce:/internal/x/cc.
debug: Resolve ../raphael/RGroup from file:///E:/cocos/cocos-awesome-tech-solutions/demo/Creator3.6.0_Raphael/assets/example/group.ts as file:///E:/cocos/cocos-awesome-tech-solutions/demo/Creator3.6.0_Raphael/assets/raphael/RGroup.ts.
debug: Resolve file:///E:/cocos/cocos-awesome-tech-solutions/demo/Creator3.6.0_Raphael/assets/example/make-path/c.ts from cce:/internal/x/prerequisite-imports as file:///E:/cocos/cocos-awesome-tech-solutions/demo/Creator3.6.0_Raphael/assets/example/make-path/c.ts.
debug: Inspect file:///E:/cocos/cocos-awesome-tech-solutions/demo/Creator3.6.0_Raphael/assets/example/make-path/c.ts
debug: Resolve cce:/internal/code-quality/cr.mjs from file:///E:/cocos/cocos-awesome-tech-solutions/demo/Creator3.6.0_Raphael/assets/example/make-path/c.ts as cce:/internal/code-quality/cr.mjs.
debug: Resolve cc from file:///E:/cocos/cocos-awesome-tech-solutions/demo/Creator3.6.0_Raphael/assets/example/make-path/c.ts as cce:/internal/x/cc.
debug: Resolve cc from file:///E:/cocos/cocos-awesome-tech-solutions/demo/Creator3.6.0_Raphael/assets/example/make-path/c.ts as cce:/internal/x/cc.
debug: Resolve cc from file:///E:/cocos/cocos-awesome-tech-solutions/demo/Creator3.6.0_Raphael/assets/example/make-path/c.ts as cce:/internal/x/cc.
debug: Resolve ../../raphael/RPath from file:///E:/cocos/cocos-awesome-tech-solutions/demo/Creator3.6.0_Raphael/assets/example/make-path/c.ts as file:///E:/cocos/cocos-awesome-tech-solutions/demo/Creator3.6.0_Raphael/assets/raphael/RPath.ts.
debug: Resolve file:///E:/cocos/cocos-awesome-tech-solutions/demo/Creator3.6.0_Raphael/assets/example/make-path/circle.ts from cce:/internal/x/prerequisite-imports as file:///E:/cocos/cocos-awesome-tech-solutions/demo/Creator3.6.0_Raphael/assets/example/make-path/circle.ts.
debug: Inspect file:///E:/cocos/cocos-awesome-tech-solutions/demo/Creator3.6.0_Raphael/assets/example/make-path/circle.ts
debug: Resolve cce:/internal/code-quality/cr.mjs from file:///E:/cocos/cocos-awesome-tech-solutions/demo/Creator3.6.0_Raphael/assets/example/make-path/circle.ts as cce:/internal/code-quality/cr.mjs.
debug: Resolve cc from file:///E:/cocos/cocos-awesome-tech-solutions/demo/Creator3.6.0_Raphael/assets/example/make-path/circle.ts as cce:/internal/x/cc.
debug: Resolve cc from file:///E:/cocos/cocos-awesome-tech-solutions/demo/Creator3.6.0_Raphael/assets/example/make-path/circle.ts as cce:/internal/x/cc.
debug: Resolve cc from file:///E:/cocos/cocos-awesome-tech-solutions/demo/Creator3.6.0_Raphael/assets/example/make-path/circle.ts as cce:/internal/x/cc.
debug: Resolve ../../raphael/RPath from file:///E:/cocos/cocos-awesome-tech-solutions/demo/Creator3.6.0_Raphael/assets/example/make-path/circle.ts as file:///E:/cocos/cocos-awesome-tech-solutions/demo/Creator3.6.0_Raphael/assets/raphael/RPath.ts.
debug: Resolve file:///E:/cocos/cocos-awesome-tech-solutions/demo/Creator3.6.0_Raphael/assets/example/make-path/ellipse.ts from cce:/internal/x/prerequisite-imports as file:///E:/cocos/cocos-awesome-tech-solutions/demo/Creator3.6.0_Raphael/assets/example/make-path/ellipse.ts.
debug: Inspect file:///E:/cocos/cocos-awesome-tech-solutions/demo/Creator3.6.0_Raphael/assets/example/make-path/ellipse.ts
debug: Resolve cce:/internal/code-quality/cr.mjs from file:///E:/cocos/cocos-awesome-tech-solutions/demo/Creator3.6.0_Raphael/assets/example/make-path/ellipse.ts as cce:/internal/code-quality/cr.mjs.
debug: Resolve cc from file:///E:/cocos/cocos-awesome-tech-solutions/demo/Creator3.6.0_Raphael/assets/example/make-path/ellipse.ts as cce:/internal/x/cc.
debug: Resolve cc from file:///E:/cocos/cocos-awesome-tech-solutions/demo/Creator3.6.0_Raphael/assets/example/make-path/ellipse.ts as cce:/internal/x/cc.
debug: Resolve cc from file:///E:/cocos/cocos-awesome-tech-solutions/demo/Creator3.6.0_Raphael/assets/example/make-path/ellipse.ts as cce:/internal/x/cc.
debug: Resolve ../../raphael/RPath from file:///E:/cocos/cocos-awesome-tech-solutions/demo/Creator3.6.0_Raphael/assets/example/make-path/ellipse.ts as file:///E:/cocos/cocos-awesome-tech-solutions/demo/Creator3.6.0_Raphael/assets/raphael/RPath.ts.
debug: Resolve file:///E:/cocos/cocos-awesome-tech-solutions/demo/Creator3.6.0_Raphael/assets/example/make-path/l.ts from cce:/internal/x/prerequisite-imports as file:///E:/cocos/cocos-awesome-tech-solutions/demo/Creator3.6.0_Raphael/assets/example/make-path/l.ts.
debug: Inspect file:///E:/cocos/cocos-awesome-tech-solutions/demo/Creator3.6.0_Raphael/assets/example/make-path/l.ts
debug: Resolve cce:/internal/code-quality/cr.mjs from file:///E:/cocos/cocos-awesome-tech-solutions/demo/Creator3.6.0_Raphael/assets/example/make-path/l.ts as cce:/internal/code-quality/cr.mjs.
debug: Resolve cc from file:///E:/cocos/cocos-awesome-tech-solutions/demo/Creator3.6.0_Raphael/assets/example/make-path/l.ts as cce:/internal/x/cc.
debug: Resolve cc from file:///E:/cocos/cocos-awesome-tech-solutions/demo/Creator3.6.0_Raphael/assets/example/make-path/l.ts as cce:/internal/x/cc.
debug: Resolve cc from file:///E:/cocos/cocos-awesome-tech-solutions/demo/Creator3.6.0_Raphael/assets/example/make-path/l.ts as cce:/internal/x/cc.
debug: Resolve ../../raphael/RPath from file:///E:/cocos/cocos-awesome-tech-solutions/demo/Creator3.6.0_Raphael/assets/example/make-path/l.ts as file:///E:/cocos/cocos-awesome-tech-solutions/demo/Creator3.6.0_Raphael/assets/raphael/RPath.ts.
debug: Resolve file:///E:/cocos/cocos-awesome-tech-solutions/demo/Creator3.6.0_Raphael/assets/example/make-path/q.ts from cce:/internal/x/prerequisite-imports as file:///E:/cocos/cocos-awesome-tech-solutions/demo/Creator3.6.0_Raphael/assets/example/make-path/q.ts.
debug: Inspect file:///E:/cocos/cocos-awesome-tech-solutions/demo/Creator3.6.0_Raphael/assets/example/make-path/q.ts
debug: Resolve cce:/internal/code-quality/cr.mjs from file:///E:/cocos/cocos-awesome-tech-solutions/demo/Creator3.6.0_Raphael/assets/example/make-path/q.ts as cce:/internal/code-quality/cr.mjs.
debug: Resolve cc from file:///E:/cocos/cocos-awesome-tech-solutions/demo/Creator3.6.0_Raphael/assets/example/make-path/q.ts as cce:/internal/x/cc.
debug: Resolve cc from file:///E:/cocos/cocos-awesome-tech-solutions/demo/Creator3.6.0_Raphael/assets/example/make-path/q.ts as cce:/internal/x/cc.
debug: Resolve cc from file:///E:/cocos/cocos-awesome-tech-solutions/demo/Creator3.6.0_Raphael/assets/example/make-path/q.ts as cce:/internal/x/cc.
debug: Resolve ../../raphael/RPath from file:///E:/cocos/cocos-awesome-tech-solutions/demo/Creator3.6.0_Raphael/assets/example/make-path/q.ts as file:///E:/cocos/cocos-awesome-tech-solutions/demo/Creator3.6.0_Raphael/assets/raphael/RPath.ts.
debug: Resolve file:///E:/cocos/cocos-awesome-tech-solutions/demo/Creator3.6.0_Raphael/assets/example/make-path/rect.ts from cce:/internal/x/prerequisite-imports as file:///E:/cocos/cocos-awesome-tech-solutions/demo/Creator3.6.0_Raphael/assets/example/make-path/rect.ts.
debug: Inspect file:///E:/cocos/cocos-awesome-tech-solutions/demo/Creator3.6.0_Raphael/assets/example/make-path/rect.ts
debug: Resolve cce:/internal/code-quality/cr.mjs from file:///E:/cocos/cocos-awesome-tech-solutions/demo/Creator3.6.0_Raphael/assets/example/make-path/rect.ts as cce:/internal/code-quality/cr.mjs.
debug: Resolve cc from file:///E:/cocos/cocos-awesome-tech-solutions/demo/Creator3.6.0_Raphael/assets/example/make-path/rect.ts as cce:/internal/x/cc.
debug: Resolve cc from file:///E:/cocos/cocos-awesome-tech-solutions/demo/Creator3.6.0_Raphael/assets/example/make-path/rect.ts as cce:/internal/x/cc.
debug: Resolve cc from file:///E:/cocos/cocos-awesome-tech-solutions/demo/Creator3.6.0_Raphael/assets/example/make-path/rect.ts as cce:/internal/x/cc.
debug: Resolve ../../raphael/RPath from file:///E:/cocos/cocos-awesome-tech-solutions/demo/Creator3.6.0_Raphael/assets/example/make-path/rect.ts as file:///E:/cocos/cocos-awesome-tech-solutions/demo/Creator3.6.0_Raphael/assets/raphael/RPath.ts.
debug: Resolve file:///E:/cocos/cocos-awesome-tech-solutions/demo/Creator3.6.0_Raphael/assets/example/simplify.ts from cce:/internal/x/prerequisite-imports as file:///E:/cocos/cocos-awesome-tech-solutions/demo/Creator3.6.0_Raphael/assets/example/simplify.ts.
debug: Inspect file:///E:/cocos/cocos-awesome-tech-solutions/demo/Creator3.6.0_Raphael/assets/example/simplify.ts
debug: Resolve cce:/internal/code-quality/cr.mjs from file:///E:/cocos/cocos-awesome-tech-solutions/demo/Creator3.6.0_Raphael/assets/example/simplify.ts as cce:/internal/code-quality/cr.mjs.
debug: Resolve cc from file:///E:/cocos/cocos-awesome-tech-solutions/demo/Creator3.6.0_Raphael/assets/example/simplify.ts as cce:/internal/x/cc.
debug: Resolve cc from file:///E:/cocos/cocos-awesome-tech-solutions/demo/Creator3.6.0_Raphael/assets/example/simplify.ts as cce:/internal/x/cc.
debug: Resolve cc from file:///E:/cocos/cocos-awesome-tech-solutions/demo/Creator3.6.0_Raphael/assets/example/simplify.ts as cce:/internal/x/cc.
debug: Resolve ../raphael/RPath from file:///E:/cocos/cocos-awesome-tech-solutions/demo/Creator3.6.0_Raphael/assets/example/simplify.ts as file:///E:/cocos/cocos-awesome-tech-solutions/demo/Creator3.6.0_Raphael/assets/raphael/RPath.ts.
debug: Resolve file:///E:/cocos/cocos-awesome-tech-solutions/demo/Creator3.6.0_Raphael/assets/example/smooth.ts from cce:/internal/x/prerequisite-imports as file:///E:/cocos/cocos-awesome-tech-solutions/demo/Creator3.6.0_Raphael/assets/example/smooth.ts.
debug: Inspect file:///E:/cocos/cocos-awesome-tech-solutions/demo/Creator3.6.0_Raphael/assets/example/smooth.ts
debug: Resolve cce:/internal/code-quality/cr.mjs from file:///E:/cocos/cocos-awesome-tech-solutions/demo/Creator3.6.0_Raphael/assets/example/smooth.ts as cce:/internal/code-quality/cr.mjs.
debug: Resolve cc from file:///E:/cocos/cocos-awesome-tech-solutions/demo/Creator3.6.0_Raphael/assets/example/smooth.ts as cce:/internal/x/cc.
debug: Resolve cc from file:///E:/cocos/cocos-awesome-tech-solutions/demo/Creator3.6.0_Raphael/assets/example/smooth.ts as cce:/internal/x/cc.
debug: Resolve cc from file:///E:/cocos/cocos-awesome-tech-solutions/demo/Creator3.6.0_Raphael/assets/example/smooth.ts as cce:/internal/x/cc.
debug: Resolve ../raphael/RPath from file:///E:/cocos/cocos-awesome-tech-solutions/demo/Creator3.6.0_Raphael/assets/example/smooth.ts as file:///E:/cocos/cocos-awesome-tech-solutions/demo/Creator3.6.0_Raphael/assets/raphael/RPath.ts.
debug: Resolve file:///E:/cocos/cocos-awesome-tech-solutions/demo/Creator3.6.0_Raphael/assets/example/svg.ts from cce:/internal/x/prerequisite-imports as file:///E:/cocos/cocos-awesome-tech-solutions/demo/Creator3.6.0_Raphael/assets/example/svg.ts.
debug: Inspect file:///E:/cocos/cocos-awesome-tech-solutions/demo/Creator3.6.0_Raphael/assets/example/svg.ts
debug: Resolve cce:/internal/code-quality/cr.mjs from file:///E:/cocos/cocos-awesome-tech-solutions/demo/Creator3.6.0_Raphael/assets/example/svg.ts as cce:/internal/code-quality/cr.mjs.
debug: Resolve cc from file:///E:/cocos/cocos-awesome-tech-solutions/demo/Creator3.6.0_Raphael/assets/example/svg.ts as cce:/internal/x/cc.
debug: Resolve cc from file:///E:/cocos/cocos-awesome-tech-solutions/demo/Creator3.6.0_Raphael/assets/example/svg.ts as cce:/internal/x/cc.
debug: Resolve cc from file:///E:/cocos/cocos-awesome-tech-solutions/demo/Creator3.6.0_Raphael/assets/example/svg.ts as cce:/internal/x/cc.
debug: Resolve ../raphael/RGroup from file:///E:/cocos/cocos-awesome-tech-solutions/demo/Creator3.6.0_Raphael/assets/example/svg.ts as file:///E:/cocos/cocos-awesome-tech-solutions/demo/Creator3.6.0_Raphael/assets/raphael/RGroup.ts.
debug: Resolve file:///E:/cocos/cocos-awesome-tech-solutions/demo/Creator3.6.0_Raphael/assets/raphael/GlobalUtils.ts from cce:/internal/x/prerequisite-imports as file:///E:/cocos/cocos-awesome-tech-solutions/demo/Creator3.6.0_Raphael/assets/raphael/GlobalUtils.ts.
debug: Resolve file:///E:/cocos/cocos-awesome-tech-solutions/demo/Creator3.6.0_Raphael/assets/raphael/RGroup.ts from cce:/internal/x/prerequisite-imports as file:///E:/cocos/cocos-awesome-tech-solutions/demo/Creator3.6.0_Raphael/assets/raphael/RGroup.ts.
debug: Resolve file:///E:/cocos/cocos-awesome-tech-solutions/demo/Creator3.6.0_Raphael/assets/raphael/RPath.ts from cce:/internal/x/prerequisite-imports as file:///E:/cocos/cocos-awesome-tech-solutions/demo/Creator3.6.0_Raphael/assets/raphael/RPath.ts.
debug: Resolve file:///E:/cocos/cocos-awesome-tech-solutions/demo/Creator3.6.0_Raphael/assets/raphael/utils/R.curve.ts from cce:/internal/x/prerequisite-imports as file:///E:/cocos/cocos-awesome-tech-solutions/demo/Creator3.6.0_Raphael/assets/raphael/utils/R.curve.ts.
debug: Resolve file:///E:/cocos/cocos-awesome-tech-solutions/demo/Creator3.6.0_Raphael/assets/raphael/utils/R.dash.ts from cce:/internal/x/prerequisite-imports as file:///E:/cocos/cocos-awesome-tech-solutions/demo/Creator3.6.0_Raphael/assets/raphael/utils/R.dash.ts.
debug: Resolve file:///E:/cocos/cocos-awesome-tech-solutions/demo/Creator3.6.0_Raphael/assets/raphael/utils/R.find.ts from cce:/internal/x/prerequisite-imports as file:///E:/cocos/cocos-awesome-tech-solutions/demo/Creator3.6.0_Raphael/assets/raphael/utils/R.find.ts.
debug: Inspect file:///E:/cocos/cocos-awesome-tech-solutions/demo/Creator3.6.0_Raphael/assets/raphael/utils/R.find.ts
debug: Resolve cc from file:///E:/cocos/cocos-awesome-tech-solutions/demo/Creator3.6.0_Raphael/assets/raphael/utils/R.find.ts as cce:/internal/x/cc.
debug: Resolve file:///E:/cocos/cocos-awesome-tech-solutions/demo/Creator3.6.0_Raphael/assets/raphael/utils/R.length.ts from cce:/internal/x/prerequisite-imports as file:///E:/cocos/cocos-awesome-tech-solutions/demo/Creator3.6.0_Raphael/assets/raphael/utils/R.length.ts.
debug: Inspect file:///E:/cocos/cocos-awesome-tech-solutions/demo/Creator3.6.0_Raphael/assets/raphael/utils/R.length.ts
debug: Resolve cc from file:///E:/cocos/cocos-awesome-tech-solutions/demo/Creator3.6.0_Raphael/assets/raphael/utils/R.length.ts as cce:/internal/x/cc.
debug: Resolve file:///E:/cocos/cocos-awesome-tech-solutions/demo/Creator3.6.0_Raphael/assets/raphael/utils/R.tesselateBezier.ts from cce:/internal/x/prerequisite-imports as file:///E:/cocos/cocos-awesome-tech-solutions/demo/Creator3.6.0_Raphael/assets/raphael/utils/R.tesselateBezier.ts.
debug: Resolve file:///E:/cocos/cocos-awesome-tech-solutions/demo/Creator3.6.0_Raphael/assets/raphael/utils/R.utils.ts from cce:/internal/x/prerequisite-imports as file:///E:/cocos/cocos-awesome-tech-solutions/demo/Creator3.6.0_Raphael/assets/raphael/utils/R.utils.ts.
debug: Inspect file:///E:/cocos/cocos-awesome-tech-solutions/demo/Creator3.6.0_Raphael/assets/raphael/utils/R.utils.ts
debug: Resolve cce:/internal/code-quality/cr.mjs from file:///E:/cocos/cocos-awesome-tech-solutions/demo/Creator3.6.0_Raphael/assets/raphael/utils/R.utils.ts as cce:/internal/code-quality/cr.mjs.
debug: Resolve cc from file:///E:/cocos/cocos-awesome-tech-solutions/demo/Creator3.6.0_Raphael/assets/raphael/utils/R.utils.ts as cce:/internal/x/cc.
debug: Resolve file:///E:/cocos/cocos-awesome-tech-solutions/demo/Creator3.6.0_Raphael/assets/start-scene/scripts/Global/ListItem.ts from cce:/internal/x/prerequisite-imports as file:///E:/cocos/cocos-awesome-tech-solutions/demo/Creator3.6.0_Raphael/assets/start-scene/scripts/Global/ListItem.ts.
debug: Inspect file:///E:/cocos/cocos-awesome-tech-solutions/demo/Creator3.6.0_Raphael/assets/start-scene/scripts/Global/ListItem.ts
debug: Resolve cc from file:///E:/cocos/cocos-awesome-tech-solutions/demo/Creator3.6.0_Raphael/assets/start-scene/scripts/Global/ListItem.ts as cce:/internal/x/cc.
debug: Resolve cc from file:///E:/cocos/cocos-awesome-tech-solutions/demo/Creator3.6.0_Raphael/assets/start-scene/scripts/Global/ListItem.ts as cce:/internal/x/cc.
debug: Resolve cc from file:///E:/cocos/cocos-awesome-tech-solutions/demo/Creator3.6.0_Raphael/assets/start-scene/scripts/Global/ListItem.ts as cce:/internal/x/cc.
debug: Resolve file:///E:/cocos/cocos-awesome-tech-solutions/demo/Creator3.6.0_Raphael/assets/start-scene/scripts/Global/Menu.ts from cce:/internal/x/prerequisite-imports as file:///E:/cocos/cocos-awesome-tech-solutions/demo/Creator3.6.0_Raphael/assets/start-scene/scripts/Global/Menu.ts.
debug: Inspect file:///E:/cocos/cocos-awesome-tech-solutions/demo/Creator3.6.0_Raphael/assets/start-scene/scripts/Global/Menu.ts
debug: Resolve cce:/internal/code-quality/cr.mjs from file:///E:/cocos/cocos-awesome-tech-solutions/demo/Creator3.6.0_Raphael/assets/start-scene/scripts/Global/Menu.ts as cce:/internal/code-quality/cr.mjs.
debug: Resolve cc from file:///E:/cocos/cocos-awesome-tech-solutions/demo/Creator3.6.0_Raphael/assets/start-scene/scripts/Global/Menu.ts as cce:/internal/x/cc.
debug: Resolve cc from file:///E:/cocos/cocos-awesome-tech-solutions/demo/Creator3.6.0_Raphael/assets/start-scene/scripts/Global/Menu.ts as cce:/internal/x/cc.
debug: Resolve cc from file:///E:/cocos/cocos-awesome-tech-solutions/demo/Creator3.6.0_Raphael/assets/start-scene/scripts/Global/Menu.ts as cce:/internal/x/cc.
debug: Resolve ./SceneList from file:///E:/cocos/cocos-awesome-tech-solutions/demo/Creator3.6.0_Raphael/assets/start-scene/scripts/Global/Menu.ts as file:///E:/cocos/cocos-awesome-tech-solutions/demo/Creator3.6.0_Raphael/assets/start-scene/scripts/Global/SceneList.ts.
debug: Inspect file:///E:/cocos/cocos-awesome-tech-solutions/demo/Creator3.6.0_Raphael/assets/start-scene/scripts/Global/SceneList.ts
debug: Resolve cce:/internal/code-quality/cr.mjs from file:///E:/cocos/cocos-awesome-tech-solutions/demo/Creator3.6.0_Raphael/assets/start-scene/scripts/Global/SceneList.ts as cce:/internal/code-quality/cr.mjs.
debug: Resolve cc from file:///E:/cocos/cocos-awesome-tech-solutions/demo/Creator3.6.0_Raphael/assets/start-scene/scripts/Global/SceneList.ts as cce:/internal/x/cc.
debug: Resolve cc from file:///E:/cocos/cocos-awesome-tech-solutions/demo/Creator3.6.0_Raphael/assets/start-scene/scripts/Global/SceneList.ts as cce:/internal/x/cc.
debug: Resolve cc from file:///E:/cocos/cocos-awesome-tech-solutions/demo/Creator3.6.0_Raphael/assets/start-scene/scripts/Global/SceneList.ts as cce:/internal/x/cc.
debug: Resolve ./ListItem from file:///E:/cocos/cocos-awesome-tech-solutions/demo/Creator3.6.0_Raphael/assets/start-scene/scripts/Global/SceneList.ts as file:///E:/cocos/cocos-awesome-tech-solutions/demo/Creator3.6.0_Raphael/assets/start-scene/scripts/Global/ListItem.ts.
debug: Resolve file:///E:/cocos/cocos-awesome-tech-solutions/demo/Creator3.6.0_Raphael/assets/start-scene/scripts/Global/SceneList.ts from cce:/internal/x/prerequisite-imports as file:///E:/cocos/cocos-awesome-tech-solutions/demo/Creator3.6.0_Raphael/assets/start-scene/scripts/Global/SceneList.ts.
debug: Target(preview) ends with cost 2048.545800000429ms.
debug: Pulling asset-db.
debug: Fetch asset-db cost: 2020.6511000003666ms.
debug: Build iteration starts.
Number of accumulated asset changes: 30
Feature changed: false
debug: Target(editor) build started.
debug: Detected change: cce:/internal/x/prerequisite-imports. Last mtime: Thu Jan 01 1970 08:00:20 GMT+0800 (), Current mtime: Thu Jan 01 1970 08:00:29 GMT+0800 ()
debug: Inspect cce:/internal/x/prerequisite-imports
debug: Resolve file:///D:/cocos-dashboard-editors/Creator/3.7.3/resources/resources/3d/engine/editor/assets/tools/debug-view-runtime-control.ts from cce:/internal/x/prerequisite-imports as file:///D:/cocos-dashboard-editors/Creator/3.7.3/resources/resources/3d/engine/editor/assets/tools/debug-view-runtime-control.ts.
debug: Resolve file:///E:/cocos/cocos-awesome-tech-solutions/demo/Creator3.6.0_Raphael/assets/demo/animate-dash-line.ts from cce:/internal/x/prerequisite-imports as file:///E:/cocos/cocos-awesome-tech-solutions/demo/Creator3.6.0_Raphael/assets/demo/animate-dash-line.ts.
debug: Resolve file:///E:/cocos/cocos-awesome-tech-solutions/demo/Creator3.6.0_Raphael/assets/demo/animate.ts from cce:/internal/x/prerequisite-imports as file:///E:/cocos/cocos-awesome-tech-solutions/demo/Creator3.6.0_Raphael/assets/demo/animate.ts.
debug: Resolve file:///E:/cocos/cocos-awesome-tech-solutions/demo/Creator3.6.0_Raphael/assets/demo/nardove/jelly.ts from cce:/internal/x/prerequisite-imports as file:///E:/cocos/cocos-awesome-tech-solutions/demo/Creator3.6.0_Raphael/assets/demo/nardove/jelly.ts.
debug: Resolve file:///E:/cocos/cocos-awesome-tech-solutions/demo/Creator3.6.0_Raphael/assets/demo/nardove/nardove.ts from cce:/internal/x/prerequisite-imports as file:///E:/cocos/cocos-awesome-tech-solutions/demo/Creator3.6.0_Raphael/assets/demo/nardove/nardove.ts.
debug: Resolve file:///E:/cocos/cocos-awesome-tech-solutions/demo/Creator3.6.0_Raphael/assets/demo/nardove/tentacle.ts from cce:/internal/x/prerequisite-imports as file:///E:/cocos/cocos-awesome-tech-solutions/demo/Creator3.6.0_Raphael/assets/demo/nardove/tentacle.ts.
debug: Resolve file:///E:/cocos/cocos-awesome-tech-solutions/demo/Creator3.6.0_Raphael/assets/example/dash-line.ts from cce:/internal/x/prerequisite-imports as file:///E:/cocos/cocos-awesome-tech-solutions/demo/Creator3.6.0_Raphael/assets/example/dash-line.ts.
debug: Resolve file:///E:/cocos/cocos-awesome-tech-solutions/demo/Creator3.6.0_Raphael/assets/example/group.ts from cce:/internal/x/prerequisite-imports as file:///E:/cocos/cocos-awesome-tech-solutions/demo/Creator3.6.0_Raphael/assets/example/group.ts.
debug: Resolve file:///E:/cocos/cocos-awesome-tech-solutions/demo/Creator3.6.0_Raphael/assets/example/make-path/c.ts from cce:/internal/x/prerequisite-imports as file:///E:/cocos/cocos-awesome-tech-solutions/demo/Creator3.6.0_Raphael/assets/example/make-path/c.ts.
debug: Resolve file:///E:/cocos/cocos-awesome-tech-solutions/demo/Creator3.6.0_Raphael/assets/example/make-path/circle.ts from cce:/internal/x/prerequisite-imports as file:///E:/cocos/cocos-awesome-tech-solutions/demo/Creator3.6.0_Raphael/assets/example/make-path/circle.ts.
debug: Resolve file:///E:/cocos/cocos-awesome-tech-solutions/demo/Creator3.6.0_Raphael/assets/example/make-path/ellipse.ts from cce:/internal/x/prerequisite-imports as file:///E:/cocos/cocos-awesome-tech-solutions/demo/Creator3.6.0_Raphael/assets/example/make-path/ellipse.ts.
debug: Resolve file:///E:/cocos/cocos-awesome-tech-solutions/demo/Creator3.6.0_Raphael/assets/example/make-path/l.ts from cce:/internal/x/prerequisite-imports as file:///E:/cocos/cocos-awesome-tech-solutions/demo/Creator3.6.0_Raphael/assets/example/make-path/l.ts.
debug: Resolve file:///E:/cocos/cocos-awesome-tech-solutions/demo/Creator3.6.0_Raphael/assets/example/make-path/q.ts from cce:/internal/x/prerequisite-imports as file:///E:/cocos/cocos-awesome-tech-solutions/demo/Creator3.6.0_Raphael/assets/example/make-path/q.ts.
debug: Resolve file:///E:/cocos/cocos-awesome-tech-solutions/demo/Creator3.6.0_Raphael/assets/example/make-path/rect.ts from cce:/internal/x/prerequisite-imports as file:///E:/cocos/cocos-awesome-tech-solutions/demo/Creator3.6.0_Raphael/assets/example/make-path/rect.ts.
debug: Resolve file:///E:/cocos/cocos-awesome-tech-solutions/demo/Creator3.6.0_Raphael/assets/example/simplify.ts from cce:/internal/x/prerequisite-imports as file:///E:/cocos/cocos-awesome-tech-solutions/demo/Creator3.6.0_Raphael/assets/example/simplify.ts.
debug: Resolve file:///E:/cocos/cocos-awesome-tech-solutions/demo/Creator3.6.0_Raphael/assets/example/smooth.ts from cce:/internal/x/prerequisite-imports as file:///E:/cocos/cocos-awesome-tech-solutions/demo/Creator3.6.0_Raphael/assets/example/smooth.ts.
debug: Resolve file:///E:/cocos/cocos-awesome-tech-solutions/demo/Creator3.6.0_Raphael/assets/example/svg.ts from cce:/internal/x/prerequisite-imports as file:///E:/cocos/cocos-awesome-tech-solutions/demo/Creator3.6.0_Raphael/assets/example/svg.ts.
debug: Resolve file:///E:/cocos/cocos-awesome-tech-solutions/demo/Creator3.6.0_Raphael/assets/raphael/GlobalUtils.ts from cce:/internal/x/prerequisite-imports as file:///E:/cocos/cocos-awesome-tech-solutions/demo/Creator3.6.0_Raphael/assets/raphael/GlobalUtils.ts.
debug: Resolve file:///E:/cocos/cocos-awesome-tech-solutions/demo/Creator3.6.0_Raphael/assets/raphael/RGroup.ts from cce:/internal/x/prerequisite-imports as file:///E:/cocos/cocos-awesome-tech-solutions/demo/Creator3.6.0_Raphael/assets/raphael/RGroup.ts.
debug: Resolve file:///E:/cocos/cocos-awesome-tech-solutions/demo/Creator3.6.0_Raphael/assets/raphael/RPath.ts from cce:/internal/x/prerequisite-imports as file:///E:/cocos/cocos-awesome-tech-solutions/demo/Creator3.6.0_Raphael/assets/raphael/RPath.ts.
debug: Resolve file:///E:/cocos/cocos-awesome-tech-solutions/demo/Creator3.6.0_Raphael/assets/raphael/utils/R.curve.ts from cce:/internal/x/prerequisite-imports as file:///E:/cocos/cocos-awesome-tech-solutions/demo/Creator3.6.0_Raphael/assets/raphael/utils/R.curve.ts.
debug: Resolve file:///E:/cocos/cocos-awesome-tech-solutions/demo/Creator3.6.0_Raphael/assets/raphael/utils/R.dash.ts from cce:/internal/x/prerequisite-imports as file:///E:/cocos/cocos-awesome-tech-solutions/demo/Creator3.6.0_Raphael/assets/raphael/utils/R.dash.ts.
debug: Resolve file:///E:/cocos/cocos-awesome-tech-solutions/demo/Creator3.6.0_Raphael/assets/raphael/utils/R.find.ts from cce:/internal/x/prerequisite-imports as file:///E:/cocos/cocos-awesome-tech-solutions/demo/Creator3.6.0_Raphael/assets/raphael/utils/R.find.ts.
debug: Resolve file:///E:/cocos/cocos-awesome-tech-solutions/demo/Creator3.6.0_Raphael/assets/raphael/utils/R.length.ts from cce:/internal/x/prerequisite-imports as file:///E:/cocos/cocos-awesome-tech-solutions/demo/Creator3.6.0_Raphael/assets/raphael/utils/R.length.ts.
debug: Resolve file:///E:/cocos/cocos-awesome-tech-solutions/demo/Creator3.6.0_Raphael/assets/raphael/utils/R.tesselateBezier.ts from cce:/internal/x/prerequisite-imports as file:///E:/cocos/cocos-awesome-tech-solutions/demo/Creator3.6.0_Raphael/assets/raphael/utils/R.tesselateBezier.ts.
debug: Resolve file:///E:/cocos/cocos-awesome-tech-solutions/demo/Creator3.6.0_Raphael/assets/raphael/utils/R.utils.ts from cce:/internal/x/prerequisite-imports as file:///E:/cocos/cocos-awesome-tech-solutions/demo/Creator3.6.0_Raphael/assets/raphael/utils/R.utils.ts.
debug: Resolve file:///E:/cocos/cocos-awesome-tech-solutions/demo/Creator3.6.0_Raphael/assets/start-scene/scripts/Global/ListItem.ts from cce:/internal/x/prerequisite-imports as file:///E:/cocos/cocos-awesome-tech-solutions/demo/Creator3.6.0_Raphael/assets/start-scene/scripts/Global/ListItem.ts.
debug: Resolve file:///E:/cocos/cocos-awesome-tech-solutions/demo/Creator3.6.0_Raphael/assets/start-scene/scripts/Global/Menu.ts from cce:/internal/x/prerequisite-imports as file:///E:/cocos/cocos-awesome-tech-solutions/demo/Creator3.6.0_Raphael/assets/start-scene/scripts/Global/Menu.ts.
debug: Resolve file:///E:/cocos/cocos-awesome-tech-solutions/demo/Creator3.6.0_Raphael/assets/start-scene/scripts/Global/SceneList.ts from cce:/internal/x/prerequisite-imports as file:///E:/cocos/cocos-awesome-tech-solutions/demo/Creator3.6.0_Raphael/assets/start-scene/scripts/Global/SceneList.ts.
debug: Target(editor) ends with cost 78.8824000004679ms.
debug: Target(preview) build started.
debug: Detected change: cce:/internal/x/prerequisite-imports. Last mtime: Thu Jan 01 1970 08:00:22 GMT+0800 (), Current mtime: Thu Jan 01 1970 08:00:29 GMT+0800 ()
debug: Inspect cce:/internal/x/prerequisite-imports
debug: Resolve file:///D:/cocos-dashboard-editors/Creator/3.7.3/resources/resources/3d/engine/editor/assets/tools/debug-view-runtime-control.ts from cce:/internal/x/prerequisite-imports as file:///D:/cocos-dashboard-editors/Creator/3.7.3/resources/resources/3d/engine/editor/assets/tools/debug-view-runtime-control.ts.
debug: Resolve file:///E:/cocos/cocos-awesome-tech-solutions/demo/Creator3.6.0_Raphael/assets/demo/animate-dash-line.ts from cce:/internal/x/prerequisite-imports as file:///E:/cocos/cocos-awesome-tech-solutions/demo/Creator3.6.0_Raphael/assets/demo/animate-dash-line.ts.
debug: Resolve file:///E:/cocos/cocos-awesome-tech-solutions/demo/Creator3.6.0_Raphael/assets/demo/animate.ts from cce:/internal/x/prerequisite-imports as file:///E:/cocos/cocos-awesome-tech-solutions/demo/Creator3.6.0_Raphael/assets/demo/animate.ts.
debug: Resolve file:///E:/cocos/cocos-awesome-tech-solutions/demo/Creator3.6.0_Raphael/assets/demo/nardove/jelly.ts from cce:/internal/x/prerequisite-imports as file:///E:/cocos/cocos-awesome-tech-solutions/demo/Creator3.6.0_Raphael/assets/demo/nardove/jelly.ts.
debug: Resolve file:///E:/cocos/cocos-awesome-tech-solutions/demo/Creator3.6.0_Raphael/assets/demo/nardove/nardove.ts from cce:/internal/x/prerequisite-imports as file:///E:/cocos/cocos-awesome-tech-solutions/demo/Creator3.6.0_Raphael/assets/demo/nardove/nardove.ts.
debug: Resolve file:///E:/cocos/cocos-awesome-tech-solutions/demo/Creator3.6.0_Raphael/assets/demo/nardove/tentacle.ts from cce:/internal/x/prerequisite-imports as file:///E:/cocos/cocos-awesome-tech-solutions/demo/Creator3.6.0_Raphael/assets/demo/nardove/tentacle.ts.
debug: Resolve file:///E:/cocos/cocos-awesome-tech-solutions/demo/Creator3.6.0_Raphael/assets/example/dash-line.ts from cce:/internal/x/prerequisite-imports as file:///E:/cocos/cocos-awesome-tech-solutions/demo/Creator3.6.0_Raphael/assets/example/dash-line.ts.
debug: Resolve file:///E:/cocos/cocos-awesome-tech-solutions/demo/Creator3.6.0_Raphael/assets/example/group.ts from cce:/internal/x/prerequisite-imports as file:///E:/cocos/cocos-awesome-tech-solutions/demo/Creator3.6.0_Raphael/assets/example/group.ts.
debug: Resolve file:///E:/cocos/cocos-awesome-tech-solutions/demo/Creator3.6.0_Raphael/assets/example/make-path/c.ts from cce:/internal/x/prerequisite-imports as file:///E:/cocos/cocos-awesome-tech-solutions/demo/Creator3.6.0_Raphael/assets/example/make-path/c.ts.
debug: Resolve file:///E:/cocos/cocos-awesome-tech-solutions/demo/Creator3.6.0_Raphael/assets/example/make-path/circle.ts from cce:/internal/x/prerequisite-imports as file:///E:/cocos/cocos-awesome-tech-solutions/demo/Creator3.6.0_Raphael/assets/example/make-path/circle.ts.
debug: Resolve file:///E:/cocos/cocos-awesome-tech-solutions/demo/Creator3.6.0_Raphael/assets/example/make-path/ellipse.ts from cce:/internal/x/prerequisite-imports as file:///E:/cocos/cocos-awesome-tech-solutions/demo/Creator3.6.0_Raphael/assets/example/make-path/ellipse.ts.
debug: Resolve file:///E:/cocos/cocos-awesome-tech-solutions/demo/Creator3.6.0_Raphael/assets/example/make-path/l.ts from cce:/internal/x/prerequisite-imports as file:///E:/cocos/cocos-awesome-tech-solutions/demo/Creator3.6.0_Raphael/assets/example/make-path/l.ts.
debug: Resolve file:///E:/cocos/cocos-awesome-tech-solutions/demo/Creator3.6.0_Raphael/assets/example/make-path/q.ts from cce:/internal/x/prerequisite-imports as file:///E:/cocos/cocos-awesome-tech-solutions/demo/Creator3.6.0_Raphael/assets/example/make-path/q.ts.
debug: Resolve file:///E:/cocos/cocos-awesome-tech-solutions/demo/Creator3.6.0_Raphael/assets/example/make-path/rect.ts from cce:/internal/x/prerequisite-imports as file:///E:/cocos/cocos-awesome-tech-solutions/demo/Creator3.6.0_Raphael/assets/example/make-path/rect.ts.
debug: Resolve file:///E:/cocos/cocos-awesome-tech-solutions/demo/Creator3.6.0_Raphael/assets/example/simplify.ts from cce:/internal/x/prerequisite-imports as file:///E:/cocos/cocos-awesome-tech-solutions/demo/Creator3.6.0_Raphael/assets/example/simplify.ts.
debug: Resolve file:///E:/cocos/cocos-awesome-tech-solutions/demo/Creator3.6.0_Raphael/assets/example/smooth.ts from cce:/internal/x/prerequisite-imports as file:///E:/cocos/cocos-awesome-tech-solutions/demo/Creator3.6.0_Raphael/assets/example/smooth.ts.
debug: Resolve file:///E:/cocos/cocos-awesome-tech-solutions/demo/Creator3.6.0_Raphael/assets/example/svg.ts from cce:/internal/x/prerequisite-imports as file:///E:/cocos/cocos-awesome-tech-solutions/demo/Creator3.6.0_Raphael/assets/example/svg.ts.
debug: Resolve file:///E:/cocos/cocos-awesome-tech-solutions/demo/Creator3.6.0_Raphael/assets/raphael/GlobalUtils.ts from cce:/internal/x/prerequisite-imports as file:///E:/cocos/cocos-awesome-tech-solutions/demo/Creator3.6.0_Raphael/assets/raphael/GlobalUtils.ts.
debug: Resolve file:///E:/cocos/cocos-awesome-tech-solutions/demo/Creator3.6.0_Raphael/assets/raphael/RGroup.ts from cce:/internal/x/prerequisite-imports as file:///E:/cocos/cocos-awesome-tech-solutions/demo/Creator3.6.0_Raphael/assets/raphael/RGroup.ts.
debug: Resolve file:///E:/cocos/cocos-awesome-tech-solutions/demo/Creator3.6.0_Raphael/assets/raphael/RPath.ts from cce:/internal/x/prerequisite-imports as file:///E:/cocos/cocos-awesome-tech-solutions/demo/Creator3.6.0_Raphael/assets/raphael/RPath.ts.
debug: Resolve file:///E:/cocos/cocos-awesome-tech-solutions/demo/Creator3.6.0_Raphael/assets/raphael/utils/R.curve.ts from cce:/internal/x/prerequisite-imports as file:///E:/cocos/cocos-awesome-tech-solutions/demo/Creator3.6.0_Raphael/assets/raphael/utils/R.curve.ts.
debug: Resolve file:///E:/cocos/cocos-awesome-tech-solutions/demo/Creator3.6.0_Raphael/assets/raphael/utils/R.dash.ts from cce:/internal/x/prerequisite-imports as file:///E:/cocos/cocos-awesome-tech-solutions/demo/Creator3.6.0_Raphael/assets/raphael/utils/R.dash.ts.
debug: Resolve file:///E:/cocos/cocos-awesome-tech-solutions/demo/Creator3.6.0_Raphael/assets/raphael/utils/R.find.ts from cce:/internal/x/prerequisite-imports as file:///E:/cocos/cocos-awesome-tech-solutions/demo/Creator3.6.0_Raphael/assets/raphael/utils/R.find.ts.
debug: Resolve file:///E:/cocos/cocos-awesome-tech-solutions/demo/Creator3.6.0_Raphael/assets/raphael/utils/R.length.ts from cce:/internal/x/prerequisite-imports as file:///E:/cocos/cocos-awesome-tech-solutions/demo/Creator3.6.0_Raphael/assets/raphael/utils/R.length.ts.
debug: Resolve file:///E:/cocos/cocos-awesome-tech-solutions/demo/Creator3.6.0_Raphael/assets/raphael/utils/R.tesselateBezier.ts from cce:/internal/x/prerequisite-imports as file:///E:/cocos/cocos-awesome-tech-solutions/demo/Creator3.6.0_Raphael/assets/raphael/utils/R.tesselateBezier.ts.
debug: Resolve file:///E:/cocos/cocos-awesome-tech-solutions/demo/Creator3.6.0_Raphael/assets/raphael/utils/R.utils.ts from cce:/internal/x/prerequisite-imports as file:///E:/cocos/cocos-awesome-tech-solutions/demo/Creator3.6.0_Raphael/assets/raphael/utils/R.utils.ts.
debug: Resolve file:///E:/cocos/cocos-awesome-tech-solutions/demo/Creator3.6.0_Raphael/assets/start-scene/scripts/Global/ListItem.ts from cce:/internal/x/prerequisite-imports as file:///E:/cocos/cocos-awesome-tech-solutions/demo/Creator3.6.0_Raphael/assets/start-scene/scripts/Global/ListItem.ts.
debug: Resolve file:///E:/cocos/cocos-awesome-tech-solutions/demo/Creator3.6.0_Raphael/assets/start-scene/scripts/Global/Menu.ts from cce:/internal/x/prerequisite-imports as file:///E:/cocos/cocos-awesome-tech-solutions/demo/Creator3.6.0_Raphael/assets/start-scene/scripts/Global/Menu.ts.
debug: Resolve file:///E:/cocos/cocos-awesome-tech-solutions/demo/Creator3.6.0_Raphael/assets/start-scene/scripts/Global/SceneList.ts from cce:/internal/x/prerequisite-imports as file:///E:/cocos/cocos-awesome-tech-solutions/demo/Creator3.6.0_Raphael/assets/start-scene/scripts/Global/SceneList.ts.
debug: Target(preview) ends with cost 59.72829999960959ms.
