2022-01-19 14:47:55-log: [Package] menu@1.0.0 enable
2022-01-19 14:47:55-log: [Package] profile@1.0.0 enable
2022-01-19 14:47:55-log: [Package] project@1.0.1 enable
2022-01-19 14:47:55-log: [Package] messages@1.0.0 enable
2022-01-19 14:47:55-log: [Package] program@1.0.0 enable
2022-01-19 14:47:55-log: [Package] device@1.0.1 enable
2022-01-19 14:47:55-log: [Package] ui-kit@1.0.1 enable
2022-01-19 14:47:55-log: [Package] tester@1.0.0 enable
2022-01-19 14:47:55-log: [Package] preferences@1.0.0 enable
2022-01-19 14:47:55-log: Setup mods mgr.: 246.067ms
2022-01-19 14:47:55-log: [Package] engine@1.0.5 enable
2022-01-19 14:47:57-log: [Package] programming@1.0.0 enable
2022-01-19 14:47:57-log: [Package] engine-extends@1.0.0 enable
2022-01-19 14:47:57-log: [Package] asset-db@1.0.0 enable
2022-01-19 14:47:58-log: [Package] console@1.0.0 enable
2022-01-19 14:47:58-log: The scene cache function is turned off
2022-01-19 14:47:58-log: [Package] scene@1.0.0 enable
2022-01-19 14:47:58-log: [Package] utils@1.0.0 enable
2022-01-19 14:47:58-log: [Package] assets@1.0.0 enable
2022-01-19 14:47:58-log: [Package] inspector@1.0.0 enable
2022-01-19 14:47:58-log: [Package] hierarchy@1.0.0 enable
2022-01-19 14:47:59-log: [Package] preview@1.0.1 enable
2022-01-19 14:47:59-log: [Package] animator@1.0.0 enable
2022-01-19 14:48:00-log: [Package] builder@1.3.0 enable
2022-01-19 14:48:00-log: [Package] node-library@1.0.0 enable
2022-01-19 14:48:00-log: [Package] shortcuts@1.0.1 enable
2022-01-19 14:48:00-log: [Package] package-asset@1.0.0 enable
2022-01-19 14:48:00-log: [Package] reference-image@1.0.0 enable
2022-01-19 14:48:00-log: [Package] animation-graph@1.0.0 enable
2022-01-19 14:48:00-log: [Package] channel-upload-tools@1.0.0 enable
2022-01-19 14:48:00-log: [Package] runtime-dev-tools@1.0.0 enable
2022-01-19 14:48:00-log: [Package] lightmap@1.0.4 enable
2022-01-19 14:48:00-log: [Package] alipay-mini-game@1.0.0 enable
2022-01-19 14:48:00-log: [Package] android@1.0.0 enable
2022-01-19 14:48:00-log: [Package] baidu-mini-game@1.0.0 enable
2022-01-19 14:48:00-log: [Package] bytedance-mini-game@1.0.1 enable
2022-01-19 14:48:00-log: [Package] huawei-agc@1.0.0 enable
2022-01-19 14:48:00-log: [Package] ios@1.0.0 enable
2022-01-19 14:48:00-log: [Package] ios-app-clip@1.0.0 enable
2022-01-19 14:48:00-log: [Package] mac@1.0.0 enable
2022-01-19 14:48:00-log: [Package] native@1.0.0 enable
2022-01-19 14:48:00-log: [Package] ohos@1.0.0 enable
2022-01-19 14:48:00-log: [Package] web-desktop@1.0.0 enable
2022-01-19 14:48:01-log: [Package] web-mobile@1.0.0 enable
2022-01-19 14:48:01-log: [Package] wechatgame@1.0.1 enable
2022-01-19 14:48:01-log: [Package] windows@1.0.0 enable
2022-01-19 14:48:01-log: [Package] xiaomi-quick-game@1.0.0 enable
2022-01-19 14:48:01-log: [Package] cocos-play@1.0.0 enable
2022-01-19 14:48:01-log: [Package] huawei-quick-game@1.0.0 enable
2022-01-19 14:48:01-log: [Package] link-sure@1.0.0 enable
2022-01-19 14:48:01-log: [Package] oppo-mini-game@1.0.0 enable
2022-01-19 14:48:01-log: [Package] qtt@1.0.0 enable
2022-01-19 14:48:01-log: [Package] vivo-mini-game@1.0.0 enable
2022-01-19 14:48:01-log: [Package] cocos-service@3.0.2 enable
2022-01-19 14:48:01-log: [Package] importer@1.0.0 enable
2022-01-19 14:48:01-error: [Asset DB] Unable to import data, no suitable importer was found. {asset[BackPackUI](96a19d94-78ff-450d-9ea3-a953aa71402c)}
2022-01-19 14:48:01-error: [Asset DB] Unable to import data, no suitable importer was found. {asset[ButtonScaler](f5d10137-a10f-46fc-b96f-359972d12d98)}
2022-01-19 14:48:01-error: [Asset DB] Unable to import data, no suitable importer was found. {asset[ChargeUI](11f1ea44-7791-4fae-8b21-87c7525e03d6)}
2022-01-19 14:48:01-error: [Asset DB] Unable to import data, no suitable importer was found. {asset[EnergyCounter](70152888-42dd-4090-a9ec-1571a069d47c)}
2022-01-19 14:48:01-error: [Asset DB] Unable to import data, no suitable importer was found. {asset[HeroSlot](648ec02c-e1b4-4400-9b10-e88c9c65b5fb)}
2022-01-19 14:48:01-error: [Asset DB] Unable to import data, no suitable importer was found. {asset[HomeUI](803823c3-1a5d-497f-89ef-cdaab5832395)}
2022-01-19 14:48:01-error: [Asset DB] Unable to import data, no suitable importer was found. {asset[PanelTransition](e5284448-3a1d-42e0-9cb3-7daeb8955f65)}
2022-01-19 14:48:01-error: [Asset DB] Unable to import data, no suitable importer was found. {asset[ShopUI](b06f0ebc-525b-41dc-a3d3-2a025eb193a6)}
2022-01-19 14:48:01-error: [Asset DB] Unable to import data, no suitable importer was found. {asset[SubBtnsUI](6907fabb-e47d-4422-b2e6-8ff005060f81)}
2022-01-19 14:48:01-log: [Package] extension@3.0.13 enable
2022-01-19 14:48:02-log: [Im-plugin] Check im-plugin version.
2022-01-19 14:48:02-log: [Package] im-plugin@3.0.8 enable
2022-01-19 14:48:02-log: [Scene] begin init
2022-01-19 14:48:02-log: [Scene] require engine end
2022-01-19 14:48:02-log: [Scene] Serialize end
2022-01-19 14:48:02-log: [Scene] configureStartup end
2022-01-19 14:48:02-log: [Scene] Cocos Creator v3.4.0
2022-01-19 14:48:03-log: [Im-plugin] Im-plugin online version is 3.0.8.
2022-01-19 14:48:03-log: [Im-plugin] Im-plugin local version is 3.0.8.
2022-01-19 14:48:03-log: [Im-plugin] Im-plugin need not update.
2022-01-19 14:48:03-info: [Scene] Forward render pipeline initialized.
2022-01-19 14:48:03-log: [Scene] openEngine end
2022-01-19 14:48:03-log: [Scene] configureEngine end
2022-01-19 14:48:04-log: [Scene] The scene instant cache function is turned off
2022-01-19 14:48:04-warn: [Scene] Node "Home" has no path "upper".
2022-01-19 14:48:04-warn: [Scene] Node "Home" has no path "mask".
2022-01-19 14:48:04-warn: [Scene] Node "Home" has no path "mask".
2022-01-19 14:48:04-warn: [Scene] Node "Home" has no path "upper".
2022-01-19 14:48:04-warn: [Scene] Node "background" has no component "cc.UIOpacity".
2022-01-19 14:48:45-warn: [Scene] Node "Home" has no path "upper".
2022-01-19 14:48:45-warn: [Scene] Node "Home" has no path "mask".
2022-01-19 14:48:45-warn: [Scene] Node "Home" has no path "mask".
2022-01-19 14:48:45-warn: [Scene] Node "Home" has no path "upper".
2022-01-19 14:48:45-warn: [Scene] Node "background" has no component "cc.UIOpacity".
2022-01-19 14:49:11-warn: [Scene] Node "Home" has no path "upper".
2022-01-19 14:49:11-warn: [Scene] Node "Home" has no path "mask".
2022-01-19 14:49:11-warn: [Scene] Node "Home" has no path "mask".
2022-01-19 14:49:11-warn: [Scene] Node "Home" has no path "upper".
2022-01-19 14:49:11-warn: [Scene] Node "background" has no component "cc.UIOpacity".
2022-01-19 14:49:50-warn: [Scene] Node "Home" has no path "upper".
2022-01-19 14:49:50-warn: [Scene] Node "Home" has no path "mask".
2022-01-19 14:49:50-warn: [Scene] Node "Home" has no path "mask".
2022-01-19 14:49:50-warn: [Scene] Node "Home" has no path "upper".
2022-01-19 14:49:50-warn: [Scene] Node "background" has no component "cc.UIOpacity".
2022-01-19 14:54:32-warn: [Scene] Node "Home" has no path "upper".
2022-01-19 14:54:32-warn: [Scene] Node "Home" has no path "mask".
2022-01-19 14:54:32-warn: [Scene] Node "Home" has no path "mask".
2022-01-19 14:54:32-warn: [Scene] Node "Home" has no path "upper".
2022-01-19 14:54:32-warn: [Scene] Node "background" has no component "cc.UIOpacity".
2022-01-19 14:57:55-warn: [Scene] Node "Home" has no path "upper".
2022-01-19 14:57:55-warn: [Scene] Node "Home" has no path "mask".
2022-01-19 14:57:55-warn: [Scene] Node "Home" has no path "mask".
2022-01-19 14:57:55-warn: [Scene] Node "Home" has no path "upper".
2022-01-19 14:57:55-warn: [Scene] Node "background" has no component "cc.UIOpacity".
2022-01-19 14:57:55-warn: [Scene] Node "Home" has no path "mask".
2022-01-19 14:57:55-warn: [Scene] Node "Home" has no path "upper".
2022-01-19 14:57:55-warn: [Scene] Node "background" has no component "cc.UIOpacity".
2022-01-19 14:58:02-error: [Scene] The Asset used by component "cc.Animation" is missing. Detailed information:
Missing uuid: "5ab2e3ea-b712-480d-ab01-0f41b2e92b12"

2022-01-19 14:58:02-error: [Scene] The Asset used by component "cc.Animation" is missing. Detailed information:
Missing uuid: "a5da42bf-54a8-4f59-8ac5-70ccce1ed990"

2022-01-19 14:58:02-error: [Scene] The Asset used by component "cc.Animation" is missing. Detailed information:
Missing uuid: "8125423d-2c3c-4780-b483-dcfd4532c05f"

2022-01-19 14:58:02-error: [Scene] The Asset used by component "cc.Animation" is missing. Detailed information:
Missing uuid: "0c6f4595-4696-4740-9a41-d39aafc2734a"

2022-01-19 14:58:02-error: [Scene] The Asset used by component "cc.Animation" is missing. Detailed information:
Missing uuid: "95bc1c50-a456-4845-a533-5a8d8d2fd16b"

