2022-01-05 15:15:53-log: [Package] menu@1.0.0 enable
2022-01-05 15:15:53-log: [Package] profile@1.0.0 enable
2022-01-05 15:15:53-log: [Package] project@1.0.1 enable
2022-01-05 15:15:53-log: [Package] messages@1.0.0 enable
2022-01-05 15:15:53-log: [Package] program@1.0.0 enable
2022-01-05 15:15:53-log: [Package] device@1.0.1 enable
2022-01-05 15:15:53-log: [Package] ui-kit@1.0.1 enable
2022-01-05 15:15:53-log: [Package] tester@1.0.0 enable
2022-01-05 15:15:53-log: [Package] preferences@1.0.0 enable
2022-01-05 15:15:54-log: Setup mods mgr.: 331.436ms
2022-01-05 15:15:54-log: [Package] engine@1.0.5 enable
2022-01-05 15:15:58-log: [Package] programming@1.0.0 enable
2022-01-05 15:15:59-log: [Package] engine-extends@1.0.0 enable
2022-01-05 15:15:59-log: [Package] asset-db@1.0.0 enable
2022-01-05 15:15:59-log: [Package] console@1.0.0 enable
2022-01-05 15:15:59-log: The scene cache function is turned off
2022-01-05 15:15:59-log: [Package] scene@1.0.0 enable
2022-01-05 15:15:59-log: [Package] assets@1.0.0 enable
2022-01-05 15:15:59-log: [Package] inspector@1.0.0 enable
2022-01-05 15:15:59-log: [Package] hierarchy@1.0.0 enable
2022-01-05 15:16:01-log: [Package] preview@1.0.1 enable
2022-01-05 15:16:01-log: [Package] animator@1.0.0 enable
2022-01-05 15:16:02-log: Profile changed: builder (log.level: 4)
2022-01-05 15:16:02-log: [Package] builder@1.3.0 enable
2022-01-05 15:16:02-log: [Package] node-library@1.0.0 enable
2022-01-05 15:16:02-log: [Package] shortcuts@1.0.1 enable
2022-01-05 15:16:02-log: [Package] package-asset@1.0.0 enable
2022-01-05 15:16:03-log: [Package] reference-image@1.0.0 enable
2022-01-05 15:16:03-log: [Package] animation-graph@1.0.0 enable
2022-01-05 15:16:03-log: [Package] channel-upload-tools@1.0.0 enable
2022-01-05 15:16:03-log: [Package] runtime-dev-tools@1.0.0 enable
2022-01-05 15:16:03-log: [Package] lightmap@1.0.4 enable
2022-01-05 15:16:03-log: [Package] alipay-mini-game@1.0.0 enable
2022-01-05 15:16:03-log: [Package] android@1.0.0 enable
2022-01-05 15:16:03-log: [Package] baidu-mini-game@1.0.0 enable
2022-01-05 15:16:03-log: [Package] bytedance-mini-game@1.0.1 enable
2022-01-05 15:16:03-log: [Package] huawei-agc@1.0.0 enable
2022-01-05 15:16:03-log: [Package] ios@1.0.0 enable
2022-01-05 15:16:03-log: [Package] ios-app-clip@1.0.0 enable
2022-01-05 15:16:03-log: [Package] mac@1.0.0 enable
2022-01-05 15:16:03-log: [Package] native@1.0.0 enable
2022-01-05 15:16:03-log: [Package] ohos@1.0.0 enable
2022-01-05 15:16:03-log: [Package] web-desktop@1.0.0 enable
2022-01-05 15:16:04-log: [Package] web-mobile@1.0.0 enable
2022-01-05 15:16:04-log: [Package] wechatgame@1.0.1 enable
2022-01-05 15:16:04-log: [Package] windows@1.0.0 enable
2022-01-05 15:16:04-log: [Package] xiaomi-quick-game@1.0.0 enable
2022-01-05 15:16:04-log: [Package] cocos-play@1.0.0 enable
2022-01-05 15:16:04-log: [Package] huawei-quick-game@1.0.0 enable
2022-01-05 15:16:04-log: [Package] link-sure@1.0.0 enable
2022-01-05 15:16:04-log: [Package] oppo-mini-game@1.0.0 enable
2022-01-05 15:16:04-log: [Package] qtt@1.0.0 enable
2022-01-05 15:16:04-log: [Package] vivo-mini-game@1.0.0 enable
2022-01-05 15:16:05-log: [Package] cocos-service@3.0.2 enable
2022-01-05 15:16:05-log: [Package] importer@1.0.0 enable
2022-01-05 15:16:05-log: [Package] extension@3.0.13 enable
2022-01-05 15:16:06-log: [Im-plugin] Check im-plugin version.
2022-01-05 15:16:06-log: [Package] im-plugin@3.0.8 enable
2022-01-05 15:16:07-log: [Im-plugin] Im-plugin online version is 3.0.8.
2022-01-05 15:16:07-log: [Im-plugin] Im-plugin local version is 3.0.8.
2022-01-05 15:16:07-log: [Im-plugin] Im-plugin need not update.
2022-01-05 15:16:12-log: [Scene] begin init
2022-01-05 15:16:12-log: [Scene] require engine end
2022-01-05 15:16:12-log: [Scene] Serialize end
2022-01-05 15:16:12-log: [Scene] configureStartup end
2022-01-05 15:16:12-log: [Scene] Cocos Creator v3.4.0
2022-01-05 15:16:12-info: [Scene] Forward render pipeline initialized.
2022-01-05 15:16:13-log: [Scene] openEngine end
2022-01-05 15:16:13-log: [Scene] configureEngine end
2022-01-05 15:16:14-log: [Scene] The scene instant cache function is turned off
