debug: Mon, 07 Feb 2022 03:19:59 GMT
debug: Project: /Users/zzf520/Documents/GitHub/CococsCreator-public-technology-solutions/demo/Creator3.4.0_3D_MeshCutter
debug: Targets: editor,preview
debug: Packer deriver version file lost or format incorrect: Error: ENOENT: no such file or directory, open '/Users/zzf520/Documents/GitHub/CococsCreator-public-technology-solutions/demo/Creator3.4.0_3D_MeshCutter/temp/programming/packer-driver/VERSION'
debug: Clearing out the targets...
debug: Engine path: /Applications/CocosCreator/Creator/3.4.1/CocosCreator.app/Contents/Resources/resources/3d/engine
debug: Initializing target [Editor]
debug: Loading cache
debug: Module record file loaded failed with error: Error: ENOENT: no such file or directory, open '/Users/zzf520/Documents/GitHub/CococsCreator-public-technology-solutions/demo/Creator3.4.0_3D_MeshCutter/temp/programming/packer-driver/targets/editor/modules.json'
debug: Loading cache costs 0.36379099637269974ms.
debug: Engine features shipped in editor: base,gfx-webgl,gfx-webgl2,3d,2d,ui,particle,particle-2d,physics-framework,physics-2d-framework,intersection-2d,primitive,profiler,audio,video,terrain,webview,tween,tiled-map,spine,dragon-bones,marionette
debug: Initializing target [Preview]
debug: Loading cache
debug: Module record file loaded failed with error: Error: ENOENT: no such file or directory, open '/Users/zzf520/Documents/GitHub/CococsCreator-public-technology-solutions/demo/Creator3.4.0_3D_MeshCutter/temp/programming/packer-driver/targets/preview/modules.json'
debug: Loading cache costs 0.33399999886751175ms.
debug: Sync engine features: base,gfx-webgl,gfx-webgl2,3d,2d,ui,particle,physics-ammo,physics-2d-box2d,intersection-2d,primitive,profiler,particle-2d,audio,video,webview,tween,terrain,tiled-map,spine,dragon-bones,marionette
debug: Pulling asset-db.
debug: Fetch asset-db cost: 19.292084001004696ms.
debug: Build iteration starts.
Number of accumulated asset changes: 4
Feature changed: false
debug: Target(editor) build started.
debug: Inspect cce:/internal/x/cc
debug: Resolve cce:/internal/x/cc-fu/base from cce:/internal/x/cc as external dependency cce:/internal/x/cc-fu/base.
debug: Resolve cce:/internal/x/cc-fu/gfx-webgl from cce:/internal/x/cc as external dependency cce:/internal/x/cc-fu/gfx-webgl.
debug: Resolve cce:/internal/x/cc-fu/gfx-webgl2 from cce:/internal/x/cc as external dependency cce:/internal/x/cc-fu/gfx-webgl2.
debug: Resolve cce:/internal/x/cc-fu/3d from cce:/internal/x/cc as external dependency cce:/internal/x/cc-fu/3d.
debug: Resolve cce:/internal/x/cc-fu/2d from cce:/internal/x/cc as external dependency cce:/internal/x/cc-fu/2d.
debug: Resolve cce:/internal/x/cc-fu/ui from cce:/internal/x/cc as external dependency cce:/internal/x/cc-fu/ui.
debug: Resolve cce:/internal/x/cc-fu/particle from cce:/internal/x/cc as external dependency cce:/internal/x/cc-fu/particle.
debug: Resolve cce:/internal/x/cc-fu/particle-2d from cce:/internal/x/cc as external dependency cce:/internal/x/cc-fu/particle-2d.
debug: Resolve cce:/internal/x/cc-fu/physics-framework from cce:/internal/x/cc as external dependency cce:/internal/x/cc-fu/physics-framework.
debug: Resolve cce:/internal/x/cc-fu/physics-2d-framework from cce:/internal/x/cc as external dependency cce:/internal/x/cc-fu/physics-2d-framework.
debug: Resolve cce:/internal/x/cc-fu/intersection-2d from cce:/internal/x/cc as external dependency cce:/internal/x/cc-fu/intersection-2d.
debug: Resolve cce:/internal/x/cc-fu/primitive from cce:/internal/x/cc as external dependency cce:/internal/x/cc-fu/primitive.
debug: Resolve cce:/internal/x/cc-fu/profiler from cce:/internal/x/cc as external dependency cce:/internal/x/cc-fu/profiler.
debug: Resolve cce:/internal/x/cc-fu/audio from cce:/internal/x/cc as external dependency cce:/internal/x/cc-fu/audio.
debug: Resolve cce:/internal/x/cc-fu/video from cce:/internal/x/cc as external dependency cce:/internal/x/cc-fu/video.
debug: Resolve cce:/internal/x/cc-fu/terrain from cce:/internal/x/cc as external dependency cce:/internal/x/cc-fu/terrain.
debug: Resolve cce:/internal/x/cc-fu/webview from cce:/internal/x/cc as external dependency cce:/internal/x/cc-fu/webview.
debug: Resolve cce:/internal/x/cc-fu/tween from cce:/internal/x/cc as external dependency cce:/internal/x/cc-fu/tween.
debug: Resolve cce:/internal/x/cc-fu/tiled-map from cce:/internal/x/cc as external dependency cce:/internal/x/cc-fu/tiled-map.
debug: Resolve cce:/internal/x/cc-fu/spine from cce:/internal/x/cc as external dependency cce:/internal/x/cc-fu/spine.
debug: Resolve cce:/internal/x/cc-fu/dragon-bones from cce:/internal/x/cc as external dependency cce:/internal/x/cc-fu/dragon-bones.
debug: Inspect cce:/internal/x/prerequisite-imports
debug: Resolve file:///Users/zzf520/Documents/GitHub/CococsCreator-public-technology-solutions/demo/Creator3.4.0_3D_MeshCutter/assets/migrate-canvas.ts from cce:/internal/x/prerequisite-imports as file:///Users/zzf520/Documents/GitHub/CococsCreator-public-technology-solutions/demo/Creator3.4.0_3D_MeshCutter/assets/migrate-canvas.ts.
debug: Resolve file:///Users/zzf520/Documents/GitHub/CococsCreator-public-technology-solutions/demo/Creator3.4.0_3D_MeshCutter/assets/script/cameraMove.ts from cce:/internal/x/prerequisite-imports as file:///Users/zzf520/Documents/GitHub/CococsCreator-public-technology-solutions/demo/Creator3.4.0_3D_MeshCutter/assets/script/cameraMove.ts.
debug: Resolve file:///Users/zzf520/Documents/GitHub/CococsCreator-public-technology-solutions/demo/Creator3.4.0_3D_MeshCutter/assets/script/shatter/FastHull.ts from cce:/internal/x/prerequisite-imports as file:///Users/zzf520/Documents/GitHub/CococsCreator-public-technology-solutions/demo/Creator3.4.0_3D_MeshCutter/assets/script/shatter/FastHull.ts.
debug: Resolve file:///Users/zzf520/Documents/GitHub/CococsCreator-public-technology-solutions/demo/Creator3.4.0_3D_MeshCutter/assets/script/shatter/TouchSplit.ts from cce:/internal/x/prerequisite-imports as file:///Users/zzf520/Documents/GitHub/CococsCreator-public-technology-solutions/demo/Creator3.4.0_3D_MeshCutter/assets/script/shatter/TouchSplit.ts.
debug: Inspect file:///Users/zzf520/Documents/GitHub/CococsCreator-public-technology-solutions/demo/Creator3.4.0_3D_MeshCutter/assets/migrate-canvas.ts
debug: Inspect file:///Users/zzf520/Documents/GitHub/CococsCreator-public-technology-solutions/demo/Creator3.4.0_3D_MeshCutter/assets/script/cameraMove.ts
debug: Inspect file:///Users/zzf520/Documents/GitHub/CococsCreator-public-technology-solutions/demo/Creator3.4.0_3D_MeshCutter/assets/script/shatter/FastHull.ts
debug: Inspect file:///Users/zzf520/Documents/GitHub/CococsCreator-public-technology-solutions/demo/Creator3.4.0_3D_MeshCutter/assets/script/shatter/TouchSplit.ts
debug: Resolve cc/env from file:///Users/zzf520/Documents/GitHub/CococsCreator-public-technology-solutions/demo/Creator3.4.0_3D_MeshCutter/assets/migrate-canvas.ts as external dependency cc/env.
debug: Resolve cc from file:///Users/zzf520/Documents/GitHub/CococsCreator-public-technology-solutions/demo/Creator3.4.0_3D_MeshCutter/assets/migrate-canvas.ts as cce:/internal/x/cc.
debug: Resolve cc from file:///Users/zzf520/Documents/GitHub/CococsCreator-public-technology-solutions/demo/Creator3.4.0_3D_MeshCutter/assets/migrate-canvas.ts as cce:/internal/x/cc.
debug: Resolve cce:/internal/code-quality/cr.mjs from file:///Users/zzf520/Documents/GitHub/CococsCreator-public-technology-solutions/demo/Creator3.4.0_3D_MeshCutter/assets/script/shatter/TouchSplit.ts as cce:/internal/code-quality/cr.mjs.
debug: Resolve cc from file:///Users/zzf520/Documents/GitHub/CococsCreator-public-technology-solutions/demo/Creator3.4.0_3D_MeshCutter/assets/script/shatter/TouchSplit.ts as cce:/internal/x/cc.
debug: Resolve cc from file:///Users/zzf520/Documents/GitHub/CococsCreator-public-technology-solutions/demo/Creator3.4.0_3D_MeshCutter/assets/script/shatter/TouchSplit.ts as cce:/internal/x/cc.
debug: Inspect cce:/internal/code-quality/cr.mjs
debug: Resolve cc from file:///Users/zzf520/Documents/GitHub/CococsCreator-public-technology-solutions/demo/Creator3.4.0_3D_MeshCutter/assets/script/cameraMove.ts as cce:/internal/x/cc.
debug: Resolve cc from file:///Users/zzf520/Documents/GitHub/CococsCreator-public-technology-solutions/demo/Creator3.4.0_3D_MeshCutter/assets/script/cameraMove.ts as cce:/internal/x/cc.
debug: Resolve cc from file:///Users/zzf520/Documents/GitHub/CococsCreator-public-technology-solutions/demo/Creator3.4.0_3D_MeshCutter/assets/script/shatter/FastHull.ts as cce:/internal/x/cc.
debug: Resolve cc from file:///Users/zzf520/Documents/GitHub/CococsCreator-public-technology-solutions/demo/Creator3.4.0_3D_MeshCutter/assets/script/shatter/FastHull.ts as cce:/internal/x/cc.
debug: Resolve ./FastHull from file:///Users/zzf520/Documents/GitHub/CococsCreator-public-technology-solutions/demo/Creator3.4.0_3D_MeshCutter/assets/script/shatter/TouchSplit.ts as file:///Users/zzf520/Documents/GitHub/CococsCreator-public-technology-solutions/demo/Creator3.4.0_3D_MeshCutter/assets/script/shatter/FastHull.ts.
debug: Target(editor) ends with cost 859.0600840002298ms.
debug: Target(preview) build started.
debug: Inspect cce:/internal/x/cc
debug: Resolve cce:/internal/x/cc-fu/base from cce:/internal/x/cc as external dependency cce:/internal/x/cc-fu/base.
debug: Resolve cce:/internal/x/cc-fu/gfx-webgl from cce:/internal/x/cc as external dependency cce:/internal/x/cc-fu/gfx-webgl.
debug: Resolve cce:/internal/x/cc-fu/gfx-webgl2 from cce:/internal/x/cc as external dependency cce:/internal/x/cc-fu/gfx-webgl2.
debug: Resolve cce:/internal/x/cc-fu/3d from cce:/internal/x/cc as external dependency cce:/internal/x/cc-fu/3d.
debug: Resolve cce:/internal/x/cc-fu/2d from cce:/internal/x/cc as external dependency cce:/internal/x/cc-fu/2d.
debug: Resolve cce:/internal/x/cc-fu/ui from cce:/internal/x/cc as external dependency cce:/internal/x/cc-fu/ui.
debug: Resolve cce:/internal/x/cc-fu/particle from cce:/internal/x/cc as external dependency cce:/internal/x/cc-fu/particle.
debug: Resolve cce:/internal/x/cc-fu/physics-ammo from cce:/internal/x/cc as external dependency cce:/internal/x/cc-fu/physics-ammo.
debug: Resolve cce:/internal/x/cc-fu/physics-framework from cce:/internal/x/cc as external dependency cce:/internal/x/cc-fu/physics-framework.
debug: Resolve cce:/internal/x/cc-fu/wait-for-ammo-instantiation from cce:/internal/x/cc as external dependency cce:/internal/x/cc-fu/wait-for-ammo-instantiation.
debug: Resolve cce:/internal/x/cc-fu/physics-2d-box2d from cce:/internal/x/cc as external dependency cce:/internal/x/cc-fu/physics-2d-box2d.
debug: Resolve cce:/internal/x/cc-fu/physics-2d-framework from cce:/internal/x/cc as external dependency cce:/internal/x/cc-fu/physics-2d-framework.
debug: Resolve cce:/internal/x/cc-fu/intersection-2d from cce:/internal/x/cc as external dependency cce:/internal/x/cc-fu/intersection-2d.
debug: Resolve cce:/internal/x/cc-fu/primitive from cce:/internal/x/cc as external dependency cce:/internal/x/cc-fu/primitive.
debug: Resolve cce:/internal/x/cc-fu/profiler from cce:/internal/x/cc as external dependency cce:/internal/x/cc-fu/profiler.
debug: Resolve cce:/internal/x/cc-fu/particle-2d from cce:/internal/x/cc as external dependency cce:/internal/x/cc-fu/particle-2d.
debug: Resolve cce:/internal/x/cc-fu/audio from cce:/internal/x/cc as external dependency cce:/internal/x/cc-fu/audio.
debug: Resolve cce:/internal/x/cc-fu/video from cce:/internal/x/cc as external dependency cce:/internal/x/cc-fu/video.
debug: Resolve cce:/internal/x/cc-fu/webview from cce:/internal/x/cc as external dependency cce:/internal/x/cc-fu/webview.
debug: Resolve cce:/internal/x/cc-fu/tween from cce:/internal/x/cc as external dependency cce:/internal/x/cc-fu/tween.
debug: Resolve cce:/internal/x/cc-fu/terrain from cce:/internal/x/cc as external dependency cce:/internal/x/cc-fu/terrain.
debug: Resolve cce:/internal/x/cc-fu/tiled-map from cce:/internal/x/cc as external dependency cce:/internal/x/cc-fu/tiled-map.
debug: Resolve cce:/internal/x/cc-fu/spine from cce:/internal/x/cc as external dependency cce:/internal/x/cc-fu/spine.
debug: Resolve cce:/internal/x/cc-fu/dragon-bones from cce:/internal/x/cc as external dependency cce:/internal/x/cc-fu/dragon-bones.
debug: Inspect cce:/internal/x/prerequisite-imports
debug: Resolve file:///Users/zzf520/Documents/GitHub/CococsCreator-public-technology-solutions/demo/Creator3.4.0_3D_MeshCutter/assets/migrate-canvas.ts from cce:/internal/x/prerequisite-imports as file:///Users/zzf520/Documents/GitHub/CococsCreator-public-technology-solutions/demo/Creator3.4.0_3D_MeshCutter/assets/migrate-canvas.ts.
debug: Resolve file:///Users/zzf520/Documents/GitHub/CococsCreator-public-technology-solutions/demo/Creator3.4.0_3D_MeshCutter/assets/script/cameraMove.ts from cce:/internal/x/prerequisite-imports as file:///Users/zzf520/Documents/GitHub/CococsCreator-public-technology-solutions/demo/Creator3.4.0_3D_MeshCutter/assets/script/cameraMove.ts.
debug: Resolve file:///Users/zzf520/Documents/GitHub/CococsCreator-public-technology-solutions/demo/Creator3.4.0_3D_MeshCutter/assets/script/shatter/FastHull.ts from cce:/internal/x/prerequisite-imports as file:///Users/zzf520/Documents/GitHub/CococsCreator-public-technology-solutions/demo/Creator3.4.0_3D_MeshCutter/assets/script/shatter/FastHull.ts.
debug: Resolve file:///Users/zzf520/Documents/GitHub/CococsCreator-public-technology-solutions/demo/Creator3.4.0_3D_MeshCutter/assets/script/shatter/TouchSplit.ts from cce:/internal/x/prerequisite-imports as file:///Users/zzf520/Documents/GitHub/CococsCreator-public-technology-solutions/demo/Creator3.4.0_3D_MeshCutter/assets/script/shatter/TouchSplit.ts.
debug: Inspect file:///Users/zzf520/Documents/GitHub/CococsCreator-public-technology-solutions/demo/Creator3.4.0_3D_MeshCutter/assets/migrate-canvas.ts
debug: Inspect file:///Users/zzf520/Documents/GitHub/CococsCreator-public-technology-solutions/demo/Creator3.4.0_3D_MeshCutter/assets/script/cameraMove.ts
debug: Inspect file:///Users/zzf520/Documents/GitHub/CococsCreator-public-technology-solutions/demo/Creator3.4.0_3D_MeshCutter/assets/script/shatter/FastHull.ts
debug: Inspect file:///Users/zzf520/Documents/GitHub/CococsCreator-public-technology-solutions/demo/Creator3.4.0_3D_MeshCutter/assets/script/shatter/TouchSplit.ts
debug: Resolve cc/env from file:///Users/zzf520/Documents/GitHub/CococsCreator-public-technology-solutions/demo/Creator3.4.0_3D_MeshCutter/assets/migrate-canvas.ts as external dependency cc/env.
debug: Resolve cc from file:///Users/zzf520/Documents/GitHub/CococsCreator-public-technology-solutions/demo/Creator3.4.0_3D_MeshCutter/assets/migrate-canvas.ts as cce:/internal/x/cc.
debug: Resolve cc from file:///Users/zzf520/Documents/GitHub/CococsCreator-public-technology-solutions/demo/Creator3.4.0_3D_MeshCutter/assets/migrate-canvas.ts as cce:/internal/x/cc.
debug: Resolve cc from file:///Users/zzf520/Documents/GitHub/CococsCreator-public-technology-solutions/demo/Creator3.4.0_3D_MeshCutter/assets/script/cameraMove.ts as cce:/internal/x/cc.
debug: Resolve cc from file:///Users/zzf520/Documents/GitHub/CococsCreator-public-technology-solutions/demo/Creator3.4.0_3D_MeshCutter/assets/script/cameraMove.ts as cce:/internal/x/cc.
debug: Resolve cc from file:///Users/zzf520/Documents/GitHub/CococsCreator-public-technology-solutions/demo/Creator3.4.0_3D_MeshCutter/assets/script/shatter/FastHull.ts as cce:/internal/x/cc.
debug: Resolve cc from file:///Users/zzf520/Documents/GitHub/CococsCreator-public-technology-solutions/demo/Creator3.4.0_3D_MeshCutter/assets/script/shatter/FastHull.ts as cce:/internal/x/cc.
debug: Resolve cce:/internal/code-quality/cr.mjs from file:///Users/zzf520/Documents/GitHub/CococsCreator-public-technology-solutions/demo/Creator3.4.0_3D_MeshCutter/assets/script/shatter/TouchSplit.ts as cce:/internal/code-quality/cr.mjs.
debug: Resolve cc from file:///Users/zzf520/Documents/GitHub/CococsCreator-public-technology-solutions/demo/Creator3.4.0_3D_MeshCutter/assets/script/shatter/TouchSplit.ts as cce:/internal/x/cc.
debug: Resolve cc from file:///Users/zzf520/Documents/GitHub/CococsCreator-public-technology-solutions/demo/Creator3.4.0_3D_MeshCutter/assets/script/shatter/TouchSplit.ts as cce:/internal/x/cc.
debug: Inspect cce:/internal/code-quality/cr.mjs
debug: Resolve ./FastHull from file:///Users/zzf520/Documents/GitHub/CococsCreator-public-technology-solutions/demo/Creator3.4.0_3D_MeshCutter/assets/script/shatter/TouchSplit.ts as file:///Users/zzf520/Documents/GitHub/CococsCreator-public-technology-solutions/demo/Creator3.4.0_3D_MeshCutter/assets/script/shatter/FastHull.ts.
debug: Target(preview) ends with cost 701.939957998693ms.
