debug: Wed, 19 Jan 2022 06:47:57 GMT
debug: Project: F:\GitHub\ZheFengZhang\CococsCreator public technology solutions\demo\Creator3.4.0_ScrollviewExtension
debug: Targets: editor,preview
debug: Incremental file seems great.
debug: Engine path: D:\CocosDashboard_1.0.10\resources\.editors\Creator\3.4.0\resources\resources\3d\engine
debug: Initializing target [Editor]
debug: Loading cache
debug: Loading cache costs 2.711299955844879ms.
debug: Engine features shipped in editor: base,gfx-webgl,gfx-webgl2,3d,2d,ui,particle,particle-2d,physics-framework,physics-2d-framework,intersection-2d,primitive,profiler,audio,video,terrain,webview,tween,tiled-map,spine,dragon-bones,marionette
debug: Initializing target [Preview]
debug: Loading cache
debug: Loading cache costs 1.4675999879837036ms.
debug: Sync engine features: base,gfx-webgl,gfx-webgl2,3d,2d,ui,particle,physics-ammo,physics-2d-box2d,intersection-2d,primitive,profiler,particle-2d,audio,video,webview,tween,terrain,tiled-map,spine,dragon-bones,marionette
debug: Pulling asset-db.
debug: Fetch asset-db cost: 9.067600011825562ms.
debug: Build iteration starts.
Number of accumulated asset changes: 11
Feature changed: false
debug: Target(editor) build started.
debug: Detected change: cce:/internal/x/cc. Last mtime: Thu Jan 01 1970 08:00:18 GMT+0800 (中国标准时间), Current mtime: Thu Jan 01 1970 08:00:05 GMT+0800 (中国标准时间)
debug: Inspect cce:/internal/x/cc
debug: Resolve cce:/internal/x/cc-fu/base from cce:/internal/x/cc as external dependency cce:/internal/x/cc-fu/base.
debug: Resolve cce:/internal/x/cc-fu/gfx-webgl from cce:/internal/x/cc as external dependency cce:/internal/x/cc-fu/gfx-webgl.
debug: Resolve cce:/internal/x/cc-fu/gfx-webgl2 from cce:/internal/x/cc as external dependency cce:/internal/x/cc-fu/gfx-webgl2.
debug: Resolve cce:/internal/x/cc-fu/3d from cce:/internal/x/cc as external dependency cce:/internal/x/cc-fu/3d.
debug: Resolve cce:/internal/x/cc-fu/2d from cce:/internal/x/cc as external dependency cce:/internal/x/cc-fu/2d.
debug: Resolve cce:/internal/x/cc-fu/ui from cce:/internal/x/cc as external dependency cce:/internal/x/cc-fu/ui.
debug: Resolve cce:/internal/x/cc-fu/particle from cce:/internal/x/cc as external dependency cce:/internal/x/cc-fu/particle.
debug: Resolve cce:/internal/x/cc-fu/particle-2d from cce:/internal/x/cc as external dependency cce:/internal/x/cc-fu/particle-2d.
debug: Resolve cce:/internal/x/cc-fu/physics-framework from cce:/internal/x/cc as external dependency cce:/internal/x/cc-fu/physics-framework.
debug: Resolve cce:/internal/x/cc-fu/physics-2d-framework from cce:/internal/x/cc as external dependency cce:/internal/x/cc-fu/physics-2d-framework.
debug: Resolve cce:/internal/x/cc-fu/intersection-2d from cce:/internal/x/cc as external dependency cce:/internal/x/cc-fu/intersection-2d.
debug: Resolve cce:/internal/x/cc-fu/primitive from cce:/internal/x/cc as external dependency cce:/internal/x/cc-fu/primitive.
debug: Resolve cce:/internal/x/cc-fu/profiler from cce:/internal/x/cc as external dependency cce:/internal/x/cc-fu/profiler.
debug: Resolve cce:/internal/x/cc-fu/audio from cce:/internal/x/cc as external dependency cce:/internal/x/cc-fu/audio.
debug: Resolve cce:/internal/x/cc-fu/video from cce:/internal/x/cc as external dependency cce:/internal/x/cc-fu/video.
debug: Resolve cce:/internal/x/cc-fu/terrain from cce:/internal/x/cc as external dependency cce:/internal/x/cc-fu/terrain.
debug: Resolve cce:/internal/x/cc-fu/webview from cce:/internal/x/cc as external dependency cce:/internal/x/cc-fu/webview.
debug: Resolve cce:/internal/x/cc-fu/tween from cce:/internal/x/cc as external dependency cce:/internal/x/cc-fu/tween.
debug: Resolve cce:/internal/x/cc-fu/tiled-map from cce:/internal/x/cc as external dependency cce:/internal/x/cc-fu/tiled-map.
debug: Resolve cce:/internal/x/cc-fu/spine from cce:/internal/x/cc as external dependency cce:/internal/x/cc-fu/spine.
debug: Resolve cce:/internal/x/cc-fu/dragon-bones from cce:/internal/x/cc as external dependency cce:/internal/x/cc-fu/dragon-bones.
debug: Detected change: cce:/internal/x/prerequisite-imports. Last mtime: Thu Jan 01 1970 08:02:12 GMT+0800 (中国标准时间), Current mtime: Thu Jan 01 1970 08:00:10 GMT+0800 (中国标准时间)
debug: Inspect cce:/internal/x/prerequisite-imports
debug: Resolve file:///F:/GitHub/ZheFengZhang/CococsCreator%20public%20technology%20solutions/demo/Creator3.4.0_ScrollviewExtension/assets/migrate-canvas.ts from cce:/internal/x/prerequisite-imports as file:///F:/GitHub/ZheFengZhang/CococsCreator%20public%20technology%20solutions/demo/Creator3.4.0_ScrollviewExtension/assets/migrate-canvas.ts.
debug: Resolve file:///F:/GitHub/ZheFengZhang/CococsCreator%20public%20technology%20solutions/demo/Creator3.4.0_ScrollviewExtension/assets/resources/uiTest/scripts/BackPackUI.ts from cce:/internal/x/prerequisite-imports as file:///F:/GitHub/ZheFengZhang/CococsCreator%20public%20technology%20solutions/demo/Creator3.4.0_ScrollviewExtension/assets/resources/uiTest/scripts/BackPackUI.ts.
debug: Resolve file:///F:/GitHub/ZheFengZhang/CococsCreator%20public%20technology%20solutions/demo/Creator3.4.0_ScrollviewExtension/assets/resources/uiTest/scripts/ButtonScaler.ts from cce:/internal/x/prerequisite-imports as file:///F:/GitHub/ZheFengZhang/CococsCreator%20public%20technology%20solutions/demo/Creator3.4.0_ScrollviewExtension/assets/resources/uiTest/scripts/ButtonScaler.ts.
debug: Resolve file:///F:/GitHub/ZheFengZhang/CococsCreator%20public%20technology%20solutions/demo/Creator3.4.0_ScrollviewExtension/assets/resources/uiTest/scripts/ChargeUI.ts from cce:/internal/x/prerequisite-imports as file:///F:/GitHub/ZheFengZhang/CococsCreator%20public%20technology%20solutions/demo/Creator3.4.0_ScrollviewExtension/assets/resources/uiTest/scripts/ChargeUI.ts.
debug: Resolve file:///F:/GitHub/ZheFengZhang/CococsCreator%20public%20technology%20solutions/demo/Creator3.4.0_ScrollviewExtension/assets/resources/uiTest/scripts/EnergyCounter.ts from cce:/internal/x/prerequisite-imports as file:///F:/GitHub/ZheFengZhang/CococsCreator%20public%20technology%20solutions/demo/Creator3.4.0_ScrollviewExtension/assets/resources/uiTest/scripts/EnergyCounter.ts.
debug: Resolve file:///F:/GitHub/ZheFengZhang/CococsCreator%20public%20technology%20solutions/demo/Creator3.4.0_ScrollviewExtension/assets/resources/uiTest/scripts/HeroSlot.ts from cce:/internal/x/prerequisite-imports as file:///F:/GitHub/ZheFengZhang/CococsCreator%20public%20technology%20solutions/demo/Creator3.4.0_ScrollviewExtension/assets/resources/uiTest/scripts/HeroSlot.ts.
debug: Resolve file:///F:/GitHub/ZheFengZhang/CococsCreator%20public%20technology%20solutions/demo/Creator3.4.0_ScrollviewExtension/assets/resources/uiTest/scripts/HomeUI.ts from cce:/internal/x/prerequisite-imports as file:///F:/GitHub/ZheFengZhang/CococsCreator%20public%20technology%20solutions/demo/Creator3.4.0_ScrollviewExtension/assets/resources/uiTest/scripts/HomeUI.ts.
debug: Resolve file:///F:/GitHub/ZheFengZhang/CococsCreator%20public%20technology%20solutions/demo/Creator3.4.0_ScrollviewExtension/assets/resources/uiTest/scripts/PanelTransition.ts from cce:/internal/x/prerequisite-imports as file:///F:/GitHub/ZheFengZhang/CococsCreator%20public%20technology%20solutions/demo/Creator3.4.0_ScrollviewExtension/assets/resources/uiTest/scripts/PanelTransition.ts.
debug: Resolve file:///F:/GitHub/ZheFengZhang/CococsCreator%20public%20technology%20solutions/demo/Creator3.4.0_ScrollviewExtension/assets/resources/uiTest/scripts/ShopUI.ts from cce:/internal/x/prerequisite-imports as file:///F:/GitHub/ZheFengZhang/CococsCreator%20public%20technology%20solutions/demo/Creator3.4.0_ScrollviewExtension/assets/resources/uiTest/scripts/ShopUI.ts.
debug: Resolve file:///F:/GitHub/ZheFengZhang/CococsCreator%20public%20technology%20solutions/demo/Creator3.4.0_ScrollviewExtension/assets/resources/uiTest/scripts/SubBtnsUI.ts from cce:/internal/x/prerequisite-imports as file:///F:/GitHub/ZheFengZhang/CococsCreator%20public%20technology%20solutions/demo/Creator3.4.0_ScrollviewExtension/assets/resources/uiTest/scripts/SubBtnsUI.ts.
debug: Resolve file:///F:/GitHub/ZheFengZhang/CococsCreator%20public%20technology%20solutions/demo/Creator3.4.0_ScrollviewExtension/assets/scripts/list-view-ctrl.ts from cce:/internal/x/prerequisite-imports as file:///F:/GitHub/ZheFengZhang/CococsCreator%20public%20technology%20solutions/demo/Creator3.4.0_ScrollviewExtension/assets/scripts/list-view-ctrl.ts.
debug: Inspect file:///F:/GitHub/ZheFengZhang/CococsCreator%20public%20technology%20solutions/demo/Creator3.4.0_ScrollviewExtension/assets/migrate-canvas.ts
debug: Inspect file:///F:/GitHub/ZheFengZhang/CococsCreator%20public%20technology%20solutions/demo/Creator3.4.0_ScrollviewExtension/assets/resources/uiTest/scripts/BackPackUI.ts
debug: Inspect file:///F:/GitHub/ZheFengZhang/CococsCreator%20public%20technology%20solutions/demo/Creator3.4.0_ScrollviewExtension/assets/resources/uiTest/scripts/ButtonScaler.ts
debug: Inspect file:///F:/GitHub/ZheFengZhang/CococsCreator%20public%20technology%20solutions/demo/Creator3.4.0_ScrollviewExtension/assets/resources/uiTest/scripts/ChargeUI.ts
debug: Inspect file:///F:/GitHub/ZheFengZhang/CococsCreator%20public%20technology%20solutions/demo/Creator3.4.0_ScrollviewExtension/assets/resources/uiTest/scripts/EnergyCounter.ts
debug: Inspect file:///F:/GitHub/ZheFengZhang/CococsCreator%20public%20technology%20solutions/demo/Creator3.4.0_ScrollviewExtension/assets/resources/uiTest/scripts/HeroSlot.ts
debug: Inspect file:///F:/GitHub/ZheFengZhang/CococsCreator%20public%20technology%20solutions/demo/Creator3.4.0_ScrollviewExtension/assets/resources/uiTest/scripts/HomeUI.ts
debug: Inspect file:///F:/GitHub/ZheFengZhang/CococsCreator%20public%20technology%20solutions/demo/Creator3.4.0_ScrollviewExtension/assets/resources/uiTest/scripts/PanelTransition.ts
debug: Inspect file:///F:/GitHub/ZheFengZhang/CococsCreator%20public%20technology%20solutions/demo/Creator3.4.0_ScrollviewExtension/assets/resources/uiTest/scripts/ShopUI.ts
debug: Inspect file:///F:/GitHub/ZheFengZhang/CococsCreator%20public%20technology%20solutions/demo/Creator3.4.0_ScrollviewExtension/assets/resources/uiTest/scripts/SubBtnsUI.ts
debug: Inspect file:///F:/GitHub/ZheFengZhang/CococsCreator%20public%20technology%20solutions/demo/Creator3.4.0_ScrollviewExtension/assets/scripts/list-view-ctrl.ts
debug: Resolve cc/env from file:///F:/GitHub/ZheFengZhang/CococsCreator%20public%20technology%20solutions/demo/Creator3.4.0_ScrollviewExtension/assets/migrate-canvas.ts as external dependency cc/env.
debug: Resolve cc from file:///F:/GitHub/ZheFengZhang/CococsCreator%20public%20technology%20solutions/demo/Creator3.4.0_ScrollviewExtension/assets/migrate-canvas.ts as cce:/internal/x/cc.
debug: Resolve cc from file:///F:/GitHub/ZheFengZhang/CococsCreator%20public%20technology%20solutions/demo/Creator3.4.0_ScrollviewExtension/assets/migrate-canvas.ts as cce:/internal/x/cc.
debug: Resolve cc from file:///F:/GitHub/ZheFengZhang/CococsCreator%20public%20technology%20solutions/demo/Creator3.4.0_ScrollviewExtension/assets/resources/uiTest/scripts/BackPackUI.ts as cce:/internal/x/cc.
debug: Resolve cc from file:///F:/GitHub/ZheFengZhang/CococsCreator%20public%20technology%20solutions/demo/Creator3.4.0_ScrollviewExtension/assets/resources/uiTest/scripts/BackPackUI.ts as cce:/internal/x/cc.
debug: Resolve cc from file:///F:/GitHub/ZheFengZhang/CococsCreator%20public%20technology%20solutions/demo/Creator3.4.0_ScrollviewExtension/assets/resources/uiTest/scripts/HeroSlot.ts as cce:/internal/x/cc.
debug: Resolve cc from file:///F:/GitHub/ZheFengZhang/CococsCreator%20public%20technology%20solutions/demo/Creator3.4.0_ScrollviewExtension/assets/resources/uiTest/scripts/HeroSlot.ts as cce:/internal/x/cc.
debug: Resolve cc from file:///F:/GitHub/ZheFengZhang/CococsCreator%20public%20technology%20solutions/demo/Creator3.4.0_ScrollviewExtension/assets/resources/uiTest/scripts/ChargeUI.ts as cce:/internal/x/cc.
debug: Resolve cc from file:///F:/GitHub/ZheFengZhang/CococsCreator%20public%20technology%20solutions/demo/Creator3.4.0_ScrollviewExtension/assets/resources/uiTest/scripts/ChargeUI.ts as cce:/internal/x/cc.
debug: Resolve cc from file:///F:/GitHub/ZheFengZhang/CococsCreator%20public%20technology%20solutions/demo/Creator3.4.0_ScrollviewExtension/assets/resources/uiTest/scripts/ButtonScaler.ts as cce:/internal/x/cc.
debug: Resolve cc from file:///F:/GitHub/ZheFengZhang/CococsCreator%20public%20technology%20solutions/demo/Creator3.4.0_ScrollviewExtension/assets/resources/uiTest/scripts/ButtonScaler.ts as cce:/internal/x/cc.
debug: Resolve cc from file:///F:/GitHub/ZheFengZhang/CococsCreator%20public%20technology%20solutions/demo/Creator3.4.0_ScrollviewExtension/assets/resources/uiTest/scripts/EnergyCounter.ts as cce:/internal/x/cc.
debug: Resolve cc from file:///F:/GitHub/ZheFengZhang/CococsCreator%20public%20technology%20solutions/demo/Creator3.4.0_ScrollviewExtension/assets/resources/uiTest/scripts/EnergyCounter.ts as cce:/internal/x/cc.
debug: Resolve cce:/internal/code-quality/cr.mjs from file:///F:/GitHub/ZheFengZhang/CococsCreator%20public%20technology%20solutions/demo/Creator3.4.0_ScrollviewExtension/assets/resources/uiTest/scripts/HomeUI.ts as cce:/internal/code-quality/cr.mjs.
debug: Resolve cc from file:///F:/GitHub/ZheFengZhang/CococsCreator%20public%20technology%20solutions/demo/Creator3.4.0_ScrollviewExtension/assets/resources/uiTest/scripts/HomeUI.ts as cce:/internal/x/cc.
debug: Resolve cc from file:///F:/GitHub/ZheFengZhang/CococsCreator%20public%20technology%20solutions/demo/Creator3.4.0_ScrollviewExtension/assets/resources/uiTest/scripts/HomeUI.ts as cce:/internal/x/cc.
debug: Detected change: cce:/internal/code-quality/cr.mjs. Last mtime: Wed Jan 19 2022 11:44:22 GMT+0800 (中国标准时间), Current mtime: Wed Jan 19 2022 14:47:52 GMT+0800 (中国标准时间)
debug: Inspect cce:/internal/code-quality/cr.mjs
debug: Resolve cc from file:///F:/GitHub/ZheFengZhang/CococsCreator%20public%20technology%20solutions/demo/Creator3.4.0_ScrollviewExtension/assets/resources/uiTest/scripts/PanelTransition.ts as cce:/internal/x/cc.
debug: Resolve cc from file:///F:/GitHub/ZheFengZhang/CococsCreator%20public%20technology%20solutions/demo/Creator3.4.0_ScrollviewExtension/assets/resources/uiTest/scripts/PanelTransition.ts as cce:/internal/x/cc.
debug: Resolve cc from file:///F:/GitHub/ZheFengZhang/CococsCreator%20public%20technology%20solutions/demo/Creator3.4.0_ScrollviewExtension/assets/scripts/list-view-ctrl.ts as cce:/internal/x/cc.
debug: Resolve cc from file:///F:/GitHub/ZheFengZhang/CococsCreator%20public%20technology%20solutions/demo/Creator3.4.0_ScrollviewExtension/assets/scripts/list-view-ctrl.ts as cce:/internal/x/cc.
debug: Resolve cc from file:///F:/GitHub/ZheFengZhang/CococsCreator%20public%20technology%20solutions/demo/Creator3.4.0_ScrollviewExtension/assets/resources/uiTest/scripts/ShopUI.ts as cce:/internal/x/cc.
debug: Resolve cc from file:///F:/GitHub/ZheFengZhang/CococsCreator%20public%20technology%20solutions/demo/Creator3.4.0_ScrollviewExtension/assets/resources/uiTest/scripts/ShopUI.ts as cce:/internal/x/cc.
debug: Resolve cc from file:///F:/GitHub/ZheFengZhang/CococsCreator%20public%20technology%20solutions/demo/Creator3.4.0_ScrollviewExtension/assets/resources/uiTest/scripts/SubBtnsUI.ts as cce:/internal/x/cc.
debug: Resolve cc from file:///F:/GitHub/ZheFengZhang/CococsCreator%20public%20technology%20solutions/demo/Creator3.4.0_ScrollviewExtension/assets/resources/uiTest/scripts/SubBtnsUI.ts as cce:/internal/x/cc.
debug: Resolve ./BackPackUI from file:///F:/GitHub/ZheFengZhang/CococsCreator%20public%20technology%20solutions/demo/Creator3.4.0_ScrollviewExtension/assets/resources/uiTest/scripts/HomeUI.ts as file:///F:/GitHub/ZheFengZhang/CococsCreator%20public%20technology%20solutions/demo/Creator3.4.0_ScrollviewExtension/assets/resources/uiTest/scripts/BackPackUI.ts.
debug: Target(editor) ends with cost 601.9938000440598ms.
debug: Target(preview) build started.
debug: Detected change: cce:/internal/x/cc. Last mtime: Thu Jan 01 1970 08:00:18 GMT+0800 (中国标准时间), Current mtime: Thu Jan 01 1970 08:00:05 GMT+0800 (中国标准时间)
debug: Inspect cce:/internal/x/cc
debug: Resolve cce:/internal/x/cc-fu/base from cce:/internal/x/cc as external dependency cce:/internal/x/cc-fu/base.
debug: Resolve cce:/internal/x/cc-fu/gfx-webgl from cce:/internal/x/cc as external dependency cce:/internal/x/cc-fu/gfx-webgl.
debug: Resolve cce:/internal/x/cc-fu/gfx-webgl2 from cce:/internal/x/cc as external dependency cce:/internal/x/cc-fu/gfx-webgl2.
debug: Resolve cce:/internal/x/cc-fu/3d from cce:/internal/x/cc as external dependency cce:/internal/x/cc-fu/3d.
debug: Resolve cce:/internal/x/cc-fu/2d from cce:/internal/x/cc as external dependency cce:/internal/x/cc-fu/2d.
debug: Resolve cce:/internal/x/cc-fu/ui from cce:/internal/x/cc as external dependency cce:/internal/x/cc-fu/ui.
debug: Resolve cce:/internal/x/cc-fu/particle from cce:/internal/x/cc as external dependency cce:/internal/x/cc-fu/particle.
debug: Resolve cce:/internal/x/cc-fu/physics-ammo from cce:/internal/x/cc as external dependency cce:/internal/x/cc-fu/physics-ammo.
debug: Resolve cce:/internal/x/cc-fu/physics-framework from cce:/internal/x/cc as external dependency cce:/internal/x/cc-fu/physics-framework.
debug: Resolve cce:/internal/x/cc-fu/wait-for-ammo-instantiation from cce:/internal/x/cc as external dependency cce:/internal/x/cc-fu/wait-for-ammo-instantiation.
debug: Resolve cce:/internal/x/cc-fu/physics-2d-box2d from cce:/internal/x/cc as external dependency cce:/internal/x/cc-fu/physics-2d-box2d.
debug: Resolve cce:/internal/x/cc-fu/physics-2d-framework from cce:/internal/x/cc as external dependency cce:/internal/x/cc-fu/physics-2d-framework.
debug: Resolve cce:/internal/x/cc-fu/intersection-2d from cce:/internal/x/cc as external dependency cce:/internal/x/cc-fu/intersection-2d.
debug: Resolve cce:/internal/x/cc-fu/primitive from cce:/internal/x/cc as external dependency cce:/internal/x/cc-fu/primitive.
debug: Resolve cce:/internal/x/cc-fu/profiler from cce:/internal/x/cc as external dependency cce:/internal/x/cc-fu/profiler.
debug: Resolve cce:/internal/x/cc-fu/particle-2d from cce:/internal/x/cc as external dependency cce:/internal/x/cc-fu/particle-2d.
debug: Resolve cce:/internal/x/cc-fu/audio from cce:/internal/x/cc as external dependency cce:/internal/x/cc-fu/audio.
debug: Resolve cce:/internal/x/cc-fu/video from cce:/internal/x/cc as external dependency cce:/internal/x/cc-fu/video.
debug: Resolve cce:/internal/x/cc-fu/webview from cce:/internal/x/cc as external dependency cce:/internal/x/cc-fu/webview.
debug: Resolve cce:/internal/x/cc-fu/tween from cce:/internal/x/cc as external dependency cce:/internal/x/cc-fu/tween.
debug: Resolve cce:/internal/x/cc-fu/terrain from cce:/internal/x/cc as external dependency cce:/internal/x/cc-fu/terrain.
debug: Resolve cce:/internal/x/cc-fu/tiled-map from cce:/internal/x/cc as external dependency cce:/internal/x/cc-fu/tiled-map.
debug: Resolve cce:/internal/x/cc-fu/spine from cce:/internal/x/cc as external dependency cce:/internal/x/cc-fu/spine.
debug: Resolve cce:/internal/x/cc-fu/dragon-bones from cce:/internal/x/cc as external dependency cce:/internal/x/cc-fu/dragon-bones.
debug: Detected change: cce:/internal/x/prerequisite-imports. Last mtime: Thu Jan 01 1970 08:02:12 GMT+0800 (中国标准时间), Current mtime: Thu Jan 01 1970 08:00:10 GMT+0800 (中国标准时间)
debug: Inspect cce:/internal/x/prerequisite-imports
debug: Resolve file:///F:/GitHub/ZheFengZhang/CococsCreator%20public%20technology%20solutions/demo/Creator3.4.0_ScrollviewExtension/assets/migrate-canvas.ts from cce:/internal/x/prerequisite-imports as file:///F:/GitHub/ZheFengZhang/CococsCreator%20public%20technology%20solutions/demo/Creator3.4.0_ScrollviewExtension/assets/migrate-canvas.ts.
debug: Resolve file:///F:/GitHub/ZheFengZhang/CococsCreator%20public%20technology%20solutions/demo/Creator3.4.0_ScrollviewExtension/assets/resources/uiTest/scripts/BackPackUI.ts from cce:/internal/x/prerequisite-imports as file:///F:/GitHub/ZheFengZhang/CococsCreator%20public%20technology%20solutions/demo/Creator3.4.0_ScrollviewExtension/assets/resources/uiTest/scripts/BackPackUI.ts.
debug: Resolve file:///F:/GitHub/ZheFengZhang/CococsCreator%20public%20technology%20solutions/demo/Creator3.4.0_ScrollviewExtension/assets/resources/uiTest/scripts/ButtonScaler.ts from cce:/internal/x/prerequisite-imports as file:///F:/GitHub/ZheFengZhang/CococsCreator%20public%20technology%20solutions/demo/Creator3.4.0_ScrollviewExtension/assets/resources/uiTest/scripts/ButtonScaler.ts.
debug: Resolve file:///F:/GitHub/ZheFengZhang/CococsCreator%20public%20technology%20solutions/demo/Creator3.4.0_ScrollviewExtension/assets/resources/uiTest/scripts/ChargeUI.ts from cce:/internal/x/prerequisite-imports as file:///F:/GitHub/ZheFengZhang/CococsCreator%20public%20technology%20solutions/demo/Creator3.4.0_ScrollviewExtension/assets/resources/uiTest/scripts/ChargeUI.ts.
debug: Resolve file:///F:/GitHub/ZheFengZhang/CococsCreator%20public%20technology%20solutions/demo/Creator3.4.0_ScrollviewExtension/assets/resources/uiTest/scripts/HeroSlot.ts from cce:/internal/x/prerequisite-imports as file:///F:/GitHub/ZheFengZhang/CococsCreator%20public%20technology%20solutions/demo/Creator3.4.0_ScrollviewExtension/assets/resources/uiTest/scripts/HeroSlot.ts.
debug: Resolve file:///F:/GitHub/ZheFengZhang/CococsCreator%20public%20technology%20solutions/demo/Creator3.4.0_ScrollviewExtension/assets/resources/uiTest/scripts/HomeUI.ts from cce:/internal/x/prerequisite-imports as file:///F:/GitHub/ZheFengZhang/CococsCreator%20public%20technology%20solutions/demo/Creator3.4.0_ScrollviewExtension/assets/resources/uiTest/scripts/HomeUI.ts.
debug: Resolve file:///F:/GitHub/ZheFengZhang/CococsCreator%20public%20technology%20solutions/demo/Creator3.4.0_ScrollviewExtension/assets/resources/uiTest/scripts/PanelTransition.ts from cce:/internal/x/prerequisite-imports as file:///F:/GitHub/ZheFengZhang/CococsCreator%20public%20technology%20solutions/demo/Creator3.4.0_ScrollviewExtension/assets/resources/uiTest/scripts/PanelTransition.ts.
debug: Resolve file:///F:/GitHub/ZheFengZhang/CococsCreator%20public%20technology%20solutions/demo/Creator3.4.0_ScrollviewExtension/assets/resources/uiTest/scripts/ShopUI.ts from cce:/internal/x/prerequisite-imports as file:///F:/GitHub/ZheFengZhang/CococsCreator%20public%20technology%20solutions/demo/Creator3.4.0_ScrollviewExtension/assets/resources/uiTest/scripts/ShopUI.ts.
debug: Resolve file:///F:/GitHub/ZheFengZhang/CococsCreator%20public%20technology%20solutions/demo/Creator3.4.0_ScrollviewExtension/assets/resources/uiTest/scripts/EnergyCounter.ts from cce:/internal/x/prerequisite-imports as file:///F:/GitHub/ZheFengZhang/CococsCreator%20public%20technology%20solutions/demo/Creator3.4.0_ScrollviewExtension/assets/resources/uiTest/scripts/EnergyCounter.ts.
debug: Resolve file:///F:/GitHub/ZheFengZhang/CococsCreator%20public%20technology%20solutions/demo/Creator3.4.0_ScrollviewExtension/assets/resources/uiTest/scripts/SubBtnsUI.ts from cce:/internal/x/prerequisite-imports as file:///F:/GitHub/ZheFengZhang/CococsCreator%20public%20technology%20solutions/demo/Creator3.4.0_ScrollviewExtension/assets/resources/uiTest/scripts/SubBtnsUI.ts.
debug: Resolve file:///F:/GitHub/ZheFengZhang/CococsCreator%20public%20technology%20solutions/demo/Creator3.4.0_ScrollviewExtension/assets/scripts/list-view-ctrl.ts from cce:/internal/x/prerequisite-imports as file:///F:/GitHub/ZheFengZhang/CococsCreator%20public%20technology%20solutions/demo/Creator3.4.0_ScrollviewExtension/assets/scripts/list-view-ctrl.ts.
debug: Inspect file:///F:/GitHub/ZheFengZhang/CococsCreator%20public%20technology%20solutions/demo/Creator3.4.0_ScrollviewExtension/assets/migrate-canvas.ts
debug: Inspect file:///F:/GitHub/ZheFengZhang/CococsCreator%20public%20technology%20solutions/demo/Creator3.4.0_ScrollviewExtension/assets/resources/uiTest/scripts/BackPackUI.ts
debug: Inspect file:///F:/GitHub/ZheFengZhang/CococsCreator%20public%20technology%20solutions/demo/Creator3.4.0_ScrollviewExtension/assets/resources/uiTest/scripts/ButtonScaler.ts
debug: Inspect file:///F:/GitHub/ZheFengZhang/CococsCreator%20public%20technology%20solutions/demo/Creator3.4.0_ScrollviewExtension/assets/resources/uiTest/scripts/ChargeUI.ts
debug: Inspect file:///F:/GitHub/ZheFengZhang/CococsCreator%20public%20technology%20solutions/demo/Creator3.4.0_ScrollviewExtension/assets/resources/uiTest/scripts/HeroSlot.ts
debug: Inspect file:///F:/GitHub/ZheFengZhang/CococsCreator%20public%20technology%20solutions/demo/Creator3.4.0_ScrollviewExtension/assets/resources/uiTest/scripts/HomeUI.ts
debug: Inspect file:///F:/GitHub/ZheFengZhang/CococsCreator%20public%20technology%20solutions/demo/Creator3.4.0_ScrollviewExtension/assets/resources/uiTest/scripts/PanelTransition.ts
debug: Inspect file:///F:/GitHub/ZheFengZhang/CococsCreator%20public%20technology%20solutions/demo/Creator3.4.0_ScrollviewExtension/assets/resources/uiTest/scripts/ShopUI.ts
debug: Inspect file:///F:/GitHub/ZheFengZhang/CococsCreator%20public%20technology%20solutions/demo/Creator3.4.0_ScrollviewExtension/assets/resources/uiTest/scripts/EnergyCounter.ts
debug: Inspect file:///F:/GitHub/ZheFengZhang/CococsCreator%20public%20technology%20solutions/demo/Creator3.4.0_ScrollviewExtension/assets/resources/uiTest/scripts/SubBtnsUI.ts
debug: Inspect file:///F:/GitHub/ZheFengZhang/CococsCreator%20public%20technology%20solutions/demo/Creator3.4.0_ScrollviewExtension/assets/scripts/list-view-ctrl.ts
debug: Resolve cc/env from file:///F:/GitHub/ZheFengZhang/CococsCreator%20public%20technology%20solutions/demo/Creator3.4.0_ScrollviewExtension/assets/migrate-canvas.ts as external dependency cc/env.
debug: Resolve cc from file:///F:/GitHub/ZheFengZhang/CococsCreator%20public%20technology%20solutions/demo/Creator3.4.0_ScrollviewExtension/assets/migrate-canvas.ts as cce:/internal/x/cc.
debug: Resolve cc from file:///F:/GitHub/ZheFengZhang/CococsCreator%20public%20technology%20solutions/demo/Creator3.4.0_ScrollviewExtension/assets/migrate-canvas.ts as cce:/internal/x/cc.
debug: Resolve cc from file:///F:/GitHub/ZheFengZhang/CococsCreator%20public%20technology%20solutions/demo/Creator3.4.0_ScrollviewExtension/assets/resources/uiTest/scripts/BackPackUI.ts as cce:/internal/x/cc.
debug: Resolve cc from file:///F:/GitHub/ZheFengZhang/CococsCreator%20public%20technology%20solutions/demo/Creator3.4.0_ScrollviewExtension/assets/resources/uiTest/scripts/BackPackUI.ts as cce:/internal/x/cc.
debug: Resolve cc from file:///F:/GitHub/ZheFengZhang/CococsCreator%20public%20technology%20solutions/demo/Creator3.4.0_ScrollviewExtension/assets/resources/uiTest/scripts/ChargeUI.ts as cce:/internal/x/cc.
debug: Resolve cc from file:///F:/GitHub/ZheFengZhang/CococsCreator%20public%20technology%20solutions/demo/Creator3.4.0_ScrollviewExtension/assets/resources/uiTest/scripts/ChargeUI.ts as cce:/internal/x/cc.
debug: Resolve cc from file:///F:/GitHub/ZheFengZhang/CococsCreator%20public%20technology%20solutions/demo/Creator3.4.0_ScrollviewExtension/assets/resources/uiTest/scripts/ButtonScaler.ts as cce:/internal/x/cc.
debug: Resolve cc from file:///F:/GitHub/ZheFengZhang/CococsCreator%20public%20technology%20solutions/demo/Creator3.4.0_ScrollviewExtension/assets/resources/uiTest/scripts/ButtonScaler.ts as cce:/internal/x/cc.
debug: Resolve cc from file:///F:/GitHub/ZheFengZhang/CococsCreator%20public%20technology%20solutions/demo/Creator3.4.0_ScrollviewExtension/assets/resources/uiTest/scripts/HeroSlot.ts as cce:/internal/x/cc.
debug: Resolve cc from file:///F:/GitHub/ZheFengZhang/CococsCreator%20public%20technology%20solutions/demo/Creator3.4.0_ScrollviewExtension/assets/resources/uiTest/scripts/HeroSlot.ts as cce:/internal/x/cc.
debug: Resolve cce:/internal/code-quality/cr.mjs from file:///F:/GitHub/ZheFengZhang/CococsCreator%20public%20technology%20solutions/demo/Creator3.4.0_ScrollviewExtension/assets/resources/uiTest/scripts/HomeUI.ts as cce:/internal/code-quality/cr.mjs.
debug: Resolve cc from file:///F:/GitHub/ZheFengZhang/CococsCreator%20public%20technology%20solutions/demo/Creator3.4.0_ScrollviewExtension/assets/resources/uiTest/scripts/HomeUI.ts as cce:/internal/x/cc.
debug: Resolve cc from file:///F:/GitHub/ZheFengZhang/CococsCreator%20public%20technology%20solutions/demo/Creator3.4.0_ScrollviewExtension/assets/resources/uiTest/scripts/HomeUI.ts as cce:/internal/x/cc.
debug: Detected change: cce:/internal/code-quality/cr.mjs. Last mtime: Wed Jan 19 2022 11:44:22 GMT+0800 (中国标准时间), Current mtime: Wed Jan 19 2022 14:47:52 GMT+0800 (中国标准时间)
debug: Inspect cce:/internal/code-quality/cr.mjs
debug: Resolve cc from file:///F:/GitHub/ZheFengZhang/CococsCreator%20public%20technology%20solutions/demo/Creator3.4.0_ScrollviewExtension/assets/resources/uiTest/scripts/PanelTransition.ts as cce:/internal/x/cc.
debug: Resolve cc from file:///F:/GitHub/ZheFengZhang/CococsCreator%20public%20technology%20solutions/demo/Creator3.4.0_ScrollviewExtension/assets/resources/uiTest/scripts/PanelTransition.ts as cce:/internal/x/cc.
debug: Resolve cc from file:///F:/GitHub/ZheFengZhang/CococsCreator%20public%20technology%20solutions/demo/Creator3.4.0_ScrollviewExtension/assets/resources/uiTest/scripts/ShopUI.ts as cce:/internal/x/cc.
debug: Resolve cc from file:///F:/GitHub/ZheFengZhang/CococsCreator%20public%20technology%20solutions/demo/Creator3.4.0_ScrollviewExtension/assets/resources/uiTest/scripts/ShopUI.ts as cce:/internal/x/cc.
debug: Resolve cc from file:///F:/GitHub/ZheFengZhang/CococsCreator%20public%20technology%20solutions/demo/Creator3.4.0_ScrollviewExtension/assets/resources/uiTest/scripts/EnergyCounter.ts as cce:/internal/x/cc.
debug: Resolve cc from file:///F:/GitHub/ZheFengZhang/CococsCreator%20public%20technology%20solutions/demo/Creator3.4.0_ScrollviewExtension/assets/resources/uiTest/scripts/EnergyCounter.ts as cce:/internal/x/cc.
debug: Resolve cc from file:///F:/GitHub/ZheFengZhang/CococsCreator%20public%20technology%20solutions/demo/Creator3.4.0_ScrollviewExtension/assets/scripts/list-view-ctrl.ts as cce:/internal/x/cc.
debug: Resolve cc from file:///F:/GitHub/ZheFengZhang/CococsCreator%20public%20technology%20solutions/demo/Creator3.4.0_ScrollviewExtension/assets/scripts/list-view-ctrl.ts as cce:/internal/x/cc.
debug: Resolve cc from file:///F:/GitHub/ZheFengZhang/CococsCreator%20public%20technology%20solutions/demo/Creator3.4.0_ScrollviewExtension/assets/resources/uiTest/scripts/SubBtnsUI.ts as cce:/internal/x/cc.
debug: Resolve cc from file:///F:/GitHub/ZheFengZhang/CococsCreator%20public%20technology%20solutions/demo/Creator3.4.0_ScrollviewExtension/assets/resources/uiTest/scripts/SubBtnsUI.ts as cce:/internal/x/cc.
debug: Resolve ./BackPackUI from file:///F:/GitHub/ZheFengZhang/CococsCreator%20public%20technology%20solutions/demo/Creator3.4.0_ScrollviewExtension/assets/resources/uiTest/scripts/HomeUI.ts as file:///F:/GitHub/ZheFengZhang/CococsCreator%20public%20technology%20solutions/demo/Creator3.4.0_ScrollviewExtension/assets/resources/uiTest/scripts/BackPackUI.ts.
debug: Target(preview) ends with cost 495.97549998760223ms.
debug: Dispatch build request for time accumulated 9 asset changes.
debug: Build iteration starts.
Number of accumulated asset changes: 9
Feature changed: false
debug: Target(editor) build started.
debug: Detected change: cce:/internal/x/prerequisite-imports. Last mtime: Thu Jan 01 1970 08:00:10 GMT+0800 (中国标准时间), Current mtime: Thu Jan 01 1970 08:10:10 GMT+0800 (中国标准时间)
debug: Inspect cce:/internal/x/prerequisite-imports
debug: Resolve file:///F:/GitHub/ZheFengZhang/CococsCreator%20public%20technology%20solutions/demo/Creator3.4.0_ScrollviewExtension/assets/migrate-canvas.ts from cce:/internal/x/prerequisite-imports as file:///F:/GitHub/ZheFengZhang/CococsCreator%20public%20technology%20solutions/demo/Creator3.4.0_ScrollviewExtension/assets/migrate-canvas.ts.
debug: Resolve file:///F:/GitHub/ZheFengZhang/CococsCreator%20public%20technology%20solutions/demo/Creator3.4.0_ScrollviewExtension/assets/scripts/list-view-ctrl.ts from cce:/internal/x/prerequisite-imports as file:///F:/GitHub/ZheFengZhang/CococsCreator%20public%20technology%20solutions/demo/Creator3.4.0_ScrollviewExtension/assets/scripts/list-view-ctrl.ts.
debug: Target(editor) ends with cost 21.99310004711151ms.
debug: Target(preview) build started.
debug: Detected change: cce:/internal/x/prerequisite-imports. Last mtime: Thu Jan 01 1970 08:00:10 GMT+0800 (中国标准时间), Current mtime: Thu Jan 01 1970 08:10:10 GMT+0800 (中国标准时间)
debug: Inspect cce:/internal/x/prerequisite-imports
debug: Resolve file:///F:/GitHub/ZheFengZhang/CococsCreator%20public%20technology%20solutions/demo/Creator3.4.0_ScrollviewExtension/assets/migrate-canvas.ts from cce:/internal/x/prerequisite-imports as file:///F:/GitHub/ZheFengZhang/CococsCreator%20public%20technology%20solutions/demo/Creator3.4.0_ScrollviewExtension/assets/migrate-canvas.ts.
debug: Resolve file:///F:/GitHub/ZheFengZhang/CococsCreator%20public%20technology%20solutions/demo/Creator3.4.0_ScrollviewExtension/assets/scripts/list-view-ctrl.ts from cce:/internal/x/prerequisite-imports as file:///F:/GitHub/ZheFengZhang/CococsCreator%20public%20technology%20solutions/demo/Creator3.4.0_ScrollviewExtension/assets/scripts/list-view-ctrl.ts.
debug: Target(preview) ends with cost 22.065900027751923ms.
