2023-6-6 14:34:14 - verbose: Arguments:
2023-6-6 14:34:14 - verbose:   D:\cocos-dashboard-editors\Creator\3.7.3\CocosCreator.exe: true
2023-6-6 14:34:14 - verbose:   project: E:\cocos\cocos-awesome-tech-solutions\demo\Creator3.6.0_3D_MeshCutter
2023-6-6 14:34:14 - verbose:   dev: false
2023-6-6 14:34:14 - verbose:   home: C:\Users\Administrator\.CocosCreator
2023-6-6 14:34:14 - verbose:  
2023-6-6 14:34:18 - verbose: [Package] menu@1.0.0 enable
2023-6-6 14:34:18 - verbose: [Package] profile@1.0.0 enable
2023-6-6 14:34:18 - verbose: [Package] project@1.0.4 enable
2023-6-6 14:34:18 - verbose: [Package] messages@1.0.0 enable
2023-6-6 14:34:18 - verbose: [Package] program@1.0.3 enable
2023-6-6 14:34:18 - verbose: [Package] tester@1.0.0 enable
2023-6-6 14:34:18 - verbose: [Package] information@1.0.0 enable
2023-6-6 14:34:18 - verbose: [Package] preferences@1.0.0 enable
2023-6-6 14:34:21 - log: Load engine in D:\cocos-dashboard-editors\Creator\3.7.3\resources\resources\3d\engine
2023-6-6 14:34:21 - log: Profile changed: engine (modules.includeModules: 2d,3d,animation,audio,base,dragon-bones,gfx-webgl,gfx-webgl2,intersection-2d,light-probe,marionette,particle,particle-2d,physics-2d-box2d,physics-ammo,primitive,profiler,skeletal-animation,spine,terrain,tiled-map,tween,ui,video,websocket,webview)
2023-6-6 14:34:21 - log: Register native engine in D:\cocos-dashboard-editors\Creator\3.7.3\resources\resources\3d\engine\native
2023-6-6 14:34:21 - verbose: [Package] engine@1.0.7 enable
2023-6-6 14:34:22 - verbose: [Package] programming@1.0.0 enable
2023-6-6 14:34:22 - verbose: [Package] device@1.0.1 enable
2023-6-6 14:34:23 - verbose: [Package] ui-kit@1.0.1 enable
2023-6-6 14:34:23 - verbose: [Package] asset-db@1.0.0 enable
2023-6-6 14:34:23 - verbose: [Package] scene@1.0.0 enable
2023-6-6 14:34:23 - verbose: [Package] server@1.0.0 enable
2023-6-6 14:34:23 - verbose: [Package] utils@1.0.0 enable
2023-6-6 14:34:29 - verbose: [Package] preview@1.0.1 enable
2023-6-6 14:34:29 - verbose: [Package] animator@1.0.0 enable
2023-6-6 14:34:29 - verbose: [Build-plugin] register pkg scene: 2ms
2023-6-6 14:34:29 - verbose: Builder PluginManager init: 2ms
2023-6-6 14:34:29 - verbose: [Package] builder@1.3.5 enable
2023-6-6 14:34:29 - verbose: [Package] shortcuts@1.0.1 enable
2023-6-6 14:34:29 - verbose: [Package] animation-graph@1.0.0 enable
2023-6-6 14:34:29 - verbose: [Package] about@1.0.2 enable
2023-6-6 14:34:29 - verbose: [Package] assets@1.0.0 enable
2023-6-6 14:34:29 - verbose: [Package] console@1.0.0 enable
2023-6-6 14:34:30 - verbose: [Package] crash-reporter@1.0.0 enable
2023-6-6 14:34:30 - verbose: [Package] extension@3.1.1 enable
2023-6-6 14:34:30 - verbose: [Package] hierarchy@1.0.0 enable
2023-6-6 14:34:30 - verbose: [Package] inspector@1.0.0 enable
2023-6-6 14:34:30 - verbose: [Package] light-probe@1.0.4 enable
2023-6-6 14:34:30 - verbose: [Package] lightmap@1.0.4 enable
2023-6-6 14:34:30 - verbose: [Package] node-library@1.0.1 enable
2023-6-6 14:34:30 - verbose: [Package] package-asset@1.0.1 enable
2023-6-6 14:34:30 - verbose: [Package] process@1.0.0 enable
2023-6-6 14:34:31 - verbose: [Package] cocos-service@3.0.7 enable
2023-6-6 14:34:31 - verbose: [Build-plugin] register pkg cocos-service: 47ms
2023-6-6 14:34:31 - verbose: [Package] reference-image@1.0.0 enable
2023-6-6 14:34:31 - verbose: [Package] reflection-probe@1.0.4 enable
2023-6-6 14:34:31 - verbose: [Package] engine-extends@1.0.0 enable
2023-6-6 14:34:31 - verbose: [Package] alipay-mini-game@1.0.1 enable
2023-6-6 14:34:31 - verbose: [Package] android@1.0.1 enable
2023-6-6 14:34:31 - verbose: [Package] bytedance-mini-game@1.0.2 enable
2023-6-6 14:34:31 - verbose: [Package] certificate@1.0.0 enable
2023-6-6 14:34:31 - verbose: [Package] channel-upload-tools@1.0.0 enable
2023-6-6 14:34:31 - verbose: [Package] fb-instant-games@1.0.0 enable
2023-6-6 14:34:31 - verbose: [Package] huawei-agc@1.0.0 enable
2023-6-6 14:34:31 - verbose: [Package] huawei-quick-game@1.0.1 enable
2023-6-6 14:34:31 - verbose: [Package] ios@1.0.0 enable
2023-6-6 14:34:31 - verbose: [Build-plugin] register pkg android: 217ms
2023-6-6 14:34:31 - verbose: [Package] linux@1.0.0 enable
2023-6-6 14:34:31 - verbose: [Package] mac@1.0.0 enable
2023-6-6 14:34:31 - verbose: [Build-plugin] register pkg bytedance-mini-game: 208ms
2023-6-6 14:34:31 - verbose: [Package] native@1.0.2 enable
2023-6-6 14:34:31 - verbose: [Build-plugin] register pkg native: 65ms
2023-6-6 14:34:31 - verbose: [Package] ohos@1.0.0 enable
2023-6-6 14:34:31 - verbose: [Build-plugin] register pkg fb-instant-games: 280ms
2023-6-6 14:34:31 - verbose: [Package] open-harmonyos@1.0.0 enable
2023-6-6 14:34:31 - verbose: asset-db is ready!
2023-6-6 14:34:31 - verbose: [Package] oppo-mini-game@1.0.1 enable
2023-6-6 14:34:31 - verbose: [Build-plugin] register pkg huawei-agc: 305ms
2023-6-6 14:34:31 - verbose: [Package] runtime-dev-tools@1.0.0 enable
2023-6-6 14:34:31 - verbose: [Package] taobao-creative-app@1.0.0 enable
2023-6-6 14:34:31 - verbose: [Build-plugin] register pkg mac: 250ms
2023-6-6 14:34:31 - verbose: [Package] taobao-mini-game@1.0.0 enable
2023-6-6 14:34:31 - verbose: [Build-plugin] register pkg huawei-quick-game: 352ms
2023-6-6 14:34:31 - verbose: [Package] vivo-mini-game@1.0.1 enable
2023-6-6 14:34:31 - verbose: [Package] web-desktop@1.0.1 enable
2023-6-6 14:34:31 - verbose: [Build-plugin] register pkg ios: 385ms
2023-6-6 14:34:31 - verbose: [Build-plugin] register pkg oppo-mini-game: 149ms
2023-6-6 14:34:31 - verbose: [Build-plugin] register pkg ohos: 199ms
2023-6-6 14:34:31 - verbose: [Package] web-mobile@1.0.1 enable
2023-6-6 14:34:31 - verbose: [Package] wechatgame@1.0.2 enable
2023-6-6 14:34:32 - verbose: [Build-plugin] register pkg taobao-creative-app: 156ms
2023-6-6 14:34:32 - verbose: [Package] wechatprogram@1.0.2 enable
2023-6-6 14:34:32 - verbose: [Package] windows@1.0.1 enable
2023-6-6 14:34:32 - verbose: [Package] xiaomi-quick-game@1.0.1 enable
2023-6-6 14:34:32 - verbose: [Build-plugin] register pkg taobao-mini-game: 231ms
2023-6-6 14:34:32 - verbose: [Build-plugin] register pkg web-desktop: 172ms
2023-6-6 14:34:32 - verbose: [Package] im-plugin@3.0.10 enable
2023-6-6 14:34:32 - verbose: [Build-plugin] register pkg wechatgame: 685ms
2023-6-6 14:34:32 - verbose: [Build-plugin] register pkg web-mobile: 716ms
2023-6-6 14:34:32 - verbose: [Build-plugin] register pkg vivo-mini-game: 791ms
2023-6-6 14:34:32 - verbose: [Package] placeholder@1.0.0 enable
2023-6-6 14:34:32 - verbose: [Build-plugin] register pkg windows: 684ms
2023-6-6 14:34:32 - verbose: [Build-plugin] register pkg xiaomi-quick-game: 791ms
2023-6-6 14:34:37 - info: [Scene] [Physics][Bullet]: Using asmjs Bullet libs.
2023-6-6 14:34:37 - info: [Scene] [PHYSICS]: using builtin.
2023-6-6 14:34:37 - log: [Scene] Cocos Creator v3.7.3
2023-6-6 14:34:37 - info: [Scene] Forward render pipeline initialized.
2023-6-6 14:34:37 - info: [Scene] [PHYSICS]: switch from builtin to bullet.
2023-6-6 14:34:37 - info: [Scene] [PHYSICS2D]: switch from builtin to box2d.
2023-6-6 14:34:53 - info: [Window] Download the Vue Devtools extension for a better development experience:
https://github.com/vuejs/vue-devtools
2023-6-6 14:34:53 - info: [Window] You are running Vue in development mode.
Make sure to turn on production mode when deploying for production.
See more tips at https://vuejs.org/guide/deployment.html
2023-6-6 14:35:18 - log: 14:34:50 [DEBUG]: SCREEN DPI = 96, SCREEN SCALE = 1.00
14:34:50 [DEBUG]: WORKAREA WIDTH 1912.00, HEIGHT 989.00
14:34:50 [DEBUG]: FRAME SCALE = 1.00
14:34:51 [DEBUG]: Project Config:
14:34:51 [DEBUG]:     project dir: D:\cocos-dashboard-editors\Creator\3.7.3\resources\resources\3d\engine\native\simulator\Release\
14:34:51 [DEBUG]:     writable path: $(PROJDIR)\
14:34:51 [DEBUG]:     script file: $(PROJDIR)\main.js
14:34:51 [DEBUG]:     frame size: 667 x 375
14:34:51 [DEBUG]:     frame scale: 1.00
14:34:51 [DEBUG]:     show console: NO
14:34:51 [DEBUG]:     write debug log: NO ()
14:34:51 [DEBUG]:     listen: 
14:34:51 [DEBUG]:     debugger: none
14:34:51 [DEBUG]:     add searching path:
14:34:51 [DEBUG]: 


14:34:51 [DEBUG]: [WARNING]:not find lang
14:34:51 [INFO]: Setup EGLConfig: depth [24] stencil [8] sampleBuffer [0] sampleCount [0]
14:34:51 [DEBUG]: EGL context bounded to thread bd31bed6fb3b5a03
14:34:51 [INFO]: GLES3 device initialized.
14:34:51 [INFO]: RENDERER: PVRVFrame 10.8 - None (Host : Radeon RX550/550 Series) (SDK Build: 18.1@5086772)
14:34:51 [INFO]: VENDOR: Imagination Technologies (Host: ATI Technologies Inc.)
14:34:51 [INFO]: VERSION: OpenGL ES 3.2 (Host : 4.6.14761 Core Profile Context 21.30.23.04 30.0.13023.4001)
14:34:51 [INFO]: COMPRESSED_FORMATS: etc1 etc2 pvrtc astc 
14:34:51 [INFO]: FRAMEBUFFER_FETCH: NONE
14:34:51 [INFO]: Device validator enabled.
14:34:51 [DEBUG]: D/ Initializing V8, version: 9.1.269

14:34:51 [DEBUG]: D/ libuv version: 1.41.0

14:34:51 [DEBUG]: D/ Number of interfaces: 4
14:34:51 [DEBUG]: D/ Debugger listening..., visit [
14:34:51 [DEBUG]: D/     devtools://devtools/bundled/js_app.html?v8only=true&ws=127.0.0.1:5086/00010002-0003-4004-8005-000600070008
14:34:51 [DEBUG]: D/     devtools://devtools/bundled/js_app.html?v8only=true&ws=192.168.52.170:5086/00010002-0003-4004-8005-000600070008
14:34:51 [DEBUG]: D/   ] in chrome browser to debug!
14:34:51 [DEBUG]: D/ For help see https://nodejs.org/en/docs/inspector
14:34:54 [DEBUG]: D/ Debugger attached.

14:34:54 [INFO]: JS: injectWebAssembly ...
14:35:15 [DEBUG]: In the constructor of HttpClient!
14:35:15 [DEBUG]: iShow!
14:35:15 [DEBUG]: EventBus[Engine] has no listener found!
14:35:16 [DEBUG]: D/ XMLHttpRequest_finalize, 000002350D3BC9A0 ... 

14:35:16 [DEBUG]: JS: 'cc.RenderPipeline._name' hides inherited property 'cc.Object._name'. To make the current property override that implementation, add the `override: true` attribute please.
14:35:16 [DEBUG]: JS: Can not declare cc.RenderPipeline._name, it is already defined in the prototype of cc.RenderPipeline
14:35:16 [WARN]: JS: Failed to set shading scale, pipelineSceneData is invalid.
14:35:16 [WARN]: JS: Read json failed: path: D:\cocos-dashboard-editors\Creator\3.7.3\resources\resources\3d\engine\native\simulator\Release/gamecaches/cacheList.json message: Unexpected end of JSON input
14:35:16 [INFO]: JS: [Physics][Bullet]: Using asmjs Bullet libs.
14:35:16 [INFO]: JS: [PHYSICS2D]: register box2d.
14:35:16 [INFO]: JS: [PHYSICS]: register bullet.
14:35:16 [DEBUG]: EGL context bounded to thread 93e5dcb5d3745a6d
14:35:16 [INFO]: Device thread detached.
14:35:16 [INFO]: JS: [PHYSICS]: using bullet.
14:35:17 [DEBUG]: JS: Cocos Creator v3.7.3
14:35:18 [DEBUG]: D/ XMLHttpRequest_finalize, 00000235163F4DD0 ... 

14:35:18 [DEBUG]: D/ XMLHttpRequest_finalize, 00000235163F6EF0 ... 

14:35:18 [DEBUG]: D/ XMLHttpRequest_finalize, 00000235163F6850 ... 

14:35:18 [DEBUG]: D/ XMLHttpRequest_finalize, 00000235163F6BA0 ... 

14:35:18 [DEBUG]: D/ XMLHttpRequest_finalize, 00000235163F7F80 ... 

14:35:18 [DEBUG]: D/ XMLHttpRequest_finalize, 00000235163F5E60 ... 

14:35:18 [DEBUG]: D/ XMLHttpRequest_finalize, 0000023516094190 ... 

14:35:18 [DEBUG]: D/ XMLHttpRequest_finalize, 0000023516093AF0 ... 

14:35:18 [DEBUG]: D/ XMLHttpRequest_finalize, 0000023516092A60 ... 

14:35:18 [DEBUG]: D/ XMLHttpRequest_finalize, 00000235160944E0 ... 

14:35:18 [DEBUG]: D/ XMLHttpRequest_finalize, 0000023516094830 ... 

14:35:18 [DEBUG]: D/ XMLHttpRequest_finalize, 00000235160962B0 ... 

14:35:18 [DEBUG]: D/ XMLHttpReques
2023-6-6 14:35:18 - log: t_finalize, 0000023516092DB0 ... 

14:35:18 [DEBUG]: D/ XMLHttpRequest_finalize, 00000235160958C0 ... 

14:35:18 [DEBUG]: D/ XMLHttpRequest_finalize, 0000023516094ED0 ... 

14:35:18 [DEBUG]: D/ XMLHttpRequest_finalize, 0000023516095F60 ... 

14:35:18 [DEBUG]: D/ XMLHttpRequest_finalize, 0000023516093100 ... 

14:35:18 [DEBUG]: D/ XMLHttpRequest_finalize, 0000023516092710 ... 

14:35:18 [DEBUG]: D/ XMLHttpRequest_finalize, 0000023516093450 ... 

14:35:18 [DEBUG]: D/ XMLHttpRequest_finalize, 0000023516093E40 ... 

14:35:18 [DEBUG]: D/ XMLHttpRequest_finalize, 0000023516095570 ... 

14:35:18 [DEBUG]: D/ XMLHttpRequest_finalize, 0000023516095220 ... 

14:35:18 [DEBUG]: D/ XMLHttpRequest_finalize, 0000023516095C10 ... 

14:35:18 [DEBUG]: D/ XMLHttpRequest_finalize, 00000235163F61B0 ... 

14:35:18 [DEBUG]: D/ XMLHttpRequest_finalize, 00000235163F5B10 ... 

14:35:18 [DEBUG]: D/ XMLHttpRequest_finalize, 00000235163F78E0 ... 

14:35:18 [DEBUG]: D/ XMLHttpRequest_finalize, 00000235163F7590 ... 

14:35:18 [DEBUG]: D/ XMLHttpRequest_finalize, 00000235163F57C0 ... 

14:35:18 [DEBUG]: D/ XMLHttpRequest_finalize, 00000235163F5120 ... 

14:35:18 [DEBUG]: D/ XMLHttpRequest_finalize, 00000235163F43E0 ... 

14:35:18 [DEBUG]: D/ XMLHttpRequest_finalize, 00000235163F7C30 ... 

14:35:18 [DEBUG]: D/ XMLHttpRequest_finalize, 0000023515503F20 ... 

14:35:18 [DEBUG]: D/ XMLHttpRequest_finalize, 0000023515504270 ... 

14:35:18 [DEBUG]: D/ XMLHttpRequest_finalize, 00000235155045C0 ... 

14:35:18 [DEBUG]: D/ XMLHttpRequest_finalize, 00000235155FDD00 ... 

14:35:18 [DEBUG]: D/ XMLHttpRequest_finalize, 00000235155FD310 ... 

14:35:18 [DEBUG]: D/ XMLHttpRequest_finalize, 00000235155FE3A0 ... 

14:35:18 [DEBUG]: D/ XMLHttpRequest_finalize, 00000235155FD660 ... 

14:35:18 [DEBUG]: D/ XMLHttpRequest_finalize, 00000235155FD9B0 ... 

14:35:18 [DEBUG]: D/ XMLHttpRequest_finalize, 00000235155FCFC0 ... 

14:35:18 [DEBUG]: D/ XMLHttpRequest_finalize, 00000235155FE050 ... 

14:35:18 [DEBUG]: D/ XMLHttpRequest_finalize, 00000235155FC920 ... 

14:35:18 [DEBUG]: D/ XMLHttpRequest_finalize, 00000235155FCC70 ... 

14:35:18 [DEBUG]: D/ XMLHttpRequest_finalize, 000002351560A0E0 ... 

14:35:18 [DEBUG]: D/ XMLHttpRequest_finalize, 0000023515608D00 ... 

14:35:18 [DEBUG]: D/ XMLHttpRequest_finalize, 0000023515609050 ... 

14:35:18 [DEBUG]: D/ XMLHttpRequest_finalize, 0000023515609A40 ... 

14:35:18 [DEBUG]: D/ XMLHttpRequest_finalize, 00000235156093A0 ... 

14:35:18 [DEBUG]: D/ XMLHttpRequest_finalize, 000002351560A430 ... 

14:35:18 [DEBUG]: D/ XMLHttpRequest_finalize, 00000235156089B0 ... 

14:35:18 [DEBUG]: D/ XMLHttpRequest_finalize, 00000235156096F0 ... 

14:35:18 [DEBUG]: D/ XMLHttpRequest_finalize, 0000023515609D90 ... 

14:35:18 [DEBUG]: D/ XMLHttpRequest_finalize, 000002351560AD10 ... 

14:35:18 [DEBUG]: D/ XMLHttpRequest_finalize, 000002351560B060 ... 

14:35:18 [DEBUG]: D/ XMLHttpRequest_finalize, 000002351560BDA0 ... 

14:35:18 [DEBUG]: D/ XMLHttpRequest_finalize, 000002351560A9C0 ... 

14:35:18 [DEBUG]: D/ XMLHttpRequest_finalize, 000002351560C440 ... 

14:35:18 [DEBUG]: D/ XMLHttpRequest_finalize, 000002351560B3B0 ... 

14:35:18 [DEBUG]: D/ XMLHttpRequest_finalize, 000002351560B700 ... 

14:35:18 [DEBUG]: D/ XMLHttpRequest_finalize, 000002351560BA50 ... 

14:35:18 [DEBUG]: D/ XMLHttpRequest_finalize, 0000023516094B80 ... 

14:35:18 [DEBUG]: D/ XMLHttpRequest_finalize, 00000235160937A0 ... 

14:35:18 [DEBUG]: D/ XMLHttpRequest_finalize, 000002350D3BA880 ... 

14:35:18 [DEBUG]: D/ XMLHttpRequest_finalize, 000002350D3BB910 ... 

14:35:18 [DEBUG]: D/ XMLHttpRequest_finalize, 000002350D3BB270 ... 

14:35:18 [DEBUG]: D/ XMLHttpRequest_finalize, 000002350D3BAF20 ... 

14:35:18 [DEBUG]: D/ XMLHttpRequest_finalize, 000002350D3BC9A0 ... 

14:35:18 [DEBUG]: D/ XMLHttpRequest_finalize, 000002350D3B8E00 ... 

14:35:18 [DEBUG]: D/ XMLHttpRequest_finalize, 000002350D3BBC60 ... 

14:35:18 [DEBUG]: D/ XMLHttpRequest_finalize, 000002350D3BBFB0 ... 

14:35:18 [DEBUG]: D/ XMLHttpRequest_finalize, 000002350D3BC300 ... 

14:35:18 [DEBUG]: D/ XMLHttpRequest_finalize, 0000023515504
2023-6-6 14:36:06 - log: (Info) Hardware profile: None
(Info) PVRVFrame version 10.8

2023-6-6 14:36:06 - log: C60 ... 

14:35:18 [DEBUG]: D/ XMLHttpRequest_finalize, 0000023515504FB0 ... 

14:35:18 [DEBUG]: D/ XMLHttpRequest_finalize, 0000023515505650 ... 

14:35:18 [DEBUG]: D/ XMLHttpRequest_finalize, 0000023515505300 ... 

14:35:18 [DEBUG]: D/ XMLHttpRequest_finalize, 0000023515504910 ... 

14:35:18 [DEBUG]: D/ XMLHttpRequest_finalize, 00000235155059A0 ... 

14:35:19 [INFO]: Shader 'builtin-unlit|unlit-vs:vert|unlit-fs:frag|CC_USE_REFLECTION_PROBE0|CC_RECEIVE_SHADOW1|CC_USE_FOG4|CC_USE_ACCURATE_FOG0|CC_USE_DEBUG_VIEW0|CC_USE_HDR1' compilation succeeded.
14:35:19 [INFO]: Shader 'builtin-unlit|unlit-vs:vert|unlit-fs:frag|CC_USE_REFLECTION_PROBE0|CC_RECEIVE_SHADOW1|CC_USE_FOG4|CC_USE_ACCURATE_FOG0|USE_TEXTURE1|CC_USE_DEBUG_VIEW0|CC_USE_HDR1' compilation succeeded.
14:35:19 [INFO]: Shader 'for2d/builtin-sprite|sprite-vs:vert|sprite-fs:frag|CC_USE_EMBEDDED_ALPHA0|USE_TEXTURE1|IS_GRAY0' compilation succeeded.
14:35:19 [INFO]: Shader 'util/profiler|profiler-vs:vert|profiler-fs:frag' compilation succeeded.
14:36:05 [DEBUG]: HttpClient::destroyInstance begin
14:36:05 [DEBUG]: HttpClient destructor
14:36:05 [DEBUG]: HttpClient::destroyInstance() finished!
14:36:05 [DEBUG]: D/ ScriptEngine::cleanup begin ...

14:36:05 [DEBUG]: D/ GC begin ..., (js->native map) size: 418

14:36:05 [DEBUG]: D/ GC end ..., (js->native map) size: 386

14:36:05 [DEBUG]: D/ GC begin ..., (js->native map) size: 386

14:36:05 [DEBUG]: D/ GC end ..., (js->native map) size: 386

14:36:05 [DEBUG]: D/ GC begin ..., (js->native map) size: 0

14:36:05 [DEBUG]: D/ GC end ..., (js->native map) size: 0

14:36:05 [DEBUG]: D/ ScriptEngine::cleanup end ...

14:36:05 [DEBUG]: EGL context bounded to thread 93e5dcb5d3745a6d

2023-6-6 14:36:09 - warn: Metrics: no valid info
