2023-6-6 14:34:26-debug: asset-db:worker-init (1308ms)
2023-6-6 14:34:27-debug: Preimport db internal success
2023-6-6 14:34:27-debug: Preimport db assets success
2023-6-6 14:34:27-debug: asset-db:worker-effect-data-processing (178ms)
2023-6-6 14:34:31-debug: Set detail map pack:///resolution-detail-map.json: {}
2023-6-6 14:34:31-debug: Start up the 'internal' database...
2023-6-6 14:34:31-debug: asset-db:worker-init-script (29ms)
2023-6-6 14:34:31-debug: start asset-db with asset: 419
2023-6-6 14:34:31-debug: Start up the 'assets' database...
2023-6-6 14:34:31-debug: asset-db:worker-startup-database[internal] (4884ms)
2023-6-6 14:34:31-debug: start asset-db with asset: 74
2023-6-6 14:34:31-debug: Asset DB is ready!
2023-6-6 14:34:31-debug: asset-db:worker-startup-database[assets] (4763ms)
2023-6-6 14:34:31-debug: init worker message success
2023-6-6 14:34:33-debug: builder:worker-init (628ms)
2023-6-6 14:34:37-debug: programming:execute-script (4ms)
2023-6-6 14:34:50-debug: Query all assets info in project
2023-6-6 14:34:50-debug: BuildAssetLibrary query-assets with assets 540
2023-6-6 14:34:50-debug: init custom config: keepNodeUuid: false, useCache: true
2023-6-6 14:34:50-debug:   Number of all scripts: 5
2023-6-6 14:34:50-debug: 查询 Asset Bundle start0%
2023-6-6 14:34:50-debug: // ---- build task 查询 Asset Bundle ----
2023-6-6 14:34:50-debug:   Number of all scenes: 1
2023-6-6 14:34:50-debug:   Number of other assets: 385
2023-6-6 14:34:50-debug: Process: heapTotal 199.82MB heapUsed 187.07MB rss 516.41MB
2023-6-6 14:34:50-debug: // ---- build task 查询 Asset Bundle ---- (12ms)
2023-6-6 14:34:50-debug: run build task 查询 Asset Bundle success in 12 ms √3%
2023-6-6 14:34:50-debug: Process: heapTotal 199.82MB heapUsed 187.42MB rss 518.71MB
2023-6-6 14:34:50-debug: init bundle assets
2023-6-6 14:34:50-debug: // ---- build task 查询使用的资源以及资源包配置 ----
2023-6-6 14:34:50-debug: 查询使用的资源以及资源包配置 start3%
2023-6-6 14:34:50-debug: Query preload assets from cc.config.json: 60f7195c-ec2a-45eb-ba94-8955f60e81d0,1c02ae6f-4492-4915-b8f8-7492a3b1e4cd,810e96e4-e456-4468-9b59-f4e8f39732c0,efe8e2a3-eace-427b-b4f1-cb8a937ec77d,e9aa9a3e-5b2b-4ac7-a2c7-073de2b2b24f,8bbdbcdd-5cd4-4100-b6d5-b7c9625b6107,50f4348b-c883-4e2f-8f11-ce233b859fa1,fda095cb-831d-4601-ad94-846013963de8,f92806d7-1768-443f-afe8-12bcde84d0f0,dd3a144d-ab7f-41f0-82b8-2e43a090d496,f0416e68-0200-4b77-a926-4f9d16e494da,1baf0fc9-befa-459c-8bdd-af1a450a0319,511d2633-09a7-4bdd-ac42-f778032124b3,5d45aa00-e064-4938-b314-4265f0c2258c,28d6d6b8-3f66-4a73-9795-17a0852ba2d4,ec8106fe-05bf-4e94-943c-e0d3b7bb5e45,620b6bf3-0369-4560-837f-2a2c00b73c26,2df0a40b-26c2-47ce-be0d-4d3cd4164737,ff9be190-20a4-4e48-b68c-76e3c7cff085,970b0598-bcb0-4714-91fb-2e81440dccd8,bcd64cc6-2dd9-43f6-abbe-66318d332032,d930590d-bb92-4cc8-8bd1-23cd027f9edf,a3cd009f-0ab0-420d-9278-b9fdab939bbc,9361fd90-ba52-4f84-aa93-6e878fd576ca,c27215d8-6835-4b68-bfbb-bdeac6100c04,b5d6115f-0370-4d7c-aad3-c194cc71cf98,d1346436-ac96-4271-b863-1f4fdead95b0,971bdb23-3ff6-43eb-b422-1c30165a3663,17debcc3-0a6b-4b8a-b00b-dc58b885581e,711ebe11-f673-4cd9-9a83-63c60ba54c5b,c0143906-9aed-447e-9436-2ae8512d1b6e,14da1725-c4c2-42b4-ab08-ee0aeb6898b3,081cab31-dccd-428e-8652-f2404cc81c47,78e0584a-4343-4727-8f37-e14e65c2a2db,ba21476f-2866-4f81-9c4d-6e359316e448,871c3b6c-7379-419d-bda3-794b239ab90d,1d08ef62-a503-4ce2-8b9a-46c90873f7d3
2023-6-6 14:34:50-debug: Number of scenes: 1
2023-6-6 14:34:50-debug: // ---- build task 查询使用的资源以及资源包配置 ---- (5ms)
2023-6-6 14:34:50-debug: run build task 查询使用的资源以及资源包配置 success in 5 ms √7%
2023-6-6 14:34:50-debug: Process: heapTotal 199.82MB heapUsed 187.60MB rss 519.46MB
2023-6-6 14:34:50-debug: sort script group...
2023-6-6 14:34:50-debug: // ---- build task 整理脚本分组与脚本数据 ----
2023-6-6 14:34:50-debug: 整理脚本分组与脚本数据 start7%
2023-6-6 14:34:50-debug: // ---- build task 整理脚本分组与脚本数据 ---- (1ms)
2023-6-6 14:34:50-debug: run build task 整理脚本分组与脚本数据 success in 1 ms √10%
2023-6-6 14:34:50-debug: // ---- build task 初始化 settings.json 与 config.json ----
2023-6-6 14:34:50-debug: Process: heapTotal 199.82MB heapUsed 187.64MB rss 519.08MB
2023-6-6 14:34:50-debug: 初始化 settings.json 与 config.json start10%
2023-6-6 14:34:50-debug: // ---- build task 初始化 settings.json 与 config.json ---- (1ms)
2023-6-6 14:34:50-debug: builder.tasks.settings.macro 字段未在编辑器多语言内定义
2023-6-6 14:34:50-debug: builder.tasks.settings.macro start11%
2023-6-6 14:34:50-debug: // ---- build task builder.tasks.settings.macro ----
2023-6-6 14:34:50-debug: run build task 初始化 settings.json 与 config.json success in 1 ms √11%
2023-6-6 14:34:50-debug: Process: heapTotal 199.82MB heapUsed 187.83MB rss 517.16MB
2023-6-6 14:34:50-debug: // ---- build task builder.tasks.settings.macro ---- (2ms)
2023-6-6 14:34:50-debug: run build task builder.tasks.settings.macro success in 2 ms √11%
2023-6-6 14:34:50-debug: Process: heapTotal 199.82MB heapUsed 187.87MB rss 517.20MB
2023-6-6 14:34:50-debug: 整理部分构建选项内数据到 settings.json start11%
2023-6-6 14:34:50-debug: // ---- build task 整理部分构建选项内数据到 settings.json ----
2023-6-6 14:34:50-debug: // ---- build task 整理部分构建选项内数据到 settings.json ---- (3ms)
2023-6-6 14:34:50-debug: run build task 整理部分构建选项内数据到 settings.json success in 3 ms √12%
2023-6-6 14:34:50-debug: // ---- build task custom joint texture layouts ----
2023-6-6 14:34:50-debug: custom joint texture layouts start12%
2023-6-6 14:34:50-debug: Process: heapTotal 199.82MB heapUsed 187.94MB rss 517.29MB
2023-6-6 14:34:50-debug: // ---- build task custom joint texture layouts ---- (2ms)
2023-6-6 14:34:50-debug: run build task custom joint texture layouts success in 2 ms √12%
2023-6-6 14:34:50-debug: custom joint physics start12%
2023-6-6 14:34:50-debug: Process: heapTotal 199.82MB heapUsed 187.98MB rss 517.33MB
2023-6-6 14:34:50-debug: // ---- build task custom joint physics ----
2023-6-6 14:34:50-debug: // ---- build task custom joint physics ---- (1ms)
2023-6-6 14:34:50-debug: run build task custom joint physics success in 1 ms √13%
2023-6-6 14:34:50-debug: // ---- build task 填充脚本数据到 settings.json ----
2023-6-6 14:34:50-debug: 填充脚本数据到 settings.json start13%
2023-6-6 14:34:50-debug: Process: heapTotal 199.82MB heapUsed 188.01MB rss 517.36MB
2023-6-6 14:34:50-debug: // ---- build task 填充脚本数据到 settings.json ---- (1ms)
2023-6-6 14:34:50-debug: run build task 填充脚本数据到 settings.json success in 1 ms √13%
2023-6-6 14:34:50-debug: // ---- build task 填充场景数据到 settings.json ----
2023-6-6 14:34:50-debug: 填充场景数据到 settings.json start13%
2023-6-6 14:34:50-debug: // ---- build task 填充场景数据到 settings.json ---- (1ms)
2023-6-6 14:34:50-debug: Process: heapTotal 199.82MB heapUsed 188.05MB rss 517.41MB
2023-6-6 14:34:50-debug: run build task 填充场景数据到 settings.json success in 1 ms √14%
2023-6-6 14:34:50-debug: 整理资源分组，生成 packedAssets 以及 rawAssets 数据 start14%
2023-6-6 14:34:50-debug: // ---- build task 整理资源分组，生成 packedAssets 以及 rawAssets 数据 ----
2023-6-6 14:34:50-debug: Process: heapTotal 199.82MB heapUsed 187.42MB rss 516.71MB
2023-6-6 14:34:50-debug: // ---- build task 整理资源分组，生成 packedAssets 以及 rawAssets 数据 ---- (1ms)
2023-6-6 14:34:50-debug: run build task 整理资源分组，生成 packedAssets 以及 rawAssets 数据 success in 1 ms √14%
2023-6-6 14:34:50-debug: 从 suffixMap 生成 md5AssetsMap 到 settings.json start14%
2023-6-6 14:34:50-debug: // ---- build task 从 suffixMap 生成 md5AssetsMap 到 settings.json ----
2023-6-6 14:34:50-debug: Process: heapTotal 199.82MB heapUsed 187.48MB rss 516.77MB
2023-6-6 14:34:50-debug: options.md5Cache is false.
2023-6-6 14:34:50-debug: // ---- build task 从 suffixMap 生成 md5AssetsMap 到 settings.json ---- (1ms)
2023-6-6 14:34:50-debug: run build task 从 suffixMap 生成 md5AssetsMap 到 settings.json success in 1 ms √15%
2023-6-6 14:34:50-debug: Query all assets info in project
2023-6-6 14:34:50-debug: BuildAssetLibrary query-assets with assets 540
2023-6-6 14:34:50-debug: init custom config: keepNodeUuid: false, useCache: true
2023-6-6 14:34:50-debug:   Number of other assets: 385
2023-6-6 14:34:50-debug: 查询 Asset Bundle start0%
2023-6-6 14:34:50-debug: // ---- build task 查询 Asset Bundle ----
2023-6-6 14:34:50-debug: Process: heapTotal 200.82MB heapUsed 187.97MB rss 517.98MB
2023-6-6 14:34:50-debug:   Number of all scenes: 1
2023-6-6 14:34:50-debug:   Number of all scripts: 5
2023-6-6 14:34:50-debug: // ---- build task 查询 Asset Bundle ---- (6ms)
2023-6-6 14:34:50-debug: run build task 查询 Asset Bundle success in 6 ms √3%
2023-6-6 14:34:50-debug: // ---- build task 查询使用的资源以及资源包配置 ----
2023-6-6 14:34:50-debug: 查询使用的资源以及资源包配置 start3%
2023-6-6 14:34:50-debug: Process: heapTotal 200.82MB heapUsed 188.29MB rss 518.54MB
2023-6-6 14:34:50-debug: init bundle assets
2023-6-6 14:34:50-debug: Query preload assets from cc.config.json: 60f7195c-ec2a-45eb-ba94-8955f60e81d0,1c02ae6f-4492-4915-b8f8-7492a3b1e4cd,810e96e4-e456-4468-9b59-f4e8f39732c0,efe8e2a3-eace-427b-b4f1-cb8a937ec77d,e9aa9a3e-5b2b-4ac7-a2c7-073de2b2b24f,8bbdbcdd-5cd4-4100-b6d5-b7c9625b6107,50f4348b-c883-4e2f-8f11-ce233b859fa1,fda095cb-831d-4601-ad94-846013963de8,f92806d7-1768-443f-afe8-12bcde84d0f0,dd3a144d-ab7f-41f0-82b8-2e43a090d496,f0416e68-0200-4b77-a926-4f9d16e494da,1baf0fc9-befa-459c-8bdd-af1a450a0319,511d2633-09a7-4bdd-ac42-f778032124b3,5d45aa00-e064-4938-b314-4265f0c2258c,28d6d6b8-3f66-4a73-9795-17a0852ba2d4,ec8106fe-05bf-4e94-943c-e0d3b7bb5e45,620b6bf3-0369-4560-837f-2a2c00b73c26,2df0a40b-26c2-47ce-be0d-4d3cd4164737,ff9be190-20a4-4e48-b68c-76e3c7cff085,970b0598-bcb0-4714-91fb-2e81440dccd8,bcd64cc6-2dd9-43f6-abbe-66318d332032,d930590d-bb92-4cc8-8bd1-23cd027f9edf,a3cd009f-0ab0-420d-9278-b9fdab939bbc,9361fd90-ba52-4f84-aa93-6e878fd576ca,c27215d8-6835-4b68-bfbb-bdeac6100c04,b5d6115f-0370-4d7c-aad3-c194cc71cf98,d1346436-ac96-4271-b863-1f4fdead95b0,971bdb23-3ff6-43eb-b422-1c30165a3663,17debcc3-0a6b-4b8a-b00b-dc58b885581e,711ebe11-f673-4cd9-9a83-63c60ba54c5b,c0143906-9aed-447e-9436-2ae8512d1b6e,14da1725-c4c2-42b4-ab08-ee0aeb6898b3,081cab31-dccd-428e-8652-f2404cc81c47,78e0584a-4343-4727-8f37-e14e65c2a2db,ba21476f-2866-4f81-9c4d-6e359316e448,871c3b6c-7379-419d-bda3-794b239ab90d,1d08ef62-a503-4ce2-8b9a-46c90873f7d3
2023-6-6 14:34:50-debug: Number of scenes: 1
2023-6-6 14:34:50-debug: // ---- build task 查询使用的资源以及资源包配置 ---- (3ms)
2023-6-6 14:34:50-debug: run build task 查询使用的资源以及资源包配置 success in 3 ms √7%
2023-6-6 14:34:50-debug: Process: heapTotal 200.82MB heapUsed 188.44MB rss 518.54MB
2023-6-6 14:34:50-debug: 整理脚本分组与脚本数据 start7%
2023-6-6 14:34:50-debug: // ---- build task 整理脚本分组与脚本数据 ----
2023-6-6 14:34:50-debug: sort script group...
2023-6-6 14:34:50-debug: // ---- build task 整理脚本分组与脚本数据 ---- (1ms)
2023-6-6 14:34:50-debug: run build task 整理脚本分组与脚本数据 success in 1 ms √10%
2023-6-6 14:34:50-debug: Process: heapTotal 200.82MB heapUsed 188.48MB rss 518.55MB
2023-6-6 14:34:50-debug: // ---- build task 初始化 settings.json 与 config.json ----
2023-6-6 14:34:50-debug: 初始化 settings.json 与 config.json start10%
2023-6-6 14:34:50-debug: // ---- build task 初始化 settings.json 与 config.json ---- (1ms)
2023-6-6 14:34:50-debug: run build task 初始化 settings.json 与 config.json success in 1 ms √11%
2023-6-6 14:34:50-debug: builder.tasks.settings.macro start11%
2023-6-6 14:34:50-debug: builder.tasks.settings.macro 字段未在编辑器多语言内定义
2023-6-6 14:34:50-debug: // ---- build task builder.tasks.settings.macro ----
2023-6-6 14:34:50-debug: Process: heapTotal 200.82MB heapUsed 188.52MB rss 518.55MB
2023-6-6 14:34:50-debug: // ---- build task builder.tasks.settings.macro ---- (1ms)
2023-6-6 14:34:50-debug: run build task builder.tasks.settings.macro success in 1 ms √11%
2023-6-6 14:34:50-debug: // ---- build task 整理部分构建选项内数据到 settings.json ----
2023-6-6 14:34:50-debug: 整理部分构建选项内数据到 settings.json start11%
2023-6-6 14:34:50-debug: Process: heapTotal 200.82MB heapUsed 188.55MB rss 518.55MB
2023-6-6 14:34:50-debug: // ---- build task 整理部分构建选项内数据到 settings.json ---- (3ms)
2023-6-6 14:34:50-debug: run build task 整理部分构建选项内数据到 settings.json success in 3 ms √12%
2023-6-6 14:34:50-debug: // ---- build task custom joint texture layouts ----
2023-6-6 14:34:50-debug: Process: heapTotal 200.82MB heapUsed 188.63MB rss 518.55MB
2023-6-6 14:34:50-debug: custom joint texture layouts start12%
2023-6-6 14:34:50-debug: // ---- build task custom joint texture layouts ---- (1ms)
2023-6-6 14:34:50-debug: run build task custom joint texture layouts success in 1 ms √12%
2023-6-6 14:34:50-debug: // ---- build task custom joint physics ----
2023-6-6 14:34:50-debug: custom joint physics start12%
2023-6-6 14:34:50-debug: Process: heapTotal 200.82MB heapUsed 188.66MB rss 518.56MB
2023-6-6 14:34:50-debug: run build task custom joint physics success in 0 ms √13%
2023-6-6 14:34:50-debug: // ---- build task 填充脚本数据到 settings.json ----
2023-6-6 14:34:50-debug: 填充脚本数据到 settings.json start13%
2023-6-6 14:34:50-debug: Process: heapTotal 202.82MB heapUsed 188.00MB rss 518.66MB
2023-6-6 14:34:50-debug: // ---- build task 填充脚本数据到 settings.json ---- (1ms)
2023-6-6 14:34:50-debug: run build task 填充脚本数据到 settings.json success in 1 ms √13%
2023-6-6 14:34:50-debug: 填充场景数据到 settings.json start13%
2023-6-6 14:34:50-debug: Process: heapTotal 202.82MB heapUsed 188.04MB rss 518.67MB
2023-6-6 14:34:50-debug: // ---- build task 填充场景数据到 settings.json ----
2023-6-6 14:34:50-debug: // ---- build task 填充场景数据到 settings.json ---- (1ms)
2023-6-6 14:34:50-debug: run build task 填充场景数据到 settings.json success in 1 ms √14%
2023-6-6 14:34:50-debug: // ---- build task 整理资源分组，生成 packedAssets 以及 rawAssets 数据 ----
2023-6-6 14:34:50-debug: Process: heapTotal 202.82MB heapUsed 188.07MB rss 518.68MB
2023-6-6 14:34:50-debug: 整理资源分组，生成 packedAssets 以及 rawAssets 数据 start14%
2023-6-6 14:34:50-debug: // ---- build task 整理资源分组，生成 packedAssets 以及 rawAssets 数据 ---- (1ms)
2023-6-6 14:34:50-debug: run build task 整理资源分组，生成 packedAssets 以及 rawAssets 数据 success in 1 ms √14%
2023-6-6 14:34:50-debug: Process: heapTotal 202.82MB heapUsed 188.11MB rss 518.68MB
2023-6-6 14:34:50-debug: 从 suffixMap 生成 md5AssetsMap 到 settings.json start14%
2023-6-6 14:34:50-debug: // ---- build task 从 suffixMap 生成 md5AssetsMap 到 settings.json ----
2023-6-6 14:34:50-debug: options.md5Cache is false.
2023-6-6 14:34:50-debug: // ---- build task 从 suffixMap 生成 md5AssetsMap 到 settings.json ---- (1ms)
2023-6-6 14:34:50-debug: run build task 从 suffixMap 生成 md5AssetsMap 到 settings.json success in 1 ms √15%
2023-6-6 14:34:53-debug: refresh db internal success
2023-6-6 14:34:53-debug: asset-db:worker-effect-data-processing (240ms)
2023-6-6 14:34:53-debug: refresh db assets success
2023-6-6 14:34:53-debug: asset-db:refresh-all-database (416ms)
2023-6-6 14:36:06-debug: refresh db internal success
2023-6-6 14:36:06-debug: asset-db:worker-effect-data-processing (229ms)
2023-6-6 14:36:06-debug: refresh db assets success
2023-6-6 14:36:06-debug: asset-db:refresh-all-database (408ms)
