2022-02-07 11:19:55-log: [Package] menu@1.0.0 enable
2022-02-07 11:19:55-log: [Package] profile@1.0.0 enable
2022-02-07 11:19:55-log: [Package] project@1.0.1 enable
2022-02-07 11:19:55-log: [Package] messages@1.0.0 enable
2022-02-07 11:19:55-log: [Package] program@1.0.0 enable
2022-02-07 11:19:55-log: [Package] device@1.0.1 enable
2022-02-07 11:19:55-log: [Package] ui-kit@1.0.1 enable
2022-02-07 11:19:55-log: [Package] tester@1.0.0 enable
2022-02-07 11:19:55-log: [Package] preferences@1.0.0 enable
2022-02-07 11:19:56-log: Setup mods mgr.: 259.985ms
2022-02-07 11:19:56-log: Profile changed: engine (modules.includeModules: base,gfx-webgl,gfx-webgl2,3d,2d,ui,particle,physics-ammo,physics-2d-box2d,intersection-2d,primitive,profiler,particle-2d,audio,video,webview,tween,terrain,tiled-map,spine,dragon-bones,marionette)
2022-02-07 11:19:56-log: [Package] engine@1.0.5 enable
2022-02-07 11:19:59-log: [Package] programming@1.0.0 enable
2022-02-07 11:19:59-log: [Package] engine-extends@1.0.0 enable
2022-02-07 11:19:59-log: [Package] asset-db@1.0.0 enable
2022-02-07 11:19:59-log: [Package] console@1.0.0 enable
2022-02-07 11:20:00-log: [Package] scene@1.0.0 enable
2022-02-07 11:20:00-log: [Package] about@1.0.0 enable
2022-02-07 11:20:00-log: [Package] server@1.0.0 enable
2022-02-07 11:20:00-log: [Package] utils@1.0.0 enable
2022-02-07 11:20:00-log: [Package] assets@1.0.0 enable
2022-02-07 11:20:00-log: [Package] inspector@1.0.0 enable
2022-02-07 11:20:00-log: [Package] hierarchy@1.0.0 enable
2022-02-07 11:20:02-log: [Package] preview@1.0.1 enable
2022-02-07 11:20:02-log: [Package] animator@1.0.0 enable
2022-02-07 11:20:04-log: Profile changed: builder (log.level: 4)
2022-02-07 11:20:04-log: [Package] builder@1.3.0 enable
2022-02-07 11:20:04-log: [Package] node-library@1.0.0 enable
2022-02-07 11:20:04-log: [Package] shortcuts@1.0.1 enable
2022-02-07 11:20:04-log: [Package] package-asset@1.0.0 enable
2022-02-07 11:20:04-log: [Package] reference-image@1.0.0 enable
2022-02-07 11:20:04-log: [Package] animation-graph@1.0.0 enable
2022-02-07 11:20:04-log: [Package] channel-upload-tools@1.0.0 enable
2022-02-07 11:20:04-log: [Package] runtime-dev-tools@1.0.0 enable
2022-02-07 11:20:04-log: [Package] lightmap@1.0.4 enable
2022-02-07 11:20:04-log: [Package] alipay-mini-game@1.0.0 enable
2022-02-07 11:20:04-log: [Package] android@1.0.0 enable
2022-02-07 11:20:05-log: [Package] baidu-mini-game@1.0.0 enable
2022-02-07 11:20:05-log: [Package] bytedance-mini-game@1.0.1 enable
2022-02-07 11:20:05-log: [Package] huawei-agc@1.0.0 enable
2022-02-07 11:20:05-log: [Package] ios@1.0.0 enable
2022-02-07 11:20:05-log: [Package] ios-app-clip@1.0.0 enable
2022-02-07 11:20:05-log: [Package] mac@1.0.0 enable
2022-02-07 11:20:05-log: [Package] native@1.0.0 enable
2022-02-07 11:20:05-log: [Package] ohos@1.0.0 enable
2022-02-07 11:20:05-log: [Package] web-desktop@1.0.0 enable
2022-02-07 11:20:05-log: [Package] web-mobile@1.0.0 enable
2022-02-07 11:20:05-log: [Package] wechatgame@1.0.1 enable
2022-02-07 11:20:05-log: [Package] windows@1.0.0 enable
2022-02-07 11:20:05-log: [Package] xiaomi-quick-game@1.0.0 enable
2022-02-07 11:20:05-log: [Package] cocos-play@1.0.0 enable
2022-02-07 11:20:05-log: [Package] huawei-quick-game@1.0.0 enable
2022-02-07 11:20:05-log: [Package] link-sure@1.0.0 enable
2022-02-07 11:20:05-log: [Package] oppo-mini-game@1.0.0 enable
2022-02-07 11:20:05-log: [Package] qtt@1.0.0 enable
2022-02-07 11:20:05-log: [Package] vivo-mini-game@1.0.0 enable
2022-02-07 11:20:06-log: [Package] cocos-service@3.0.2 enable
2022-02-07 11:20:06-log: [Package] importer@1.0.0 enable
2022-02-07 11:20:06-log: [Package] extension@3.0.15 enable
2022-02-07 11:20:07-log: [Im-plugin] Check im-plugin version.
2022-02-07 11:20:07-log: [Package] im-plugin@3.0.8 enable
2022-02-07 11:20:08-log: [Im-plugin] Im-plugin online version is 3.0.8.
2022-02-07 11:20:08-log: [Im-plugin] Im-plugin local version is 3.0.8.
2022-02-07 11:20:08-log: [Im-plugin] Im-plugin need not update.
2022-02-07 11:20:11-warn: [Asset DB] 未支持的 GLTF 扩展：KHR_materials_pbrSpecularGlossiness {asset(8dddbce3-645c-4b65-9d40-5c8c922658e0)}
2022-02-07 11:20:11-warn: [Asset DB] 未支持的 GLTF 扩展：KHR_materials_pbrSpecularGlossiness {asset(8dddbce3-645c-4b65-9d40-5c8c922658e0)}
2022-02-07 11:20:12-log: [Scene] begin init
2022-02-07 11:20:12-log: [Scene] require engine end
2022-02-07 11:20:12-log: [Scene] Serialize end
2022-02-07 11:20:12-log: [Scene] configureStartup end
2022-02-07 11:20:12-log: [Scene] Cocos Creator v3.4.1
2022-02-07 11:20:13-info: [Scene] Forward render pipeline initialized.
2022-02-07 11:20:13-log: [Scene] openEngine end
2022-02-07 11:20:13-log: [Scene] configureEngine end
2022-02-07 11:23:25-warn: [Asset DB] 未支持的 GLTF 扩展：KHR_materials_pbrSpecularGlossiness {asset(8dddbce3-645c-4b65-9d40-5c8c922658e0)}
