debug: Wed, 05 Jan 2022 07:15:58 GMT
debug: Project: F:\GitHub\ZheFengZhang\CococsCreator public technology solutions\demo\Creator3.4.0_PartialScreenshot
debug: Targets: editor,preview
debug: Packer deriver version file lost or format incorrect: Error: ENOENT: no such file or directory, open 'F:\GitHub\ZheFengZhang\CococsCreator public technology solutions\demo\Creator3.4.0_PartialScreenshot\temp\programming\packer-driver\VERSION'
debug: Clearing out the targets...
debug: Engine path: D:\CocosDashboard_1.0.10\resources\.editors\Creator\3.4.0\resources\resources\3d\engine
debug: Initializing target [Editor]
debug: Loading cache
debug: Module record file loaded failed with error: Error: ENOENT: no such file or directory, open 'F:\GitHub\ZheFengZhang\CococsCreator public technology solutions\demo\Creator3.4.0_PartialScreenshot\temp\programming\packer-driver\targets\editor\modules.json'
debug: Loading cache costs 0.5069000013172626ms.
debug: Engine features shipped in editor: base,gfx-webgl,gfx-webgl2,3d,2d,ui,particle,particle-2d,physics-framework,physics-2d-framework,intersection-2d,primitive,profiler,audio,video,terrain,webview,tween,tiled-map,spine,dragon-bones,marionette
debug: Initializing target [Preview]
debug: Loading cache
debug: Module record file loaded failed with error: Error: ENOENT: no such file or directory, open 'F:\GitHub\ZheFengZhang\CococsCreator public technology solutions\demo\Creator3.4.0_PartialScreenshot\temp\programming\packer-driver\targets\preview\modules.json'
debug: Loading cache costs 0.43979999981820583ms.
debug: Sync engine features: base,gfx-webgl,gfx-webgl2,3d,2d,ui,primitive,profiler,marionette
debug: Pulling asset-db.
debug: Fetch asset-db cost: 16.122899999842048ms.
debug: Build iteration starts.
Number of accumulated asset changes: 2
Feature changed: false
debug: Target(editor) build started.
debug: Inspect cce:/internal/x/cc
debug: Resolve cce:/internal/x/cc-fu/base from cce:/internal/x/cc as external dependency cce:/internal/x/cc-fu/base.
debug: Resolve cce:/internal/x/cc-fu/gfx-webgl from cce:/internal/x/cc as external dependency cce:/internal/x/cc-fu/gfx-webgl.
debug: Resolve cce:/internal/x/cc-fu/gfx-webgl2 from cce:/internal/x/cc as external dependency cce:/internal/x/cc-fu/gfx-webgl2.
debug: Resolve cce:/internal/x/cc-fu/3d from cce:/internal/x/cc as external dependency cce:/internal/x/cc-fu/3d.
debug: Resolve cce:/internal/x/cc-fu/2d from cce:/internal/x/cc as external dependency cce:/internal/x/cc-fu/2d.
debug: Resolve cce:/internal/x/cc-fu/ui from cce:/internal/x/cc as external dependency cce:/internal/x/cc-fu/ui.
debug: Resolve cce:/internal/x/cc-fu/particle from cce:/internal/x/cc as external dependency cce:/internal/x/cc-fu/particle.
debug: Resolve cce:/internal/x/cc-fu/particle-2d from cce:/internal/x/cc as external dependency cce:/internal/x/cc-fu/particle-2d.
debug: Resolve cce:/internal/x/cc-fu/physics-framework from cce:/internal/x/cc as external dependency cce:/internal/x/cc-fu/physics-framework.
debug: Resolve cce:/internal/x/cc-fu/physics-2d-framework from cce:/internal/x/cc as external dependency cce:/internal/x/cc-fu/physics-2d-framework.
debug: Resolve cce:/internal/x/cc-fu/intersection-2d from cce:/internal/x/cc as external dependency cce:/internal/x/cc-fu/intersection-2d.
debug: Resolve cce:/internal/x/cc-fu/primitive from cce:/internal/x/cc as external dependency cce:/internal/x/cc-fu/primitive.
debug: Resolve cce:/internal/x/cc-fu/profiler from cce:/internal/x/cc as external dependency cce:/internal/x/cc-fu/profiler.
debug: Resolve cce:/internal/x/cc-fu/audio from cce:/internal/x/cc as external dependency cce:/internal/x/cc-fu/audio.
debug: Resolve cce:/internal/x/cc-fu/video from cce:/internal/x/cc as external dependency cce:/internal/x/cc-fu/video.
debug: Resolve cce:/internal/x/cc-fu/terrain from cce:/internal/x/cc as external dependency cce:/internal/x/cc-fu/terrain.
debug: Resolve cce:/internal/x/cc-fu/webview from cce:/internal/x/cc as external dependency cce:/internal/x/cc-fu/webview.
debug: Resolve cce:/internal/x/cc-fu/tween from cce:/internal/x/cc as external dependency cce:/internal/x/cc-fu/tween.
debug: Resolve cce:/internal/x/cc-fu/tiled-map from cce:/internal/x/cc as external dependency cce:/internal/x/cc-fu/tiled-map.
debug: Resolve cce:/internal/x/cc-fu/spine from cce:/internal/x/cc as external dependency cce:/internal/x/cc-fu/spine.
debug: Resolve cce:/internal/x/cc-fu/dragon-bones from cce:/internal/x/cc as external dependency cce:/internal/x/cc-fu/dragon-bones.
debug: Inspect cce:/internal/x/prerequisite-imports
debug: Resolve file:///F:/GitHub/ZheFengZhang/CococsCreator%20public%20technology%20solutions/demo/Creator3.4.0_PartialScreenshot/assets/script/Canvas2Image.ts from cce:/internal/x/prerequisite-imports as file:///F:/GitHub/ZheFengZhang/CococsCreator%20public%20technology%20solutions/demo/Creator3.4.0_PartialScreenshot/assets/script/Canvas2Image.ts.
debug: Resolve file:///F:/GitHub/ZheFengZhang/CococsCreator%20public%20technology%20solutions/demo/Creator3.4.0_PartialScreenshot/assets/script/Screenshot2D.ts from cce:/internal/x/prerequisite-imports as file:///F:/GitHub/ZheFengZhang/CococsCreator%20public%20technology%20solutions/demo/Creator3.4.0_PartialScreenshot/assets/script/Screenshot2D.ts.
debug: Inspect file:///F:/GitHub/ZheFengZhang/CococsCreator%20public%20technology%20solutions/demo/Creator3.4.0_PartialScreenshot/assets/script/Canvas2Image.ts
debug: Inspect file:///F:/GitHub/ZheFengZhang/CococsCreator%20public%20technology%20solutions/demo/Creator3.4.0_PartialScreenshot/assets/script/Screenshot2D.ts
debug: Resolve cce:/internal/code-quality/cr.mjs from file:///F:/GitHub/ZheFengZhang/CococsCreator%20public%20technology%20solutions/demo/Creator3.4.0_PartialScreenshot/assets/script/Screenshot2D.ts as cce:/internal/code-quality/cr.mjs.
debug: Resolve cc from file:///F:/GitHub/ZheFengZhang/CococsCreator%20public%20technology%20solutions/demo/Creator3.4.0_PartialScreenshot/assets/script/Screenshot2D.ts as cce:/internal/x/cc.
debug: Resolve cc from file:///F:/GitHub/ZheFengZhang/CococsCreator%20public%20technology%20solutions/demo/Creator3.4.0_PartialScreenshot/assets/script/Screenshot2D.ts as cce:/internal/x/cc.
debug: Inspect cce:/internal/code-quality/cr.mjs
debug: Resolve cc from file:///F:/GitHub/ZheFengZhang/CococsCreator%20public%20technology%20solutions/demo/Creator3.4.0_PartialScreenshot/assets/script/Canvas2Image.ts as cce:/internal/x/cc.
debug: Resolve cc from file:///F:/GitHub/ZheFengZhang/CococsCreator%20public%20technology%20solutions/demo/Creator3.4.0_PartialScreenshot/assets/script/Canvas2Image.ts as cce:/internal/x/cc.
debug: Resolve ./Canvas2Image from file:///F:/GitHub/ZheFengZhang/CococsCreator%20public%20technology%20solutions/demo/Creator3.4.0_PartialScreenshot/assets/script/Screenshot2D.ts as file:///F:/GitHub/ZheFengZhang/CococsCreator%20public%20technology%20solutions/demo/Creator3.4.0_PartialScreenshot/assets/script/Canvas2Image.ts.
debug: Target(editor) ends with cost 460.28319999948144ms.
debug: Target(preview) build started.
debug: Inspect cce:/internal/x/cc
debug: Resolve cce:/internal/x/cc-fu/base from cce:/internal/x/cc as external dependency cce:/internal/x/cc-fu/base.
debug: Resolve cce:/internal/x/cc-fu/gfx-webgl from cce:/internal/x/cc as external dependency cce:/internal/x/cc-fu/gfx-webgl.
debug: Resolve cce:/internal/x/cc-fu/gfx-webgl2 from cce:/internal/x/cc as external dependency cce:/internal/x/cc-fu/gfx-webgl2.
debug: Resolve cce:/internal/x/cc-fu/3d from cce:/internal/x/cc as external dependency cce:/internal/x/cc-fu/3d.
debug: Resolve cce:/internal/x/cc-fu/2d from cce:/internal/x/cc as external dependency cce:/internal/x/cc-fu/2d.
debug: Resolve cce:/internal/x/cc-fu/ui from cce:/internal/x/cc as external dependency cce:/internal/x/cc-fu/ui.
debug: Resolve cce:/internal/x/cc-fu/primitive from cce:/internal/x/cc as external dependency cce:/internal/x/cc-fu/primitive.
debug: Resolve cce:/internal/x/cc-fu/profiler from cce:/internal/x/cc as external dependency cce:/internal/x/cc-fu/profiler.
debug: Inspect cce:/internal/x/prerequisite-imports
debug: Resolve file:///F:/GitHub/ZheFengZhang/CococsCreator%20public%20technology%20solutions/demo/Creator3.4.0_PartialScreenshot/assets/script/Canvas2Image.ts from cce:/internal/x/prerequisite-imports as file:///F:/GitHub/ZheFengZhang/CococsCreator%20public%20technology%20solutions/demo/Creator3.4.0_PartialScreenshot/assets/script/Canvas2Image.ts.
debug: Resolve file:///F:/GitHub/ZheFengZhang/CococsCreator%20public%20technology%20solutions/demo/Creator3.4.0_PartialScreenshot/assets/script/Screenshot2D.ts from cce:/internal/x/prerequisite-imports as file:///F:/GitHub/ZheFengZhang/CococsCreator%20public%20technology%20solutions/demo/Creator3.4.0_PartialScreenshot/assets/script/Screenshot2D.ts.
debug: Inspect file:///F:/GitHub/ZheFengZhang/CococsCreator%20public%20technology%20solutions/demo/Creator3.4.0_PartialScreenshot/assets/script/Canvas2Image.ts
debug: Inspect file:///F:/GitHub/ZheFengZhang/CococsCreator%20public%20technology%20solutions/demo/Creator3.4.0_PartialScreenshot/assets/script/Screenshot2D.ts
debug: Resolve cc from file:///F:/GitHub/ZheFengZhang/CococsCreator%20public%20technology%20solutions/demo/Creator3.4.0_PartialScreenshot/assets/script/Canvas2Image.ts as cce:/internal/x/cc.
debug: Resolve cc from file:///F:/GitHub/ZheFengZhang/CococsCreator%20public%20technology%20solutions/demo/Creator3.4.0_PartialScreenshot/assets/script/Canvas2Image.ts as cce:/internal/x/cc.
debug: Resolve cce:/internal/code-quality/cr.mjs from file:///F:/GitHub/ZheFengZhang/CococsCreator%20public%20technology%20solutions/demo/Creator3.4.0_PartialScreenshot/assets/script/Screenshot2D.ts as cce:/internal/code-quality/cr.mjs.
debug: Resolve cc from file:///F:/GitHub/ZheFengZhang/CococsCreator%20public%20technology%20solutions/demo/Creator3.4.0_PartialScreenshot/assets/script/Screenshot2D.ts as cce:/internal/x/cc.
debug: Resolve cc from file:///F:/GitHub/ZheFengZhang/CococsCreator%20public%20technology%20solutions/demo/Creator3.4.0_PartialScreenshot/assets/script/Screenshot2D.ts as cce:/internal/x/cc.
debug: Inspect cce:/internal/code-quality/cr.mjs
debug: Resolve ./Canvas2Image from file:///F:/GitHub/ZheFengZhang/CococsCreator%20public%20technology%20solutions/demo/Creator3.4.0_PartialScreenshot/assets/script/Screenshot2D.ts as file:///F:/GitHub/ZheFengZhang/CococsCreator%20public%20technology%20solutions/demo/Creator3.4.0_PartialScreenshot/assets/script/Canvas2Image.ts.
debug: Target(preview) ends with cost 385.1307999994606ms.
